#
# A fatal error has been detected by the Java Runtime Environment:
#
#  EXCEPTION_ACCESS_VIOLATION (0xc0000005) at pc=0x00007ff9462eceda, pid=5916, tid=6584
#
# JRE version: OpenJDK Runtime Environment Temurin-17.0.17+10 (17.0.17+10) (build 17.0.17+10)
# Java VM: OpenJDK 64-Bit Server VM Temurin-17.0.17+10 (17.0.17+10, mixed mode, sharing, tiered, compressed oops, compressed class ptrs, g1 gc, windows-amd64)
# Problematic frame:
# V  [jvm.dll+0x75ceda]
#
# No core dump will be written. Minidumps are not enabled by default on client versions of Windows
#
# If you would like to submit a bug report, please visit:
#   https://github.com/adoptium/adoptium-support/issues
#

---------------  S U M M A R Y ------------

Command Line: --enable-native-access=ALL-UNNAMED -Dclassworlds.conf=C:\ProgramData\chocolatey\lib\maven\apache-maven-3.9.11\bin\m2.conf -Dmaven.home=C:\ProgramData\chocolatey\lib\maven\apache-maven-3.9.11 -Dlibrary.jansi.path=C:\ProgramData\chocolatey\lib\maven\apache-maven-3.9.11\lib\jansi-native -Dmaven.multiModuleProjectDirectory=C:\Users\cypri\Desktop\apps\sadec org.codehaus.plexus.classworlds.launcher.Launcher clean compile

Host: Intel(R) Core(TM) i3-2120 CPU @ 3.30GHz, 4 cores, 3G,  Windows 10 , 64 bit Build 19041 (10.0.19041.5915)
Time: Sat Feb 21 20:52:44 2026 South Africa Standard Time elapsed time: 97.375697 seconds (0d 0h 1m 37s)

---------------  T H R E A D  ---------------

Current thread (0x0000022a784bfb70):  JavaThread "main" [_thread_in_vm, id=6584, stack(0x000000bdc5a00000,0x000000bdc5b00000)]

Stack: [0x000000bdc5a00000,0x000000bdc5b00000],  sp=0x000000bdc5af9120,  free space=996k
Native frames: (J=compiled Java code, j=interpreted, Vv=VM code, C=native code)
V  [jvm.dll+0x75ceda]
V  [jvm.dll+0x82bd10]
V  [jvm.dll+0x827fd1]
V  [jvm.dll+0x37579b]
V  [jvm.dll+0x374834]
V  [jvm.dll+0x3747d8]
V  [jvm.dll+0x38488a]
C  0x0000022a0f00b82e

The last pc belongs to new (printed below).
Java frames: (J=compiled Java code, j=interpreted, Vv=VM code)
j  com.sun.tools.javac.tree.TreeMaker.TypeApply(Lcom/sun/tools/javac/tree/JCTree$JCExpression;Lcom/sun/tools/javac/util/List;)Lcom/sun/tools/javac/tree/JCTree$JCTypeApply;+0 jdk.compiler@17.0.17
j  com.sun.tools.javac.parser.JavacParser.typeArguments(Lcom/sun/tools/javac/tree/JCTree$JCExpression;Z)Lcom/sun/tools/javac/tree/JCTree$JCTypeApply;+27 jdk.compiler@17.0.17
j  com.sun.tools.javac.parser.JavacParser.typeArgumentsOpt(Lcom/sun/tools/javac/tree/JCTree$JCExpression;)Lcom/sun/tools/javac/tree/JCTree$JCExpression;+38 jdk.compiler@17.0.17
j  com.sun.tools.javac.parser.JavacParser.term3()Lcom/sun/tools/javac/tree/JCTree$JCExpression;+2376 jdk.compiler@17.0.17
j  com.sun.tools.javac.parser.JavacParser.term2()Lcom/sun/tools/javac/tree/JCTree$JCExpression;+1 jdk.compiler@17.0.17
j  com.sun.tools.javac.parser.JavacParser.term1()Lcom/sun/tools/javac/tree/JCTree$JCExpression;+1 jdk.compiler@17.0.17
j  com.sun.tools.javac.parser.JavacParser.term()Lcom/sun/tools/javac/tree/JCTree$JCExpression;+1 jdk.compiler@17.0.17
j  com.sun.tools.javac.parser.JavacParser.term(I)Lcom/sun/tools/javac/tree/JCTree$JCExpression;+11 jdk.compiler@17.0.17
j  com.sun.tools.javac.parser.JavacParser.unannotatedType(Z)Lcom/sun/tools/javac/tree/JCTree$JCExpression;+2 jdk.compiler@17.0.17
j  com.sun.tools.javac.parser.JavacParser.parseType(ZLcom/sun/tools/javac/util/List;)Lcom/sun/tools/javac/tree/JCTree$JCExpression;+2 jdk.compiler@17.0.17
j  com.sun.tools.javac.parser.JavacParser.typeArgument()Lcom/sun/tools/javac/tree/JCTree$JCExpression;+21 jdk.compiler@17.0.17
j  com.sun.tools.javac.parser.JavacParser.typeArguments(Z)Lcom/sun/tools/javac/util/List;+79 jdk.compiler@17.0.17
j  com.sun.tools.javac.parser.JavacParser.typeArguments(Lcom/sun/tools/javac/tree/JCTree$JCExpression;Z)Lcom/sun/tools/javac/tree/JCTree$JCTypeApply;+10 jdk.compiler@17.0.17
j  com.sun.tools.javac.parser.JavacParser.typeArgumentsOpt(Lcom/sun/tools/javac/tree/JCTree$JCExpression;)Lcom/sun/tools/javac/tree/JCTree$JCExpression;+38 jdk.compiler@17.0.17
j  com.sun.tools.javac.parser.JavacParser.term3()Lcom/sun/tools/javac/tree/JCTree$JCExpression;+2376 jdk.compiler@17.0.17
j  com.sun.tools.javac.parser.JavacParser.term2()Lcom/sun/tools/javac/tree/JCTree$JCExpression;+1 jdk.compiler@17.0.17
j  com.sun.tools.javac.parser.JavacParser.term1()Lcom/sun/tools/javac/tree/JCTree$JCExpression;+1 jdk.compiler@17.0.17
j  com.sun.tools.javac.parser.JavacParser.term()Lcom/sun/tools/javac/tree/JCTree$JCExpression;+1 jdk.compiler@17.0.17
j  com.sun.tools.javac.parser.JavacParser.term(I)Lcom/sun/tools/javac/tree/JCTree$JCExpression;+11 jdk.compiler@17.0.17
j  com.sun.tools.javac.parser.JavacParser.unannotatedType(Z)Lcom/sun/tools/javac/tree/JCTree$JCExpression;+2 jdk.compiler@17.0.17
j  com.sun.tools.javac.parser.JavacParser.classOrInterfaceOrRecordBodyDeclaration(Lcom/sun/tools/javac/util/Name;ZZ)Lcom/sun/tools/javac/util/List;+433 jdk.compiler@17.0.17
j  com.sun.tools.javac.parser.JavacParser.classInterfaceOrRecordBody(Lcom/sun/tools/javac/util/Name;ZZ)Lcom/sun/tools/javac/util/List;+97 jdk.compiler@17.0.17
j  com.sun.tools.javac.parser.JavacParser.classDeclaration(Lcom/sun/tools/javac/tree/JCTree$JCModifiers;Lcom/sun/tools/javac/parser/Tokens$Comment;)Lcom/sun/tools/javac/tree/JCTree$JCClassDecl;+96 jdk.compiler@17.0.17
j  com.sun.tools.javac.parser.JavacParser.classOrRecordOrInterfaceOrEnumDeclaration(Lcom/sun/tools/javac/tree/JCTree$JCModifiers;Lcom/sun/tools/javac/parser/Tokens$Comment;)Lcom/sun/tools/javac/tree/JCTree$JCStatement;+16 jdk.compiler@17.0.17
j  com.sun.tools.javac.parser.JavacParser.typeDeclaration(Lcom/sun/tools/javac/tree/JCTree$JCModifiers;Lcom/sun/tools/javac/parser/Tokens$Comment;)Lcom/sun/tools/javac/tree/JCTree;+52 jdk.compiler@17.0.17
j  com.sun.tools.javac.parser.JavacParser.parseCompilationUnit()Lcom/sun/tools/javac/tree/JCTree$JCCompilationUnit;+463 jdk.compiler@17.0.17
j  com.sun.tools.javac.main.JavaCompiler.parse(Ljavax/tools/JavaFileObject;Ljava/lang/CharSequence;)Lcom/sun/tools/javac/tree/JCTree$JCCompilationUnit;+123 jdk.compiler@17.0.17
j  com.sun.tools.javac.main.JavaCompiler.parse(Ljavax/tools/JavaFileObject;)Lcom/sun/tools/javac/tree/JCTree$JCCompilationUnit;+16 jdk.compiler@17.0.17
j  com.sun.tools.javac.main.JavaCompiler.parseFiles(Ljava/lang/Iterable;Z)Lcom/sun/tools/javac/util/List;+91 jdk.compiler@17.0.17
j  com.sun.tools.javac.main.JavaCompiler.parseFiles(Ljava/lang/Iterable;)Lcom/sun/tools/javac/util/List;+3 jdk.compiler@17.0.17
j  com.sun.tools.javac.main.JavaCompiler.compile(Ljava/util/Collection;Ljava/util/Collection;Ljava/lang/Iterable;Ljava/util/Collection;)V+292 jdk.compiler@17.0.17
j  com.sun.tools.javac.api.JavacTaskImpl.lambda$doCall$0()Lcom/sun/tools/javac/main/Main$Result;+45 jdk.compiler@17.0.17
j  com.sun.tools.javac.api.JavacTaskImpl$$Lambda$269+0x0000022a1827a3a0.call()Ljava/lang/Object;+4 jdk.compiler@17.0.17
j  com.sun.tools.javac.api.JavacTaskImpl.invocationHelper(Ljava/util/concurrent/Callable;)Lcom/sun/tools/javac/util/Pair;+20 jdk.compiler@17.0.17
j  com.sun.tools.javac.api.JavacTaskImpl.doCall()Lcom/sun/tools/javac/main/Main$Result;+7 jdk.compiler@17.0.17
j  com.sun.tools.javac.api.JavacTaskImpl.call()Ljava/lang/Boolean;+1 jdk.compiler@17.0.17
j  org.codehaus.plexus.compiler.javac.JavaxToolsCompiler.compileInProcess([Ljava/lang/String;Lorg/codehaus/plexus/compiler/CompilerConfiguration;[Ljava/lang/String;)Lorg/codehaus/plexus/compiler/CompilerResult;+136
j  org.codehaus.plexus.compiler.javac.JavacCompiler.performCompile(Lorg/codehaus/plexus/compiler/CompilerConfiguration;)Lorg/codehaus/plexus/compiler/CompilerResult;+137
j  org.apache.maven.plugin.compiler.AbstractCompilerMojo.executeReal()V+3434
j  org.apache.maven.plugin.compiler.AbstractCompilerMojo.execute()V+1
j  org.apache.maven.plugin.compiler.CompilerMojo.execute()V+44
j  org.apache.maven.plugin.DefaultBuildPluginManager.executeMojo(Lorg/apache/maven/execution/MavenSession;Lorg/apache/maven/plugin/MojoExecution;)V+152
j  org.apache.maven.lifecycle.internal.MojoExecutor.doExecute2(Lorg/apache/maven/execution/MavenSession;Lorg/apache/maven/plugin/MojoExecution;)V+20
j  org.apache.maven.lifecycle.internal.MojoExecutor.doExecute(Lorg/apache/maven/execution/MavenSession;Lorg/apache/maven/plugin/MojoExecution;Lorg/apache/maven/lifecycle/internal/ProjectIndex;Lorg/apache/maven/lifecycle/internal/DependencyContext;)V+40
j  org.apache.maven.lifecycle.internal.MojoExecutor.execute(Lorg/apache/maven/execution/MavenSession;Lorg/apache/maven/plugin/MojoExecution;Lorg/apache/maven/lifecycle/internal/ProjectIndex;Lorg/apache/maven/lifecycle/internal/DependencyContext;)V+183
j  org.apache.maven.lifecycle.internal.MojoExecutor.execute(Lorg/apache/maven/execution/MavenSession;Lorg/apache/maven/plugin/MojoExecution;Lorg/apache/maven/lifecycle/internal/ProjectIndex;Lorg/apache/maven/lifecycle/internal/DependencyContext;Lorg/apache/maven/lifecycle/internal/PhaseRecorder;)V+6
j  org.apache.maven.lifecycle.internal.MojoExecutor.access$000(Lorg/apache/maven/lifecycle/internal/MojoExecutor;Lorg/apache/maven/execution/MavenSession;Lorg/apache/maven/plugin/MojoExecution;Lorg/apache/maven/lifecycle/internal/ProjectIndex;Lorg/apache/maven/lifecycle/internal/DependencyContext;Lorg/apache/maven/lifecycle/internal/PhaseRecorder;)V+8
j  org.apache.maven.lifecycle.internal.MojoExecutor$1.run(Lorg/apache/maven/plugin/MojoExecution;)V+21
j  org.apache.maven.plugin.DefaultMojosExecutionStrategy.execute(Ljava/util/List;Lorg/apache/maven/execution/MavenSession;Lorg/apache/maven/plugin/MojoExecutionRunner;)V+33
j  org.apache.maven.lifecycle.internal.MojoExecutor.execute(Lorg/apache/maven/execution/MavenSession;Ljava/util/List;Lorg/apache/maven/lifecycle/internal/ProjectIndex;)V+72
j  org.apache.maven.lifecycle.internal.LifecycleModuleBuilder.buildProject(Lorg/apache/maven/execution/MavenSession;Lorg/apache/maven/execution/MavenSession;Lorg/apache/maven/lifecycle/internal/ReactorContext;Lorg/apache/maven/project/MavenProject;Lorg/apache/maven/lifecycle/internal/TaskSegment;)V+151
j  org.apache.maven.lifecycle.internal.LifecycleModuleBuilder.buildProject(Lorg/apache/maven/execution/MavenSession;Lorg/apache/maven/lifecycle/internal/ReactorContext;Lorg/apache/maven/project/MavenProject;Lorg/apache/maven/lifecycle/internal/TaskSegment;)V+7
j  org.apache.maven.lifecycle.internal.builder.singlethreaded.SingleThreadedBuilder.build(Lorg/apache/maven/execution/MavenSession;Lorg/apache/maven/lifecycle/internal/ReactorContext;Lorg/apache/maven/lifecycle/internal/ProjectBuildList;Ljava/util/List;Lorg/apache/maven/lifecycle/internal/ReactorBuildStatus;)V+77
j  org.apache.maven.lifecycle.internal.LifecycleStarter.execute(Lorg/apache/maven/execution/MavenSession;)V+343
j  org.apache.maven.DefaultMaven.doExecute(Lorg/apache/maven/execution/MavenExecutionRequest;Lorg/apache/maven/execution/MavenSession;Lorg/apache/maven/execution/MavenExecutionResult;Lorg/eclipse/aether/DefaultRepositorySystemSession;)Lorg/apache/maven/execution/MavenExecutionResult;+418
j  org.apache.maven.DefaultMaven.doExecute(Lorg/apache/maven/execution/MavenExecutionRequest;)Lorg/apache/maven/execution/MavenExecutionResult;+98
j  org.apache.maven.DefaultMaven.execute(Lorg/apache/maven/execution/MavenExecutionRequest;)Lorg/apache/maven/execution/MavenExecutionResult;+2
j  org.apache.maven.cli.MavenCli.execute(Lorg/apache/maven/cli/CliRequest;)I+27
j  org.apache.maven.cli.MavenCli.doMain(Lorg/apache/maven/cli/CliRequest;)I+66
j  org.apache.maven.cli.MavenCli.main([Ljava/lang/String;Lorg/codehaus/plexus/classworlds/ClassWorld;)I+24
v  ~StubRoutines::call_stub
j  jdk.internal.reflect.NativeMethodAccessorImpl.invoke0(Ljava/lang/reflect/Method;Ljava/lang/Object;[Ljava/lang/Object;)Ljava/lang/Object;+0 java.base@17.0.17
j  jdk.internal.reflect.NativeMethodAccessorImpl.invoke(Ljava/lang/Object;[Ljava/lang/Object;)Ljava/lang/Object;+133 java.base@17.0.17
j  jdk.internal.reflect.DelegatingMethodAccessorImpl.invoke(Ljava/lang/Object;[Ljava/lang/Object;)Ljava/lang/Object;+6 java.base@17.0.17
j  java.lang.reflect.Method.invoke(Ljava/lang/Object;[Ljava/lang/Object;)Ljava/lang/Object;+59 java.base@17.0.17
j  org.codehaus.plexus.classworlds.launcher.Launcher.launchEnhanced([Ljava/lang/String;)V+45
j  org.codehaus.plexus.classworlds.launcher.Launcher.launch([Ljava/lang/String;)V+2
j  org.codehaus.plexus.classworlds.launcher.Launcher.mainWithExitCode([Ljava/lang/String;)I+108
j  org.codehaus.plexus.classworlds.launcher.Launcher.main([Ljava/lang/String;)V+1
v  ~StubRoutines::call_stub

siginfo: EXCEPTION_ACCESS_VIOLATION (0xc0000005), reading address 0x0000022a59a208e8


Registers:
RAX=0x0000000000000044, RBX=0x0000022a5c5e4290, RCX=0x000000bdc5af9140, RDX=0x0000022a59a20680
RSP=0x000000bdc5af9120, RBP=0x000000bdc5af91e8, RSI=0x000000bdc5afa000, RDI=0x000000bdc5af9300
R8 =0x000000bdc5afa001, R9 =0x0000022a59221020, R10=0x0000022a59220de0, R11=0x000000bdc5af9188
R12=0x000000bdc5afa100, R13=0x0000022a784bfb70, R14=0x0000000000000003, R15=0x0000022a763faeb0
RIP=0x00007ff9462eceda, EFLAGS=0x0000000000010202

XMM[0]=0x3b3b3b3b3b3b3b3b 0x3b3b3b3b3b3b3b3b
XMM[1]=0x0000000000000000 0x0000000000000000
XMM[2]=0x0000000000000000 0x0000000000000000
XMM[3]=0x0000000000000000 0x0000000000000000
XMM[4]=0x0000000000000000 0x0000000000000000
XMM[5]=0x0000000000000000 0x0000000000000000
XMM[6]=0x0000000000000000 0x8080808080808080
XMM[7]=0x0000000000000000 0x00000000000001d1
XMM[8]=0x0000000000000000 0x0000000000002000
XMM[9]=0x0000000000000000 0x00000000c49b4b50
XMM[10]=0x0000000000000000 0x00000000c56cbf08
XMM[11]=0x0000000000000000 0x0000000000000000
XMM[12]=0x0000000000000000 0x0000000000000000
XMM[13]=0x0000000000000000 0x0000000000000000
XMM[14]=0x0000000000000000 0x0000000000000000
XMM[15]=0x0000000000000000 0x0000000000000000
  MXCSR=0x00001fa0


Register to memory mapping:

RIP=0x00007ff9462eceda jvm.dll
RAX=0x0000000000000044 is an unknown value
RBX=0x0000022a5c5e4290 points into unknown readable memory: 0x6f63002b362f0013 | 13 00 2f 36 2b 00 63 6f
RCX=0x000000bdc5af9140 is pointing into the stack for thread: 0x0000022a784bfb70
RDX=0x0000022a59a20680 is pointing into metadata
RSP=0x000000bdc5af9120 is pointing into the stack for thread: 0x0000022a784bfb70
RBP=0x000000bdc5af91e8 is pointing into the stack for thread: 0x0000022a784bfb70
RSI=0x000000bdc5afa000 is pointing into the stack for thread: 0x0000022a784bfb70
RDI=0x000000bdc5af9300 is pointing into the stack for thread: 0x0000022a784bfb70
R8 =0x000000bdc5afa001 is pointing into the stack for thread: 0x0000022a784bfb70
R9 =0x0000022a59221020 is pointing into metadata
R10={method} {0x0000022a59220de8} 'accept' '(Lcom/sun/tools/javac/tree/JCTree$Visitor;)V' in 'com/sun/tools/javac/tree/JCTree$JCTypeApply'
R11=0x000000bdc5af9188 is pointing into the stack for thread: 0x0000022a784bfb70
R12=0x000000bdc5afa100 is pointing into the stack for thread: 0x0000022a784bfb70
R13=0x0000022a784bfb70 is a thread
R14=0x0000000000000003 is an unknown value
R15=0x0000022a763faeb0 points into unknown readable memory: 0x0000000000000002 | 02 00 00 00 00 00 00 00


Top of Stack: (sp=0x000000bdc5af9120)
0x000000bdc5af9120:   0000022a5d3185e0 0000022a5c5e4290
0x000000bdc5af9130:   000000bdc5af9ce0 000000bdc5af92d0
0x000000bdc5af9140:   0000022a784bfb70 00007ff9462ebcb2
0x000000bdc5af9150:   0000000000000000 0000000000000003
0x000000bdc5af9160:   000000bdc5afa100 000000bdc5afc0e0
0x000000bdc5af9170:   000000bdc5afa100 000000bdc5afa000
0x000000bdc5af9180:   000000bdc5af9290 00007ff9463bbd10
0x000000bdc5af9190:   0000000000000003 0000022a59220c98
0x000000bdc5af91a0:   0000000000000003 0000000000000005
0x000000bdc5af91b0:   000000bdc5af9328 000000bdc5af9200
0x000000bdc5af91c0:   0000022a784bfb70 000000bdc5af9310
0x000000bdc5af91d0:   000000bdc5af9328 0000022a5c880980
0x000000bdc5af91e0:   0000022a58020003 0000000000000000
0x000000bdc5af91f0:   0000000000000000 0000000300000003
0x000000bdc5af9200:   000000bd595c6100 0000022a5cfcef90
0x000000bdc5af9210:   0000022a5cfcefb0 000000bdc5afa100
0x000000bdc5af9220:   000000bdc5afc500 000000bdc5afc5b4
0x000000bdc5af9230:   000000bd590da6e0 0000022a5957e8b0
0x000000bdc5af9240:   0000022a5957b8f8 0000022a59325258
0x000000bdc5af9250:   000000bdc5afc4e0 000000bd594e27b8
0x000000bdc5af9260:   000000bd59449b70 0000022a595a83c8
0x000000bdc5af9270:   0000022a595a8000 0000022a59434160
0x000000bdc5af9280:   000000bdc5afc680 000000bdc5afc684
0x000000bdc5af9290:   000000bdc5afc690 000000bdc5afc694
0x000000bdc5af92a0:   000000bdc5afc5c0 000000bdc5afc5c4
0x000000bdc5af92b0:   0000022a595c6110 0000022a5957e8e8
0x000000bdc5af92c0:   00000006ffffffff ffffffffffff0001
0x000000bdc5af92d0:   0000022a59220de0 0000022a784bfb70
0x000000bdc5af92e0:   0000000600000005 000000b100000006
0x000000bdc5af92f0:   0000022a5cb40100 00007ff900000006
0x000000bdc5af9300:   ffffffffffff0001 0000022a59a20680
0x000000bdc5af9310:   0000022a59a20680 0000022a784bfb70 

Instructions: (pc=0x00007ff9462eceda)
0x00007ff9462ecdda:   10 44 24 20 c7 44 24 40 09 00 00 00 0f 10 4c 24
0x00007ff9462ecdea:   30 0f 29 44 24 60 0f 10 44 24 40 66 0f 14 ca 66
0x00007ff9462ecdfa:   0f 15 db 0f 29 84 24 80 00 00 00 0f 29 4c 24 70
0x00007ff9462ece0a:   f2 0f 11 9c 24 90 00 00 00 e8 e8 c6 0c 00 48 8b
0x00007ff9462ece1a:   9c 24 d0 00 00 00 48 81 c4 c0 00 00 00 5f c3 4c
0x00007ff9462ece2a:   8b 59 20 8d 4a 02 4c 63 d2 4b 8b 44 d3 08 48 2d
0x00007ff9462ece3a:   01 02 03 00 48 a9 ff ff fe ff 75 0b 48 63 c1 49
0x00007ff9462ece4a:   c7 04 c3 01 00 ff ff 4c 8b 5f 20 4b 8b 04 d3 48
0x00007ff9462ece5a:   2d 01 04 0d 00 48 a9 ff ff fe ff 75 09 4b c7 44
0x00007ff9462ece6a:   d3 f8 01 00 ff ff 48 8b 47 20 4e 89 04 d0 48 8b
0x00007ff9462ece7a:   47 20 4e 89 4c d0 08 8b 47 04 ff c8 3b d0 7c 03
0x00007ff9462ece8a:   89 4f 04 48 81 c4 c0 00 00 00 5f c3 cc cc cc cc
0x00007ff9462ece9a:   cc cc cc cc cc cc 4c 8b dc 55 57 41 54 48 83 ec
0x00007ff9462eceaa:   50 49 8b 00 48 8b fa 49 89 5b 08 48 8b e9 49 89
0x00007ff9462eceba:   73 10 49 8d 4b b8 49 8b d9 4d 89 73 18 4c 8b 48
0x00007ff9462ececa:   08 49 8b f0 41 b0 01 41 0f b7 41 24 49 8b 51 08
0x00007ff9462eceda:   48 8b 54 c2 48 e8 bc 7f ff ff 48 8b 0e 45 33 f6
0x00007ff9462eceea:   8b 41 28 c1 e8 03 a8 01 75 41 48 8b 41 08 41 be
0x00007ff9462ecefa:   01 00 00 00 0f b7 50 22 48 8b 48 08 48 8b 05 f3
0x00007ff9462ecf0a:   ff 44 00 48 39 44 d1 48 75 1a 48 3b 1d 7d f3 44
0x00007ff9462ecf1a:   00 74 11 48 8b 45 20 48 c7 00 02 ff ff 00 44 08
0x00007ff9462ecf2a:   75 18 eb 07 48 8b 45 20 48 89 18 83 7c 24 3c 03
0x00007ff9462ecf3a:   4c 8d 25 bf 30 8a ff 0f 84 d9 00 00 00 4c 89 bc
0x00007ff9462ecf4a:   24 88 00 00 00 41 8b de 0f 1f 40 00 66 66 0f 1f
0x00007ff9462ecf5a:   84 00 00 00 00 00 48 8b 45 20 4c 8b 7d 30 48 8d
0x00007ff9462ecf6a:   34 d8 8b 44 24 38 83 c0 fc 83 f8 09 77 67 48 98
0x00007ff9462ecf7a:   41 8b 94 84 f0 d0 75 00 49 03 d4 ff e2 48 8d 4c
0x00007ff9462ecf8a:   24 20 e8 af 85 ff ff 48 8b d0 49 8b cf e8 14 ef
0x00007ff9462ecf9a:   ff ff 48 89 06 eb 54 48 c7 06 01 02 04 00 b8 02
0x00007ff9462ecfaa:   00 00 00 48 c7 46 08 01 04 0d 00 eb 43 48 c7 06
0x00007ff9462ecfba:   01 02 03 00 b8 02 00 00 00 48 c7 46 08 01 04 0e
0x00007ff9462ecfca:   00 eb 2d 48 c7 06 01 01 01 00 eb 1f 48 c7 06 01 


Stack slot to memory mapping:
stack at sp + 0 slots: 0x0000022a5d3185e0 points into unknown readable memory: 0x4c280030cd530007 | 07 00 53 cd 30 00 28 4c
stack at sp + 1 slots: 0x0000022a5c5e4290 points into unknown readable memory: 0x6f63002b362f0013 | 13 00 2f 36 2b 00 63 6f
stack at sp + 2 slots: 0x000000bdc5af9ce0 is pointing into the stack for thread: 0x0000022a784bfb70
stack at sp + 3 slots: 0x000000bdc5af92d0 is pointing into the stack for thread: 0x0000022a784bfb70
stack at sp + 4 slots: 0x0000022a784bfb70 is a thread
stack at sp + 5 slots: 0x00007ff9462ebcb2 jvm.dll
stack at sp + 6 slots: 0x0 is NULL
stack at sp + 7 slots: 0x0000000000000003 is an unknown value

new  187 new  [0x0000022a0f00b6a0, 0x0000022a0f00b8c0]  544 bytes
[MachCode]
  0x0000022a0f00b6a0: 4883 ec08 | c5fa 1104 | 24eb 1f48 | 83ec 10c5 | fb11 0424 | eb14 4883 | ec10 4889 | 0424 48c7 
  0x0000022a0f00b6c0: 4424 0800 | 0000 00eb | 0150 410f | b755 010f | cac1 ea10 | 488b 4de8 | 488b 4908 | 488b 4908 
  0x0000022a0f00b6e0: 488b 4108 | 807c 1004 | 070f 85df | 0000 0066 | 8b54 d148 | 488b 4928 | 488b 4cd1 | 0851 80b9 
  0x0000022a0f00b700: 3301 0000 | 040f 85c2 | 0000 008b | 5108 f7c2 | 0100 0000 | 0f85 b300 | 0000 498b | 8708 0100 
  0x0000022a0f00b720: 0048 8d1c | 1049 3b9f | 1801 0000 | 0f87 9b00 | 0000 4989 | 9f08 0100 | 00e9 0000 | 0000 4883 
  0x0000022a0f00b740: ea10 0f84 | 0f00 0000 | 33c9 c1ea | 0348 894c | d008 48ff | ca75 f648 | c700 0100 | 0000 5933 
  0x0000022a0f00b760: f689 700c | 49ba 0000 | 0017 2a02 | 0000 492b | ca89 4808 | 49ba d6c6 | 7146 f97f | 0000 4180 
  0x0000022a0f00b780: 3a00 0f84 | 4000 0000 | 5048 8bc8 | 4883 ec20 | f7c4 0f00 | 0000 0f84 | 1a00 0000 | 4883 ec08 
  0x0000022a0f00b7a0: 49ba 3099 | 2746 f97f | 0000 41ff | d248 83c4 | 08e9 0d00 | 0000 49ba | 3099 2746 | f97f 0000 
  0x0000022a0f00b7c0: 41ff d248 | 83c4 2058 | e9cd 0000 | 0059 488b | 55e8 488b | 5208 488b | 5208 450f | b745 0141 
  0x0000022a0f00b7e0: 0fc8 41c1 | e810 e805 | 0000 00e9 | aa00 0000 | 488d 4424 | 084c 896d | c049 8bcf | c5f8 7749 
  0x0000022a0f00b800: 89af a802 | 0000 4989 | 8798 0200 | 0048 83ec | 20f7 c40f | 0000 000f | 841a 0000 | 0048 83ec 
  0x0000022a0f00b820: 0849 ba00 | 48f1 45f9 | 7f00 0041 | ffd2 4883 | c408 e90d | 0000 0049 | ba00 48f1 | 45f9 7f00 
  0x0000022a0f00b840: 0041 ffd2 | 4883 c420 | 49c7 8798 | 0200 0000 | 0000 0049 | c787 a802 | 0000 0000 | 0000 49c7 
  0x0000022a0f00b860: 87a0 0200 | 0000 0000 | 00c5 f877 | 4981 7f08 | 0000 0000 | 0f84 0500 | 0000 e981 | 56fe ff49 
  0x0000022a0f00b880: 8b87 f002 | 0000 49c7 | 87f0 0200 | 0000 0000 | 004c 8b6d | c04c 8b75 | c8c3 410f | b65d 0349 
  0x0000022a0f00b8a0: 83c5 0349 | ba60 3774 | 46f9 7f00 | 0041 ff24 | da0f 1f80 | 0000 0000 | 0000 0000 | 0000 0000 
[/MachCode]

---------------  P R O C E S S  ---------------

Threads class SMR info:
_java_thread_list=0x0000022a5d2fa2e0, length=13, elements={
0x0000022a784bfb70, 0x0000022a16c11440, 0x0000022a16c11ed0, 0x0000022a16c24650,
0x0000022a16c24e20, 0x0000022a16c27400, 0x0000022a16c279d0, 0x0000022a16c28380,
0x0000022a16c2bf40, 0x0000022a16c2c550, 0x0000022a5c0a6980, 0x0000022a5c0a7d20,
0x0000022a5d631530
}

Java Threads: ( => current thread )
=>0x0000022a784bfb70 JavaThread "main" [_thread_in_vm, id=6584, stack(0x000000bdc5a00000,0x000000bdc5b00000)]
  0x0000022a16c11440 JavaThread "Reference Handler" daemon [_thread_blocked, id=7416, stack(0x000000bdc6100000,0x000000bdc6200000)]
  0x0000022a16c11ed0 JavaThread "Finalizer" daemon [_thread_blocked, id=8828, stack(0x000000bdc6200000,0x000000bdc6300000)]
  0x0000022a16c24650 JavaThread "Signal Dispatcher" daemon [_thread_blocked, id=892, stack(0x000000bdc6300000,0x000000bdc6400000)]
  0x0000022a16c24e20 JavaThread "Attach Listener" daemon [_thread_blocked, id=1212, stack(0x000000bdc6400000,0x000000bdc6500000)]
  0x0000022a16c27400 JavaThread "Service Thread" daemon [_thread_blocked, id=1336, stack(0x000000bdc6500000,0x000000bdc6600000)]
  0x0000022a16c279d0 JavaThread "Monitor Deflation Thread" daemon [_thread_blocked, id=408, stack(0x000000bdc6600000,0x000000bdc6700000)]
  0x0000022a16c28380 JavaThread "C2 CompilerThread0" daemon [_thread_blocked, id=7020, stack(0x000000bdc6700000,0x000000bdc6800000)]
  0x0000022a16c2bf40 JavaThread "C1 CompilerThread0" daemon [_thread_blocked, id=7184, stack(0x000000bdc6800000,0x000000bdc6900000)]
  0x0000022a16c2c550 JavaThread "Sweeper thread" daemon [_thread_blocked, id=6128, stack(0x000000bdc6900000,0x000000bdc6a00000)]
  0x0000022a5c0a6980 JavaThread "Notification Thread" daemon [_thread_blocked, id=2540, stack(0x000000bdc6a00000,0x000000bdc6b00000)]
  0x0000022a5c0a7d20 JavaThread "Common-Cleaner" daemon [_thread_blocked, id=9080, stack(0x000000bdc6c00000,0x000000bdc6d00000)]
  0x0000022a5d631530 JavaThread "Thread-1" daemon [_thread_blocked, id=8728, stack(0x000000bdc7000000,0x000000bdc7100000)]

Other Threads:
  0x0000022a785779c0 VMThread "VM Thread" [stack: 0x000000bdc6000000,0x000000bdc6100000] [id=2844] _threads_hazard_ptr=0x0000022a5d2fa2e0
  0x0000022a5c0a7270 WatcherThread [stack: 0x000000bdc6b00000,0x000000bdc6c00000] [id=6676]
  0x0000022a784fa740 GCTaskThread "GC Thread#0" [stack: 0x000000bdc5b00000,0x000000bdc5c00000] [id=7940]
  0x0000022a5c70b060 GCTaskThread "GC Thread#1" [stack: 0x000000bdc6d00000,0x000000bdc6e00000] [id=6876]
  0x0000022a5c741fd0 GCTaskThread "GC Thread#2" [stack: 0x000000bdc6e00000,0x000000bdc6f00000] [id=6268]
  0x0000022a5c751eb0 GCTaskThread "GC Thread#3" [stack: 0x000000bdc6f00000,0x000000bdc7000000] [id=7076]
  0x0000022a78504320 ConcurrentGCThread "G1 Main Marker" [stack: 0x000000bdc5c00000,0x000000bdc5d00000] [id=7004]
  0x0000022a785054e0 ConcurrentGCThread "G1 Conc#0" [stack: 0x000000bdc5d00000,0x000000bdc5e00000] [id=5484]
  0x0000022a78554af0 ConcurrentGCThread "G1 Refine#0" [stack: 0x000000bdc5e00000,0x000000bdc5f00000] [id=8736]
  0x0000022a78555520 ConcurrentGCThread "G1 Service" [stack: 0x000000bdc5f00000,0x000000bdc6000000] [id=2748]

Threads with active compile tasks:
C1 CompilerThread0  97489 4986   !   3       com.sun.tools.javac.parser.JavaTokenizer::readToken (1731 bytes)

VM state: synchronizing (normal execution)

VM Mutex/Monitor currently owned by a thread:  ([mutex/lock_event])
[0x0000022a784bad10] Threads_lock - owner thread: 0x0000022a785779c0

Heap address: 0x00000000c1c00000, size: 996 MB, Compressed Oops mode: 32-bit

CDS archive(s) mapped at: [0x0000022a17000000-0x0000022a17bb0000-0x0000022a17bb0000), size 12255232, SharedBaseAddress: 0x0000022a17000000, ArchiveRelocationMode: 1.
Compressed class space mapped at: 0x0000022a18000000-0x0000022a58000000, reserved size: 1073741824
Narrow klass base: 0x0000022a17000000, Narrow klass shift: 0, Narrow klass range: 0x100000000

GC Precious Log:
 CPUs: 4 total, 4 available
 Memory: 3976M
 Large Page Support: Disabled
 NUMA Support: Disabled
 Compressed Oops: Enabled (32-bit)
 Heap Region Size: 1M
 Heap Min Capacity: 8M
 Heap Initial Capacity: 64M
 Heap Max Capacity: 996M
 Pre-touch: Disabled
 Parallel Workers: 4
 Concurrent Workers: 1
 Concurrent Refinement Workers: 4
 Periodic GC: Disabled

Heap:
 garbage-first heap   total 65536K, used 30020K [0x00000000c1c00000, 0x0000000100000000)
  region size 1024K, 11 young (11264K), 4 survivors (4096K)
 Metaspace       used 25079K, committed 25408K, reserved 1114112K
  class space    used 2932K, committed 3072K, reserved 1048576K

Heap Regions: E=young(eden), S=young(survivor), O=old, HS=humongous(starts), HC=humongous(continues), CS=collection set, F=free, OA=open archive, CA=closed archive, TAMS=top-at-mark-start (previous, next)
|   0|0x00000000c1c00000, 0x00000000c1d00000, 0x00000000c1d00000|100%| O|  |TAMS 0x00000000c1d00000, 0x00000000c1c00000| Untracked 
|   1|0x00000000c1d00000, 0x00000000c1e00000, 0x00000000c1e00000|100%| O|  |TAMS 0x00000000c1e00000, 0x00000000c1d00000| Untracked 
|   2|0x00000000c1e00000, 0x00000000c1f00000, 0x00000000c1f00000|100%| O|  |TAMS 0x00000000c1f00000, 0x00000000c1e00000| Untracked 
|   3|0x00000000c1f00000, 0x00000000c2000000, 0x00000000c2000000|100%| O|  |TAMS 0x00000000c2000000, 0x00000000c1f00000| Untracked 
|   4|0x00000000c2000000, 0x00000000c2100000, 0x00000000c2100000|100%| O|  |TAMS 0x00000000c2100000, 0x00000000c2000000| Untracked 
|   5|0x00000000c2100000, 0x00000000c2200000, 0x00000000c2200000|100%| O|  |TAMS 0x00000000c2200000, 0x00000000c2100000| Untracked 
|   6|0x00000000c2200000, 0x00000000c2300000, 0x00000000c2300000|100%| O|  |TAMS 0x00000000c2300000, 0x00000000c2200000| Untracked 
|   7|0x00000000c2300000, 0x00000000c2400000, 0x00000000c2400000|100%| O|  |TAMS 0x00000000c2400000, 0x00000000c2300000| Untracked 
|   8|0x00000000c2400000, 0x00000000c2500000, 0x00000000c2500000|100%| O|  |TAMS 0x00000000c2500000, 0x00000000c2400000| Untracked 
|   9|0x00000000c2500000, 0x00000000c2600000, 0x00000000c2600000|100%| O|  |TAMS 0x00000000c2600000, 0x00000000c2500000| Untracked 
|  10|0x00000000c2600000, 0x00000000c2700000, 0x00000000c2700000|100%| O|  |TAMS 0x00000000c2700000, 0x00000000c2600000| Untracked 
|  11|0x00000000c2700000, 0x00000000c2800000, 0x00000000c2800000|100%| O|  |TAMS 0x00000000c275e400, 0x00000000c2700000| Complete 
|  12|0x00000000c2800000, 0x00000000c2900000, 0x00000000c2900000|100%| O|  |TAMS 0x00000000c2800000, 0x00000000c2800000| Untracked 
|  13|0x00000000c2900000, 0x00000000c2a00000, 0x00000000c2a00000|100%|HS|  |TAMS 0x00000000c2a00000, 0x00000000c2900000| Complete 
|  14|0x00000000c2a00000, 0x00000000c2b00000, 0x00000000c2b00000|100%|HC|  |TAMS 0x00000000c2b00000, 0x00000000c2a00000| Complete 
|  15|0x00000000c2b00000, 0x00000000c2c00000, 0x00000000c2c00000|100%|HS|  |TAMS 0x00000000c2c00000, 0x00000000c2b00000| Complete 
|  16|0x00000000c2c00000, 0x00000000c2d00000, 0x00000000c2d00000|100%|HC|  |TAMS 0x00000000c2d00000, 0x00000000c2c00000| Complete 
|  17|0x00000000c2d00000, 0x00000000c2e00000, 0x00000000c2e00000|100%| O|  |TAMS 0x00000000c2d00000, 0x00000000c2d00000| Untracked 
|  18|0x00000000c2e00000, 0x00000000c2ea8a00, 0x00000000c2f00000| 65%| O|  |TAMS 0x00000000c2e00000, 0x00000000c2e00000| Untracked 
|  19|0x00000000c2f00000, 0x00000000c3000000, 0x00000000c3000000|100%|HS|  |TAMS 0x00000000c2f00000, 0x00000000c2f00000| Complete 
|  20|0x00000000c3000000, 0x00000000c3000000, 0x00000000c3100000|  0%| F|  |TAMS 0x00000000c3000000, 0x00000000c3000000| Untracked 
|  21|0x00000000c3100000, 0x00000000c3100000, 0x00000000c3200000|  0%| F|  |TAMS 0x00000000c3100000, 0x00000000c3100000| Untracked 
|  22|0x00000000c3200000, 0x00000000c3200000, 0x00000000c3300000|  0%| F|  |TAMS 0x00000000c3200000, 0x00000000c3200000| Untracked 
|  23|0x00000000c3300000, 0x00000000c3300000, 0x00000000c3400000|  0%| F|  |TAMS 0x00000000c3300000, 0x00000000c3300000| Untracked 
|  24|0x00000000c3400000, 0x00000000c3400000, 0x00000000c3500000|  0%| F|  |TAMS 0x00000000c3400000, 0x00000000c3400000| Untracked 
|  25|0x00000000c3500000, 0x00000000c3500000, 0x00000000c3600000|  0%| F|  |TAMS 0x00000000c3500000, 0x00000000c3500000| Untracked 
|  26|0x00000000c3600000, 0x00000000c3600000, 0x00000000c3700000|  0%| F|  |TAMS 0x00000000c3600000, 0x00000000c3600000| Untracked 
|  27|0x00000000c3700000, 0x00000000c3700000, 0x00000000c3800000|  0%| F|  |TAMS 0x00000000c3700000, 0x00000000c3700000| Untracked 
|  28|0x00000000c3800000, 0x00000000c3800000, 0x00000000c3900000|  0%| F|  |TAMS 0x00000000c3800000, 0x00000000c3800000| Untracked 
|  29|0x00000000c3900000, 0x00000000c3900000, 0x00000000c3a00000|  0%| F|  |TAMS 0x00000000c3900000, 0x00000000c3900000| Untracked 
|  30|0x00000000c3a00000, 0x00000000c3a00000, 0x00000000c3b00000|  0%| F|  |TAMS 0x00000000c3a00000, 0x00000000c3a00000| Untracked 
|  31|0x00000000c3b00000, 0x00000000c3b00000, 0x00000000c3c00000|  0%| F|  |TAMS 0x00000000c3b00000, 0x00000000c3b00000| Untracked 
|  32|0x00000000c3c00000, 0x00000000c3c00000, 0x00000000c3d00000|  0%| F|  |TAMS 0x00000000c3c00000, 0x00000000c3c00000| Untracked 
|  33|0x00000000c3d00000, 0x00000000c3d00000, 0x00000000c3e00000|  0%| F|  |TAMS 0x00000000c3d00000, 0x00000000c3d00000| Untracked 
|  34|0x00000000c3e00000, 0x00000000c3e00000, 0x00000000c3f00000|  0%| F|  |TAMS 0x00000000c3e00000, 0x00000000c3e00000| Untracked 
|  35|0x00000000c3f00000, 0x00000000c3f00000, 0x00000000c4000000|  0%| F|  |TAMS 0x00000000c3f00000, 0x00000000c3f00000| Untracked 
|  36|0x00000000c4000000, 0x00000000c4000000, 0x00000000c4100000|  0%| F|  |TAMS 0x00000000c4000000, 0x00000000c4000000| Untracked 
|  37|0x00000000c4100000, 0x00000000c4100000, 0x00000000c4200000|  0%| F|  |TAMS 0x00000000c4100000, 0x00000000c4100000| Untracked 
|  38|0x00000000c4200000, 0x00000000c4200000, 0x00000000c4300000|  0%| F|  |TAMS 0x00000000c4200000, 0x00000000c4200000| Untracked 
|  39|0x00000000c4300000, 0x00000000c4300000, 0x00000000c4400000|  0%| F|  |TAMS 0x00000000c4300000, 0x00000000c4300000| Untracked 
|  40|0x00000000c4400000, 0x00000000c4400000, 0x00000000c4500000|  0%| F|  |TAMS 0x00000000c4400000, 0x00000000c4400000| Untracked 
|  41|0x00000000c4500000, 0x00000000c4500000, 0x00000000c4600000|  0%| F|  |TAMS 0x00000000c4500000, 0x00000000c4500000| Untracked 
|  42|0x00000000c4600000, 0x00000000c4600000, 0x00000000c4700000|  0%| F|  |TAMS 0x00000000c4600000, 0x00000000c4600000| Untracked 
|  43|0x00000000c4700000, 0x00000000c4700000, 0x00000000c4800000|  0%| F|  |TAMS 0x00000000c4700000, 0x00000000c4700000| Untracked 
|  44|0x00000000c4800000, 0x00000000c4800000, 0x00000000c4900000|  0%| F|  |TAMS 0x00000000c4800000, 0x00000000c4800000| Untracked 
|  45|0x00000000c4900000, 0x00000000c4900000, 0x00000000c4a00000|  0%| F|  |TAMS 0x00000000c4900000, 0x00000000c4900000| Untracked 
|  46|0x00000000c4a00000, 0x00000000c4a00000, 0x00000000c4b00000|  0%| F|  |TAMS 0x00000000c4a00000, 0x00000000c4a00000| Untracked 
|  47|0x00000000c4b00000, 0x00000000c4b00000, 0x00000000c4c00000|  0%| F|  |TAMS 0x00000000c4b00000, 0x00000000c4b00000| Untracked 
|  48|0x00000000c4c00000, 0x00000000c4c00000, 0x00000000c4d00000|  0%| F|  |TAMS 0x00000000c4c00000, 0x00000000c4c00000| Untracked 
|  49|0x00000000c4d00000, 0x00000000c4d00000, 0x00000000c4e00000|  0%| F|  |TAMS 0x00000000c4d00000, 0x00000000c4d00000| Untracked 
|  50|0x00000000c4e00000, 0x00000000c4e00000, 0x00000000c4f00000|  0%| F|  |TAMS 0x00000000c4e00000, 0x00000000c4e00000| Untracked 
|  51|0x00000000c4f00000, 0x00000000c4f00000, 0x00000000c5000000|  0%| F|  |TAMS 0x00000000c4f00000, 0x00000000c4f00000| Untracked 
|  52|0x00000000c5000000, 0x00000000c50a88d0, 0x00000000c5100000| 65%| S|CS|TAMS 0x00000000c5000000, 0x00000000c5000000| Complete 
|  53|0x00000000c5100000, 0x00000000c5200000, 0x00000000c5200000|100%| S|CS|TAMS 0x00000000c5100000, 0x00000000c5100000| Complete 
|  54|0x00000000c5200000, 0x00000000c5300000, 0x00000000c5300000|100%| S|CS|TAMS 0x00000000c5200000, 0x00000000c5200000| Complete 
|  55|0x00000000c5300000, 0x00000000c5400000, 0x00000000c5400000|100%| S|CS|TAMS 0x00000000c5300000, 0x00000000c5300000| Complete 
|  56|0x00000000c5400000, 0x00000000c5400000, 0x00000000c5500000|  0%| F|  |TAMS 0x00000000c5400000, 0x00000000c5400000| Untracked 
|  57|0x00000000c5500000, 0x00000000c557ed08, 0x00000000c5600000| 49%| E|  |TAMS 0x00000000c5500000, 0x00000000c5500000| Complete 
|  58|0x00000000c5600000, 0x00000000c5700000, 0x00000000c5700000|100%| E|CS|TAMS 0x00000000c5600000, 0x00000000c5600000| Complete 
|  59|0x00000000c5700000, 0x00000000c5800000, 0x00000000c5800000|100%| E|CS|TAMS 0x00000000c5700000, 0x00000000c5700000| Complete 
|  60|0x00000000c5800000, 0x00000000c5900000, 0x00000000c5900000|100%| E|CS|TAMS 0x00000000c5800000, 0x00000000c5800000| Complete 
|  61|0x00000000c5900000, 0x00000000c5a00000, 0x00000000c5a00000|100%| E|CS|TAMS 0x00000000c5900000, 0x00000000c5900000| Complete 
|  62|0x00000000c5a00000, 0x00000000c5b00000, 0x00000000c5b00000|100%| E|CS|TAMS 0x00000000c5a00000, 0x00000000c5a00000| Complete 
|  63|0x00000000c5b00000, 0x00000000c5c00000, 0x00000000c5c00000|100%| E|CS|TAMS 0x00000000c5b00000, 0x00000000c5b00000| Complete 

Card table byte_map: [0x0000022a78780000,0x0000022a78980000] _byte_map_base: 0x0000022a78172000

Marking Bits (Prev, Next): (CMBitMap*) 0x0000022a784fbdb0, (CMBitMap*) 0x0000022a784fbd70
 Prev Bits: [0x0000022a79b10000, 0x0000022a7aaa0000)
 Next Bits: [0x0000022a78b80000, 0x0000022a79b10000)

Polling page: 0x0000022a77c80000

Metaspace:

Usage:
  Non-class:     21.63 MB used.
      Class:      2.86 MB used.
       Both:     24.49 MB used.

Virtual space:
  Non-class space:       64.00 MB reserved,      21.81 MB ( 34%) committed,  1 nodes.
      Class space:        1.00 GB reserved,       3.00 MB ( <1%) committed,  1 nodes.
             Both:        1.06 GB reserved,      24.81 MB (  2%) committed. 

Chunk freelists:
   Non-Class:  10.09 MB
       Class:  12.95 MB
        Both:  23.05 MB

MaxMetaspaceSize: unlimited
CompressedClassSpaceSize: 1.00 GB
Initial GC threshold: 21.00 MB
Current GC threshold: 35.25 MB
CDS: on
MetaspaceReclaimPolicy: balanced
 - commit_granule_bytes: 65536.
 - commit_granule_words: 8192.
 - virtual_space_node_default_size: 8388608.
 - enlarge_chunks_in_place: 1.
 - new_chunks_are_fully_committed: 0.
 - uncommit_free_chunks: 1.
 - use_allocation_guard: 0.
 - handle_deallocations: 1.


Internal statistics:

num_allocs_failed_limit: 3.
num_arena_births: 168.
num_arena_deaths: 0.
num_vsnodes_births: 2.
num_vsnodes_deaths: 0.
num_space_committed: 397.
num_space_uncommitted: 0.
num_chunks_returned_to_freelist: 3.
num_chunks_taken_from_freelist: 1065.
num_chunk_merges: 3.
num_chunk_splits: 738.
num_chunks_enlarged: 587.
num_inconsistent_stats: 0.

CodeHeap 'non-profiled nmethods': size=120000Kb used=2769Kb max_used=2769Kb free=117230Kb
 bounds [0x0000022a0f590000, 0x0000022a0f850000, 0x0000022a16ac0000]
CodeHeap 'profiled nmethods': size=120000Kb used=10691Kb max_used=10691Kb free=109308Kb
 bounds [0x0000022a07ac0000, 0x0000022a08540000, 0x0000022a0eff0000]
CodeHeap 'non-nmethods': size=5760Kb used=1205Kb max_used=1239Kb free=4554Kb
 bounds [0x0000022a0eff0000, 0x0000022a0f260000, 0x0000022a0f590000]
 total_blobs=5486 nmethods=4981 adapters=417
 compilation: enabled
              stopped_count=0, restarted_count=0
 full_count=0

Compilation events (20 events):
Event: 96.663 Thread 0x0000022a16c2bf40 nmethod 4972 0x0000022a0f844010 code [0x0000022a0f8441a0, 0x0000022a0f844278]
Event: 96.664 Thread 0x0000022a16c2bf40 4973       3       java.lang.AbstractStringBuilder::setLength (66 bytes)
Event: 96.664 Thread 0x0000022a16c2bf40 nmethod 4973 0x0000022a0852d110 code [0x0000022a0852d340, 0x0000022a0852daf8]
Event: 96.664 Thread 0x0000022a16c2bf40 4976       3       com.sun.tools.javac.util.UnsharedNameTable::fromChars (28 bytes)
Event: 96.664 Thread 0x0000022a16c2bf40 nmethod 4976 0x0000022a0852de90 code [0x0000022a0852e040, 0x0000022a0852e278]
Event: 96.664 Thread 0x0000022a16c2bf40 4974       3       com.sun.tools.javac.parser.Scanner::token (30 bytes)
Event: 96.664 Thread 0x0000022a16c2bf40 nmethod 4974 0x0000022a0852e390 code [0x0000022a0852e560, 0x0000022a0852e8d8]
Event: 96.664 Thread 0x0000022a16c2bf40 4975       3       java.lang.StringBuilder::setLength (6 bytes)
Event: 96.665 Thread 0x0000022a16c2bf40 nmethod 4975 0x0000022a0852ea10 code [0x0000022a0852ebc0, 0x0000022a0852ed08]
Event: 96.665 Thread 0x0000022a16c2bf40 4977       1       com.sun.tools.javac.parser.Tokens$NamedToken::name (5 bytes)
Event: 96.665 Thread 0x0000022a16c2bf40 nmethod 4977 0x0000022a0f844310 code [0x0000022a0f8444a0, 0x0000022a0f844578]
Event: 96.665 Thread 0x0000022a16c2bf40 4979       3       com.sun.tools.javac.util.IntHashTable::lookup (100 bytes)
Event: 96.665 Thread 0x0000022a16c2bf40 nmethod 4979 0x0000022a0852ed90 code [0x0000022a0852ef60, 0x0000022a0852f348]
Event: 96.665 Thread 0x0000022a16c2bf40 4978       3       com.sun.tools.javac.util.IntHashTable::put (99 bytes)
Event: 96.666 Thread 0x0000022a16c2bf40 nmethod 4978 0x0000022a0852f510 code [0x0000022a0852f700, 0x0000022a0852fbf8]
Event: 96.666 Thread 0x0000022a16c2bf40 4980       3       com.sun.tools.javac.util.IntHashTable::hash (5 bytes)
Event: 96.666 Thread 0x0000022a16c2bf40 nmethod 4980 0x0000022a0852fe10 code [0x0000022a0852ffc0, 0x0000022a08530108]
Event: 96.674 Thread 0x0000022a16c2bf40 4981       3       com.sun.tools.javac.parser.UnicodeReader::acceptOneOf (19 bytes)
Event: 96.675 Thread 0x0000022a16c2bf40 nmethod 4981 0x0000022a08530190 code [0x0000022a08530380, 0x0000022a08530b68]
Event: 96.675 Thread 0x0000022a16c2bf40 4986   !   3       com.sun.tools.javac.parser.JavaTokenizer::readToken (1731 bytes)

GC Heap History (16 events):
Event: 11.398 GC heap before
{Heap before GC invocations=0 (full 0):
 garbage-first heap   total 65536K, used 13312K [0x00000000c1c00000, 0x0000000100000000)
  region size 1024K, 13 young (13312K), 0 survivors (0K)
 Metaspace       used 3504K, committed 3712K, reserved 1114112K
  class space    used 372K, committed 448K, reserved 1048576K
}
Event: 11.404 GC heap after
{Heap after GC invocations=1 (full 0):
 garbage-first heap   total 65536K, used 3172K [0x00000000c1c00000, 0x0000000100000000)
  region size 1024K, 2 young (2048K), 2 survivors (2048K)
 Metaspace       used 3504K, committed 3712K, reserved 1114112K
  class space    used 372K, committed 448K, reserved 1048576K
}
Event: 12.638 GC heap before
{Heap before GC invocations=1 (full 0):
 garbage-first heap   total 65536K, used 14436K [0x00000000c1c00000, 0x0000000100000000)
  region size 1024K, 14 young (14336K), 2 survivors (2048K)
 Metaspace       used 5535K, committed 5696K, reserved 1114112K
  class space    used 671K, committed 768K, reserved 1048576K
}
Event: 12.642 GC heap after
{Heap after GC invocations=2 (full 0):
 garbage-first heap   total 65536K, used 3850K [0x00000000c1c00000, 0x0000000100000000)
  region size 1024K, 1 young (1024K), 1 survivors (1024K)
 Metaspace       used 5535K, committed 5696K, reserved 1114112K
  class space    used 671K, committed 768K, reserved 1048576K
}
Event: 14.088 GC heap before
{Heap before GC invocations=2 (full 0):
 garbage-first heap   total 65536K, used 28426K [0x00000000c1c00000, 0x0000000100000000)
  region size 1024K, 26 young (26624K), 1 survivors (1024K)
 Metaspace       used 8965K, committed 9152K, reserved 1114112K
  class space    used 1082K, committed 1152K, reserved 1048576K
}
Event: 14.093 GC heap after
{Heap after GC invocations=3 (full 0):
 garbage-first heap   total 65536K, used 4835K [0x00000000c1c00000, 0x0000000100000000)
  region size 1024K, 2 young (2048K), 2 survivors (2048K)
 Metaspace       used 8965K, committed 9152K, reserved 1114112K
  class space    used 1082K, committed 1152K, reserved 1048576K
}
Event: 25.563 GC heap before
{Heap before GC invocations=3 (full 0):
 garbage-first heap   total 65536K, used 41699K [0x00000000c1c00000, 0x0000000100000000)
  region size 1024K, 38 young (38912K), 2 survivors (2048K)
 Metaspace       used 14644K, committed 14848K, reserved 1114112K
  class space    used 1785K, committed 1856K, reserved 1048576K
}
Event: 25.578 GC heap after
{Heap after GC invocations=4 (full 0):
 garbage-first heap   total 65536K, used 8664K [0x00000000c1c00000, 0x0000000100000000)
  region size 1024K, 5 young (5120K), 5 survivors (5120K)
 Metaspace       used 14644K, committed 14848K, reserved 1114112K
  class space    used 1785K, committed 1856K, reserved 1048576K
}
Event: 43.496 GC heap before
{Heap before GC invocations=4 (full 0):
 garbage-first heap   total 65536K, used 42456K [0x00000000c1c00000, 0x0000000100000000)
  region size 1024K, 38 young (38912K), 5 survivors (5120K)
 Metaspace       used 15489K, committed 15680K, reserved 1114112K
  class space    used 1853K, committed 1920K, reserved 1048576K
}
Event: 43.517 GC heap after
{Heap after GC invocations=5 (full 0):
 garbage-first heap   total 65536K, used 12444K [0x00000000c1c00000, 0x0000000100000000)
  region size 1024K, 4 young (4096K), 4 survivors (4096K)
 Metaspace       used 15489K, committed 15680K, reserved 1114112K
  class space    used 1853K, committed 1920K, reserved 1048576K
}
Event: 80.119 GC heap before
{Heap before GC invocations=5 (full 0):
 garbage-first heap   total 65536K, used 45212K [0x00000000c1c00000, 0x0000000100000000)
  region size 1024K, 36 young (36864K), 4 survivors (4096K)
 Metaspace       used 16137K, committed 16320K, reserved 1114112K
  class space    used 1894K, committed 1984K, reserved 1048576K
}
Event: 80.127 GC heap after
{Heap after GC invocations=6 (full 0):
 garbage-first heap   total 65536K, used 13424K [0x00000000c1c00000, 0x0000000100000000)
  region size 1024K, 2 young (2048K), 2 survivors (2048K)
 Metaspace       used 16137K, committed 16320K, reserved 1114112K
  class space    used 1894K, committed 1984K, reserved 1048576K
}
Event: 94.389 GC heap before
{Heap before GC invocations=6 (full 0):
 garbage-first heap   total 65536K, used 50288K [0x00000000c1c00000, 0x0000000100000000)
  region size 1024K, 35 young (35840K), 2 survivors (2048K)
 Metaspace       used 19932K, committed 20288K, reserved 1114112K
  class space    used 2320K, committed 2496K, reserved 1048576K
}
Event: 94.398 GC heap after
{Heap after GC invocations=7 (full 0):
 garbage-first heap   total 65536K, used 17785K [0x00000000c1c00000, 0x0000000100000000)
  region size 1024K, 4 young (4096K), 4 survivors (4096K)
 Metaspace       used 19932K, committed 20288K, reserved 1114112K
  class space    used 2320K, committed 2496K, reserved 1048576K
}
Event: 95.441 GC heap before
{Heap before GC invocations=7 (full 0):
 garbage-first heap   total 65536K, used 27001K [0x00000000c1c00000, 0x0000000100000000)
  region size 1024K, 12 young (12288K), 4 survivors (4096K)
 Metaspace       used 21165K, committed 21504K, reserved 1114112K
  class space    used 2495K, committed 2624K, reserved 1048576K
}
Event: 95.453 GC heap after
{Heap after GC invocations=8 (full 0):
 garbage-first heap   total 65536K, used 22852K [0x00000000c1c00000, 0x0000000100000000)
  region size 1024K, 4 young (4096K), 4 survivors (4096K)
 Metaspace       used 21165K, committed 21504K, reserved 1114112K
  class space    used 2495K, committed 2624K, reserved 1048576K
}

Dll operation events (8 events):
Event: 0.010 Loaded shared library C:\Program Files\Eclipse Adoptium\jdk-17.0.17.10-hotspot\bin\java.dll
Event: 0.035 Loaded shared library C:\Program Files\Eclipse Adoptium\jdk-17.0.17.10-hotspot\bin\jsvml.dll
Event: 0.183 Loaded shared library C:\Program Files\Eclipse Adoptium\jdk-17.0.17.10-hotspot\bin\net.dll
Event: 0.334 Loaded shared library C:\Program Files\Eclipse Adoptium\jdk-17.0.17.10-hotspot\bin\nio.dll
Event: 0.548 Loaded shared library C:\Program Files\Eclipse Adoptium\jdk-17.0.17.10-hotspot\bin\zip.dll
Event: 5.790 Loaded shared library C:\Program Files\Eclipse Adoptium\jdk-17.0.17.10-hotspot\bin\jimage.dll
Event: 5.884 Loaded shared library C:\ProgramData\chocolatey\lib\maven\apache-maven-3.9.11\lib\jansi-native\Windows\x86_64\jansi.dll
Event: 6.187 Loaded shared library C:\Program Files\Eclipse Adoptium\jdk-17.0.17.10-hotspot\bin\verify.dll

Deoptimization events (20 events):
Event: 96.374 Thread 0x0000022a784bfb70 Uncommon trap: trap_request=0xffffff45 fr.pc=0x0000022a0f5cc5b0 relative=0x00000000000001b0
Event: 96.374 Thread 0x0000022a784bfb70 Uncommon trap: reason=unstable_if action=reinterpret pc=0x0000022a0f5cc5b0 method=jdk.internal.loader.URLClassPath$JarLoader.getResource(Ljava/lang/String;Z)Ljdk/internal/loader/Resource; @ 42 c2
Event: 96.374 Thread 0x0000022a784bfb70 DEOPT PACKING pc=0x0000022a0f5cc5b0 sp=0x000000bdc5afce20
Event: 96.374 Thread 0x0000022a784bfb70 DEOPT UNPACKING pc=0x0000022a0f0469a3 sp=0x000000bdc5afcdb8 mode 2
Event: 96.446 Thread 0x0000022a784bfb70 Uncommon trap: trap_request=0xffffffde fr.pc=0x0000022a0f5c23b8 relative=0x0000000000001038
Event: 96.446 Thread 0x0000022a784bfb70 Uncommon trap: reason=class_check action=maybe_recompile pc=0x0000022a0f5c23b8 method=jdk.internal.loader.URLClassPath.getLoader(I)Ljdk/internal/loader/URLClassPath$Loader; @ 88 c2
Event: 96.446 Thread 0x0000022a784bfb70 DEOPT PACKING pc=0x0000022a0f5c23b8 sp=0x000000bdc5afce00
Event: 96.446 Thread 0x0000022a784bfb70 DEOPT UNPACKING pc=0x0000022a0f0469a3 sp=0x000000bdc5afce00 mode 2
Event: 96.514 Thread 0x0000022a784bfb70 Uncommon trap: trap_request=0xffffff45 fr.pc=0x0000022a0f62854c relative=0x0000000000001f2c
Event: 96.514 Thread 0x0000022a784bfb70 Uncommon trap: reason=unstable_if action=reinterpret pc=0x0000022a0f62854c method=jdk.internal.loader.URLClassPath$JarLoader.getResource(Ljava/lang/String;Z)Ljdk/internal/loader/Resource; @ 42 c2
Event: 96.514 Thread 0x0000022a784bfb70 DEOPT PACKING pc=0x0000022a0f62854c sp=0x000000bdc5afc210
Event: 96.514 Thread 0x0000022a784bfb70 DEOPT UNPACKING pc=0x0000022a0f0469a3 sp=0x000000bdc5afc1a0 mode 2
Event: 96.514 Thread 0x0000022a784bfb70 Uncommon trap: trap_request=0xffffff45 fr.pc=0x0000022a0f5c4ad4 relative=0x0000000000001274
Event: 96.514 Thread 0x0000022a784bfb70 Uncommon trap: reason=unstable_if action=reinterpret pc=0x0000022a0f5c4ad4 method=java.util.jar.JarFile.getVersionedEntry(Ljava/lang/String;Ljava/util/jar/JarEntry;)Ljava/util/jar/JarEntry; @ 57 c2
Event: 96.514 Thread 0x0000022a784bfb70 DEOPT PACKING pc=0x0000022a0f5c4ad4 sp=0x000000bdc5afc0d0
Event: 96.514 Thread 0x0000022a784bfb70 DEOPT UNPACKING pc=0x0000022a0f0469a3 sp=0x000000bdc5afc040 mode 2
Event: 96.538 Thread 0x0000022a784bfb70 Uncommon trap: trap_request=0xffffff45 fr.pc=0x0000022a0f79b13c relative=0x000000000000049c
Event: 96.538 Thread 0x0000022a784bfb70 Uncommon trap: reason=unstable_if action=reinterpret pc=0x0000022a0f79b13c method=java.nio.charset.CharsetDecoder.decode(Ljava/nio/ByteBuffer;Ljava/nio/CharBuffer;Z)Ljava/nio/charset/CoderResult; @ 1 c2
Event: 96.538 Thread 0x0000022a784bfb70 DEOPT PACKING pc=0x0000022a0f79b13c sp=0x000000bdc5afd170
Event: 96.538 Thread 0x0000022a784bfb70 DEOPT UNPACKING pc=0x0000022a0f0469a3 sp=0x000000bdc5afd128 mode 2

Classes loaded (20 events):
Event: 94.753 Loading class jdk/internal/jimage/ImageReader$SharedImageReader$LocationVisitor
Event: 94.753 Loading class jdk/internal/jimage/ImageReader$SharedImageReader$LocationVisitor done
Event: 94.754 Loading class java/nio/ByteBufferAsIntBufferL
Event: 94.796 Loading class java/nio/ByteBufferAsIntBufferL done
Event: 94.831 Loading class jdk/internal/jimage/ImageReader$Resource
Event: 94.831 Loading class jdk/internal/jimage/ImageReader$Resource done
Event: 94.831 Loading class jdk/internal/jrtfs/JrtFileAttributes
Event: 94.862 Loading class jdk/internal/jrtfs/JrtFileAttributes done
Event: 96.374 Loading class java/util/zip/ZipFile$ZipEntryIterator
Event: 96.374 Loading class java/util/zip/ZipFile$ZipEntryIterator done
Event: 96.464 Loading class java/lang/UnsupportedClassVersionError
Event: 96.464 Loading class java/lang/UnsupportedClassVersionError done
Event: 96.465 Loading class java/util/ImmutableCollections$Access
Event: 96.491 Loading class java/util/ImmutableCollections$Access done
Event: 96.491 Loading class java/util/ImmutableCollections$Access$1
Event: 96.492 Loading class jdk/internal/access/JavaUtilCollectionAccess
Event: 96.500 Loading class jdk/internal/access/JavaUtilCollectionAccess done
Event: 96.500 Loading class java/util/ImmutableCollections$Access$1 done
Event: 96.576 Loading class java/util/BitSet
Event: 96.582 Loading class java/util/BitSet done

Classes unloaded (0 events):
No events

Classes redefined (0 events):
No events

Internal exceptions (20 events):
Event: 80.135 Thread 0x0000022a784bfb70 Implicit null exception at 0x0000022a0f77f523 to 0x0000022a0f77fc28
Event: 80.145 Thread 0x0000022a784bfb70 Exception <a 'java/lang/NoSuchMethodError'{0x00000000c5b65648}: 'int java.lang.invoke.DirectMethodHandle$Holder.invokeVirtual(java.lang.Object, java.lang.Object)'> (0x00000000c5b65648) 
thrown [s\src\hotspot\share\interpreter\linkResolver.cpp, line 759]
Event: 80.756 Thread 0x0000022a784bfb70 Implicit null exception at 0x0000022a0f61ddd8 to 0x0000022a0f61de6e
Event: 81.636 Thread 0x0000022a784bfb70 Exception <a 'sun/nio/fs/WindowsException'{0x00000000c5957068}> (0x00000000c5957068) 
thrown [s\src\hotspot\share\prims\jni.cpp, line 516]
Event: 81.658 Thread 0x0000022a784bfb70 Exception <a 'sun/nio/fs/WindowsException'{0x00000000c5957748}> (0x00000000c5957748) 
thrown [s\src\hotspot\share\prims\jni.cpp, line 516]
Event: 81.658 Thread 0x0000022a784bfb70 Exception <a 'sun/nio/fs/WindowsException'{0x00000000c5957db0}> (0x00000000c5957db0) 
thrown [s\src\hotspot\share\prims\jni.cpp, line 516]
Event: 81.658 Thread 0x0000022a784bfb70 Exception <a 'sun/nio/fs/WindowsException'{0x00000000c5958400}> (0x00000000c5958400) 
thrown [s\src\hotspot\share\prims\jni.cpp, line 516]
Event: 81.658 Thread 0x0000022a784bfb70 Exception <a 'sun/nio/fs/WindowsException'{0x00000000c5958a58}> (0x00000000c5958a58) 
thrown [s\src\hotspot\share\prims\jni.cpp, line 516]
Event: 81.658 Thread 0x0000022a784bfb70 Exception <a 'sun/nio/fs/WindowsException'{0x00000000c5959098}> (0x00000000c5959098) 
thrown [s\src\hotspot\share\prims\jni.cpp, line 516]
Event: 84.925 Thread 0x0000022a784bfb70 Exception <a 'java/lang/NoSuchMethodError'{0x00000000c4f369b8}: 'int java.lang.invoke.DirectMethodHandle$Holder.invokeStatic(java.lang.Object, java.lang.Object, int)'> (0x00000000c4f369b8) 
thrown [s\src\hotspot\share\interpreter\linkResolver.cpp, line 759]
Event: 89.690 Thread 0x0000022a784bfb70 Exception <a 'sun/nio/fs/WindowsException'{0x00000000c43fb888}> (0x00000000c43fb888) 
thrown [s\src\hotspot\share\prims\jni.cpp, line 516]
Event: 89.760 Thread 0x0000022a784bfb70 Exception <a 'java/lang/IncompatibleClassChangeError'{0x00000000c424d800}: Found class java.lang.Object, but interface was expected> (0x00000000c424d800) 
thrown [s\src\hotspot\share\interpreter\linkResolver.cpp, line 826]
Event: 89.763 Thread 0x0000022a784bfb70 Exception <a 'java/lang/NoSuchMethodError'{0x00000000c4253540}: 'void java.lang.invoke.DirectMethodHandle$Holder.invokeInterface(java.lang.Object, java.lang.Object, java.lang.Object)'> (0x00000000c4253540) 
thrown [s\src\hotspot\share\interpreter\linkResolver.cpp, line 759]
Event: 89.960 Thread 0x0000022a784bfb70 Exception <a 'java/lang/NoSuchMethodError'{0x00000000c41c0000}: 'int java.lang.invoke.DirectMethodHandle$Holder.invokeInterface(java.lang.Object, java.lang.Object)'> (0x00000000c41c0000) 
thrown [s\src\hotspot\share\interpreter\linkResolver.cpp, line 759]
Event: 94.182 Thread 0x0000022a784bfb70 Exception <a 'java/lang/NoSuchMethodError'{0x00000000c3a4a068}: 'int java.lang.invoke.DirectMethodHandle$Holder.invokeVirtual(java.lang.Object, java.lang.Object, java.lang.Object)'> (0x00000000c3a4a068) 
thrown [s\src\hotspot\share\interpreter\linkResolver.cpp, line 759]
Event: 94.300 Thread 0x0000022a784bfb70 Exception <a 'java/lang/NoSuchMethodError'{0x00000000c3a586d8}: 'int java.lang.invoke.DirectMethodHandle$Holder.invokeStaticInit(java.lang.Object, java.lang.Object, java.lang.Object)'> (0x00000000c3a586d8) 
thrown [s\src\hotspot\share\interpreter\linkResolver.cpp, line 759]
Event: 94.535 Thread 0x0000022a784bfb70 Implicit null exception at 0x0000022a0f814a15 to 0x0000022a0f814bde
Event: 95.181 Thread 0x0000022a784bfb70 Exception <a 'sun/nio/fs/WindowsException'{0x00000000c55c0658}> (0x00000000c55c0658) 
thrown [s\src\hotspot\share\prims\jni.cpp, line 516]
Event: 96.188 Thread 0x0000022a784bfb70 Exception <a 'java/lang/NoSuchMethodError'{0x00000000c5a17298}: 'java.lang.Object java.lang.invoke.DirectMethodHandle$Holder.newInvokeSpecial(java.lang.Object, java.lang.Object, java.lang.Object, java.lang.Object, java.lang.Object, java.lang.Object)'> (0x00000000c5a17298) 
thrown [s\src\hotspot\share\interpreter\linkResolver.cpp, line 759]
Event: 96.314 Thread 0x0000022a784bfb70 Exception <a 'sun/nio/fs/WindowsException'{0x00000000c5a62e28}> (0x00000000c5a62e28) 
thrown [s\src\hotspot\share\prims\jni.cpp, line 516]

VM Operations (20 events):
Event: 94.315 Executing VM operation: HandshakeAllThreads done
Event: 94.315 Executing VM operation: Cleanup
Event: 94.315 Executing VM operation: Cleanup done
Event: 94.318 Executing VM operation: HandshakeAllThreads
Event: 94.318 Executing VM operation: HandshakeAllThreads done
Event: 94.332 Executing VM operation: HandshakeAllThreads
Event: 94.332 Executing VM operation: HandshakeAllThreads done
Event: 94.389 Executing VM operation: G1CollectForAllocation
Event: 94.398 Executing VM operation: G1CollectForAllocation done
Event: 94.796 Executing VM operation: HandshakeAllThreads
Event: 94.796 Executing VM operation: HandshakeAllThreads done
Event: 94.797 Executing VM operation: HandshakeAllThreads
Event: 94.797 Executing VM operation: HandshakeAllThreads done
Event: 95.440 Executing VM operation: CollectForMetadataAllocation
Event: 95.454 Executing VM operation: CollectForMetadataAllocation done
Event: 95.541 Executing VM operation: G1PauseRemark
Event: 95.572 Executing VM operation: G1PauseRemark done
Event: 95.585 Executing VM operation: G1PauseCleanup
Event: 95.677 Executing VM operation: G1PauseCleanup done
Event: 96.685 Executing VM operation: Cleanup

Memory protections (0 events):
No events

Nmethod flushes (0 events):
No events

Events (20 events):
Event: 10.782 Thread 0x0000022a5c01c880 Thread exited: 0x0000022a5c01c880
Event: 12.378 Thread 0x0000022a16c2bf40 Thread added: 0x0000022a5c7743b0
Event: 12.942 Thread 0x0000022a5c7743b0 Thread exited: 0x0000022a5c7743b0
Event: 15.127 Thread 0x0000022a16c2bf40 Thread added: 0x0000022a5cf96050
Event: 15.381 Thread 0x0000022a5cf96050 Thread exited: 0x0000022a5cf96050
Event: 15.704 Thread 0x0000022a16c2bf40 Thread added: 0x0000022a5cd1ed30
Event: 16.073 Thread 0x0000022a5cd1ed30 Thread exited: 0x0000022a5cd1ed30
Event: 16.364 Thread 0x0000022a16c2bf40 Thread added: 0x0000022a5d631530
Event: 16.721 Thread 0x0000022a5d631530 Thread exited: 0x0000022a5d631530
Event: 16.900 Thread 0x0000022a784bfb70 Thread added: 0x0000022a5d631530
Event: 18.952 Thread 0x0000022a16c2bf40 Thread added: 0x0000022a5d3b2280
Event: 19.237 Thread 0x0000022a5d3b2280 Thread exited: 0x0000022a5d3b2280
Event: 19.521 Thread 0x0000022a16c2bf40 Thread added: 0x0000022a5d3b2280
Event: 20.020 Thread 0x0000022a5d3b2280 Thread exited: 0x0000022a5d3b2280
Event: 32.122 Thread 0x0000022a16c2bf40 Thread added: 0x0000022a16cd0f10
Event: 32.371 Thread 0x0000022a16cd0f10 Thread exited: 0x0000022a16cd0f10
Event: 74.814 Thread 0x0000022a16c28380 Thread added: 0x0000022a5cb86b90
Event: 75.131 Thread 0x0000022a5cb86b90 Thread exited: 0x0000022a5cb86b90
Event: 94.411 Thread 0x0000022a16c28380 Thread added: 0x0000022a5c605f80
Event: 94.751 Thread 0x0000022a5c605f80 Thread exited: 0x0000022a5c605f80


Dynamic libraries:
0x00007ff7db600000 - 0x00007ff7db60e000 	C:\Program Files\Eclipse Adoptium\jdk-17.0.17.10-hotspot\bin\java.exe
0x00007ff963050000 - 0x00007ff963248000 	C:\WINDOWS\SYSTEM32\ntdll.dll
0x00007ff962ea0000 - 0x00007ff962f62000 	C:\WINDOWS\System32\KERNEL32.DLL
0x00007ff960d70000 - 0x00007ff961066000 	C:\WINDOWS\System32\KERNELBASE.dll
0x00007ff960a50000 - 0x00007ff960b50000 	C:\WINDOWS\System32\ucrtbase.dll
0x00007ff948840000 - 0x00007ff94885e000 	C:\Program Files\Eclipse Adoptium\jdk-17.0.17.10-hotspot\bin\VCRUNTIME140.dll
0x00007ff946890000 - 0x00007ff9468a8000 	C:\Program Files\Eclipse Adoptium\jdk-17.0.17.10-hotspot\bin\jli.dll
0x00007ff961a00000 - 0x00007ff961ba1000 	C:\WINDOWS\System32\USER32.dll
0x00007ff95f600000 - 0x00007ff95f89b000 	C:\WINDOWS\WinSxS\amd64_microsoft.windows.common-controls_6595b64144ccf1df_6.0.19041.6456_none_60b8a6cb71f64256\COMCTL32.dll
0x00007ff960a20000 - 0x00007ff960a42000 	C:\WINDOWS\System32\win32u.dll
0x00007ff962470000 - 0x00007ff96250e000 	C:\WINDOWS\System32\msvcrt.dll
0x00007ff9626b0000 - 0x00007ff9626db000 	C:\WINDOWS\System32\GDI32.dll
0x00007ff960850000 - 0x00007ff960969000 	C:\WINDOWS\System32\gdi32full.dll
0x00007ff9606e0000 - 0x00007ff96077d000 	C:\WINDOWS\System32\msvcp_win.dll
0x00007ff962570000 - 0x00007ff96259f000 	C:\WINDOWS\System32\IMM32.DLL
0x00007ff9488e0000 - 0x00007ff9488ec000 	C:\Program Files\Eclipse Adoptium\jdk-17.0.17.10-hotspot\bin\vcruntime140_1.dll
0x00007ff946800000 - 0x00007ff94688d000 	C:\Program Files\Eclipse Adoptium\jdk-17.0.17.10-hotspot\bin\msvcp140.dll
0x00007ff945b90000 - 0x00007ff9467fb000 	C:\Program Files\Eclipse Adoptium\jdk-17.0.17.10-hotspot\bin\server\jvm.dll
0x00007ff962dc0000 - 0x00007ff962e71000 	C:\WINDOWS\System32\ADVAPI32.dll
0x00007ff962320000 - 0x00007ff9623bf000 	C:\WINDOWS\System32\sechost.dll
0x00007ff961720000 - 0x00007ff961840000 	C:\WINDOWS\System32\RPCRT4.dll
0x00007ff960b50000 - 0x00007ff960b77000 	C:\WINDOWS\System32\bcrypt.dll
0x00007ff962810000 - 0x00007ff96287b000 	C:\WINDOWS\System32\WS2_32.dll
0x00007ff960540000 - 0x00007ff96058b000 	C:\WINDOWS\SYSTEM32\POWRPROF.dll
0x00007ff95cff0000 - 0x00007ff95cffa000 	C:\WINDOWS\SYSTEM32\VERSION.dll
0x00007ff950ac0000 - 0x00007ff950ae7000 	C:\WINDOWS\SYSTEM32\WINMM.dll
0x00007ff960520000 - 0x00007ff960532000 	C:\WINDOWS\SYSTEM32\UMPDC.dll
0x00007ff95de90000 - 0x00007ff95dea2000 	C:\WINDOWS\SYSTEM32\kernel.appcore.dll
0x00007ff948830000 - 0x00007ff94883a000 	C:\Program Files\Eclipse Adoptium\jdk-17.0.17.10-hotspot\bin\jimage.dll
0x00007ff95fff0000 - 0x00007ff9601f1000 	C:\WINDOWS\SYSTEM32\DBGHELP.DLL
0x00007ff95f9a0000 - 0x00007ff95f9d4000 	C:\WINDOWS\SYSTEM32\dbgcore.DLL
0x00007ff960ce0000 - 0x00007ff960d62000 	C:\WINDOWS\System32\bcryptPrimitives.dll
0x00007ff945b60000 - 0x00007ff945b85000 	C:\Program Files\Eclipse Adoptium\jdk-17.0.17.10-hotspot\bin\java.dll
0x00007ff945a80000 - 0x00007ff945b57000 	C:\Program Files\Eclipse Adoptium\jdk-17.0.17.10-hotspot\bin\jsvml.dll
0x00007ff961bb0000 - 0x00007ff962320000 	C:\WINDOWS\System32\SHELL32.dll
0x00007ff95e090000 - 0x00007ff95e835000 	C:\WINDOWS\SYSTEM32\windows.storage.dll
0x00007ff961070000 - 0x00007ff9613c4000 	C:\WINDOWS\System32\combase.dll
0x00007ff95fc10000 - 0x00007ff95fc3b000 	C:\WINDOWS\SYSTEM32\Wldp.dll
0x00007ff962880000 - 0x00007ff96294d000 	C:\WINDOWS\System32\OLEAUT32.dll
0x00007ff962600000 - 0x00007ff9626ad000 	C:\WINDOWS\System32\SHCORE.dll
0x00007ff962510000 - 0x00007ff96256b000 	C:\WINDOWS\System32\shlwapi.dll
0x00007ff960610000 - 0x00007ff960634000 	C:\WINDOWS\SYSTEM32\profapi.dll
0x00007ff945a60000 - 0x00007ff945a7a000 	C:\Program Files\Eclipse Adoptium\jdk-17.0.17.10-hotspot\bin\net.dll
0x00007ff956f00000 - 0x00007ff95700a000 	C:\WINDOWS\SYSTEM32\WINHTTP.dll
0x00007ff95f930000 - 0x00007ff95f99a000 	C:\WINDOWS\system32\mswsock.dll
0x00007ff945a40000 - 0x00007ff945a56000 	C:\Program Files\Eclipse Adoptium\jdk-17.0.17.10-hotspot\bin\nio.dll
0x00007ff945a20000 - 0x00007ff945a38000 	C:\Program Files\Eclipse Adoptium\jdk-17.0.17.10-hotspot\bin\zip.dll
0x00007ff93bfd0000 - 0x00007ff93bff4000 	C:\ProgramData\chocolatey\lib\maven\apache-maven-3.9.11\lib\jansi-native\Windows\x86_64\jansi.dll
0x00007ff957110000 - 0x00007ff957120000 	C:\Program Files\Eclipse Adoptium\jdk-17.0.17.10-hotspot\bin\verify.dll

dbghelp: loaded successfully - version: 4.0.5 - missing functions: none
symbol engine: initialized successfully - sym options: 0x614 - pdb path: .;C:\Program Files\Eclipse Adoptium\jdk-17.0.17.10-hotspot\bin;C:\WINDOWS\SYSTEM32;C:\WINDOWS\WinSxS\amd64_microsoft.windows.common-controls_6595b64144ccf1df_6.0.19041.6456_none_60b8a6cb71f64256;C:\Program Files\Eclipse Adoptium\jdk-17.0.17.10-hotspot\bin\server;C:\ProgramData\chocolatey\lib\maven\apache-maven-3.9.11\lib\jansi-native\Windows\x86_64

VM Arguments:
jvm_args: --enable-native-access=ALL-UNNAMED -Dclassworlds.conf=C:\ProgramData\chocolatey\lib\maven\apache-maven-3.9.11\bin\m2.conf -Dmaven.home=C:\ProgramData\chocolatey\lib\maven\apache-maven-3.9.11 -Dlibrary.jansi.path=C:\ProgramData\chocolatey\lib\maven\apache-maven-3.9.11\lib\jansi-native -Dmaven.multiModuleProjectDirectory=C:\Users\cypri\Desktop\apps\sadec 
java_command: org.codehaus.plexus.classworlds.launcher.Launcher clean compile
java_class_path (initial): C:\ProgramData\chocolatey\lib\maven\apache-maven-3.9.11\boot\plexus-classworlds-2.9.0.jar
Launcher Type: SUN_STANDARD

[Global flags]
     intx CICompilerCount                          = 3                                         {product} {ergonomic}
     uint ConcGCThreads                            = 1                                         {product} {ergonomic}
     uint G1ConcRefinementThreads                  = 4                                         {product} {ergonomic}
   size_t G1HeapRegionSize                         = 1048576                                   {product} {ergonomic}
    uintx GCDrainStackTargetSize                   = 64                                        {product} {ergonomic}
   size_t InitialHeapSize                          = 67108864                                  {product} {ergonomic}
   size_t MarkStackSize                            = 4194304                                   {product} {ergonomic}
   size_t MaxHeapSize                              = 1044381696                                {product} {ergonomic}
   size_t MaxNewSize                               = 625999872                                 {product} {ergonomic}
   size_t MinHeapDeltaBytes                        = 1048576                                   {product} {ergonomic}
   size_t MinHeapSize                              = 8388608                                   {product} {ergonomic}
    uintx NonNMethodCodeHeapSize                   = 5832780                                {pd product} {ergonomic}
    uintx NonProfiledCodeHeapSize                  = 122912730                              {pd product} {ergonomic}
    uintx ProfiledCodeHeapSize                     = 122912730                              {pd product} {ergonomic}
    uintx ReservedCodeCacheSize                    = 251658240                              {pd product} {ergonomic}
     bool SegmentedCodeCache                       = true                                      {product} {ergonomic}
   size_t SoftMaxHeapSize                          = 1044381696                             {manageable} {ergonomic}
     bool UseCompressedClassPointers               = true                           {product lp64_product} {ergonomic}
     bool UseCompressedOops                        = true                           {product lp64_product} {ergonomic}
     bool UseG1GC                                  = true                                      {product} {ergonomic}
     bool UseLargePagesIndividualAllocation        = false                                  {pd product} {ergonomic}

Logging:
Log output configuration:
 #0: stdout all=warning uptime,level,tags
 #1: stderr all=off uptime,level,tags

Environment Variables:
PATH=C:\Program Files\Eclipse Adoptium\jdk-17.0.17.10-hotspot\bin;C:\Program Files\Eclipse Adoptium\jdk-21.0.9.10-hotspot\bin;C:\Python314\Scripts\;C:\Python314\;C:\Program Files (x86)\Common Files\Intel\Shared Libraries\redist\intel64\compiler;C:\WINDOWS\system32;C:\WINDOWS;C:\WINDOWS\System32\Wbem;C:\WINDOWS\System32\WindowsPowerShell\v1.0\;C:\WINDOWS\System32\OpenSSH\;C:\Program Files\Microsoft VS Code\bin;C:\Program Files\Git\cmd;C:\Program Files\nodejs\;C:\ProgramData\chocolatey\bin;C:\ProgramData\chocolatey\lib\maven\apache-maven-3.9.11\bin;C:\Program Files\Docker\Docker\resources\bin;C:\Program Files (x86)\cloudflared\;C:\Program Files\MySQL\MySQL Shell 8.0\bin\;C:\Users\cypri\AppData\Local\Microsoft\WindowsApps;C:\Users\cypri\AppData\Roaming\npm;C:\flutter\bin
USERNAME=cypri
OS=Windows_NT
PROCESSOR_IDENTIFIER=Intel64 Family 6 Model 42 Stepping 7, GenuineIntel
TMP=C:\Users\cypri\AppData\Local\Temp
TEMP=C:\Users\cypri\AppData\Local\Temp



Periodic native trim disabled


---------------  S Y S T E M  ---------------

OS:
 Windows 10 , 64 bit Build 19041 (10.0.19041.5915)
OS uptime: 0 days 1:24 hours
Hyper-V role detected

CPU: total 4 (initial active 4) (2 cores per cpu, 2 threads per core) family 6 model 42 stepping 7 microcode 0x2f, cx8, cmov, fxsr, ht, mmx, sse, sse2, sse3, ssse3, sse4.1, sse4.2, popcnt, tsc, tscinvbit, avx, clmul, vzeroupper, clflush, hv
Processor Information for all 4 processors :
  Max Mhz: 3300, Current Mhz: 3300, Mhz Limit: 3300

Memory: 4k page, system-wide physical 3976M (644M free)
TotalPageFile size 10888M (AvailPageFile size 3827M)
current process WorkingSet (physical memory assigned to process): 165M, peak: 165M
current process commit charge ("private bytes"): 194M, peak: 194M

vm_info: OpenJDK 64-Bit Server VM (17.0.17+10) for windows-amd64 JRE (17.0.17+10), built on Oct 21 2025 23:25:32 by "admin" with unknown MS VC++:1942

END.
