#
# A fatal error has been detected by the Java Runtime Environment:
#
#  EXCEPTION_ACCESS_VIOLATION (0xc0000005) at pc=0x00007ffa6480a857, pid=4484, tid=9208
#
# JRE version: OpenJDK Runtime Environment Temurin-17.0.17+10 (17.0.17+10) (build 17.0.17+10)
# Java VM: OpenJDK 64-Bit Server VM Temurin-17.0.17+10 (17.0.17+10, mixed mode, emulated-client, sharing, tiered, compressed oops, compressed class ptrs, g1 gc, windows-amd64)
# Problematic frame:
# V  [jvm.dll+0x2da857]
#
# No core dump will be written. Minidumps are not enabled by default on client versions of Windows
#
# If you would like to submit a bug report, please visit:
#   https://github.com/adoptium/adoptium-support/issues
#

---------------  S U M M A R Y ------------

Command Line: -XX:TieredStopAtLevel=1 com.singsation.SingsationApiApplication

Host: Intel(R) Core(TM) i3-2120 CPU @ 3.30GHz, 4 cores, 3G,  Windows 10 , 64 bit Build 19041 (10.0.19041.5915)
Time: Sun Feb 22 02:23:58 2026 South Africa Standard Time elapsed time: 47.485685 seconds (0d 0h 0m 47s)

---------------  T H R E A D  ---------------

Current thread (0x000002ce31d6f460):  ConcurrentGCThread "G1 Conc#0" [stack: 0x000000efc4500000,0x000000efc4600000] [id=9208]

Stack: [0x000000efc4500000,0x000000efc4600000],  sp=0x000000efc45ff400,  free space=1021k
Native frames: (J=compiled Java code, j=interpreted, Vv=VM code, C=native code)
V  [jvm.dll+0x2da857]
V  [jvm.dll+0x2da71d]
V  [jvm.dll+0x2d8cad]
V  [jvm.dll+0x2d8441]
V  [jvm.dll+0x2edf64]
V  [jvm.dll+0x2ea7f1]
V  [jvm.dll+0x2ec1ec]
V  [jvm.dll+0x2eb130]
V  [jvm.dll+0x2eeb66]
V  [jvm.dll+0x867e9b]
V  [jvm.dll+0x867ee6]
V  [jvm.dll+0x7ea44c]
V  [jvm.dll+0x682e87]
C  [ucrtbase.dll+0x21bb2]
C  [KERNEL32.DLL+0x17374]
C  [ntdll.dll+0x4cc91]


siginfo: EXCEPTION_ACCESS_VIOLATION (0xc0000005), reading address 0x00000000000000c0


Registers:
RAX=0x000002ce31d475a0, RBX=0x000002ce31d72040, RCX=0x000002ce31d65470, RDX=0x0000000000000000
RSP=0x000000efc45ff400, RBP=0x0000000000000000, RSI=0x000002ce31d65470, RDI=0x0000000000800000
R8 =0x0000000000000000, R9 =0x0000000000800000, R10=0x000002ce31d65470, R11=0x0000000000000003
R12=0x0000000000000000, R13=0xaaaaaaaaaaaaaaab, R14=0x0000000000000000, R15=0x000000efc45ff580
RIP=0x00007ffa6480a857, EFLAGS=0x0000000000010206

XMM[0]=0x0000000000000000 0x0000000000000000
XMM[1]=0x0000000000000000 0x0000000000000000
XMM[2]=0x0000000000000000 0x0000000000000000
XMM[3]=0x0000000000000000 0x0000000000000000
XMM[4]=0x0000000000000000 0x0000000000000000
XMM[5]=0x0000000000000000 0x0000000000000000
XMM[6]=0x0000000000000000 0x3feb28952a4819e0
XMM[7]=0x0000000000000000 0x408f400000000000
XMM[8]=0x0000000000000000 0x0000000000000000
XMM[9]=0x0000000000000000 0x0000000000000000
XMM[10]=0x0000000000000000 0x0000000000000000
XMM[11]=0x0000000000000000 0x0000000000000000
XMM[12]=0x0000000000000000 0x0000000000000000
XMM[13]=0x0000000000000000 0x0000000000000000
XMM[14]=0x0000000000000000 0x0000000000000000
XMM[15]=0x0000000000000000 0x0000000000000000
  MXCSR=0x00001fa0


Register to memory mapping:

RIP=0x00007ffa6480a857 jvm.dll
RAX=0x000002ce31d475a0 points into unknown readable memory: 0x0000000000000000 | 00 00 00 00 00 00 00 00
RBX=0x000002ce31d72040 points into unknown readable memory: 0x00007ffa64e8ac38 | 38 ac e8 64 fa 7f 00 00
RCX=0x000002ce31d65470 points into unknown readable memory: 0x000002ce31d6da30 | 30 da d6 31 ce 02 00 00
RDX=0x0 is NULL
RSP=0x000000efc45ff400 points into unknown readable memory: 0x00007e2cbf7d008a | 8a 00 7d bf 2c 7e 00 00
RBP=0x0 is NULL
RSI=0x000002ce31d65470 points into unknown readable memory: 0x000002ce31d6da30 | 30 da d6 31 ce 02 00 00
RDI=0x0000000000800000 is an unknown value
R8 =0x0 is NULL
R9 =0x0000000000800000 is an unknown value
R10=0x000002ce31d65470 points into unknown readable memory: 0x000002ce31d6da30 | 30 da d6 31 ce 02 00 00
R11=0x0000000000000003 is an unknown value
R12=0x0 is NULL
R13=0xaaaaaaaaaaaaaaab is an unknown value
R14=0x0 is NULL
R15=0x000000efc45ff580 points into unknown readable memory: 0x000002ce31d65470 | 70 54 d6 31 ce 02 00 00


Top of Stack: (sp=0x000000efc45ff400)
0x000000efc45ff400:   00007e2cbf7d008a 000000efc45ff5a0
0x000000efc45ff410:   00000000c26ebe38 00007ffa6480a71d
0x000000efc45ff420:   0000000000800000 00007ffa6480a71d
0x000000efc45ff430:   000002ce41001a18 000000efc45ff5a0
0x000000efc45ff440:   00000000c376b030 00007ffa64808dd3
0x000000efc45ff450:   000000efc45ff5a0 00007ffa64808cad
0x000000efc45ff460:   00000000c376b028 00007ffa64808441
0x000000efc45ff470:   0000000000000000 000002ce41001728
0x000000efc45ff480:   000002ce41001528 00007ffa64808441
0x000000efc45ff490:   0000000000000003 00000000c376b018
0x000000efc45ff4a0:   000000000000000e 0000000000000000
0x000000efc45ff4b0:   000002ce31d72040 00007ffa6481df64
0x000000efc45ff4c0:   00000000c376b018 000002ce31d654c0
0x000000efc45ff4d0:   000000efc45ff580 000002ce31d654c0
0x000000efc45ff4e0:   00000000c376b018 00007ffa6481a7f1
0x000000efc45ff4f0:   000000000036d603 000000000036cb89
0x000000efc45ff500:   000000efc45ff530 00007ffa6481bdf4
0x000000efc45ff510:   0000000000380000 00007ffa6481c1ec
0x000000efc45ff520:   00000000c376afa8 000000000036d603
0x000000efc45ff530:   00000000002887fa 0000000000000000
0x000000efc45ff540:   0000000000000001 0000000000000000
0x000000efc45ff550:   000002ce31d72040 00007ffa6481b130
0x000000efc45ff560:   000002ce31d720d8 000000efc44ff801
0x000000efc45ff570:   000002ce31d720d8 0000000000000000
0x000000efc45ff580:   000002ce31d65470 000002ce31d72040
0x000000efc45ff590:   00000000c3700000 0000000000020000
0x000000efc45ff5a0:   00007ffa64e8ac58 000002ce31d70b30
0x000000efc45ff5b0:   000000ef00000003 000002ce31d3b510
0x000000efc45ff5c0:   000002ce31d72040 00007ffa64bad34c
0x000000efc45ff5d0:   c215b08487feef9e 0000000000000000
0x000000efc45ff5e0:   0000000000000000 0000000000000000
0x000000efc45ff5f0:   000002ce31d6f720 000002ce31d6f460 

Instructions: (pc=0x00007ffa6480a857)
0x00007ffa6480a757:   f9 0f 83 ca 00 00 00 80 3d d0 1d 8b 00 00 74 15
0x00007ffa6480a767:   8b 47 08 8b 0d 98 5b 84 00 48 d3 e0 48 03 05 86
0x00007ffa6480a777:   5b 84 00 eb 04 48 8b 47 08 81 78 08 00 00 00 c0
0x00007ffa6480a787:   72 35 48 8b 83 a8 00 00 00 48 39 83 a0 00 00 00
0x00007ffa6480a797:   73 10 48 8b 83 c0 00 00 00 48 39 83 b8 00 00 00
0x00007ffa6480a7a7:   72 7f 48 8b cb e8 3f 29 01 00 b0 01 48 8b 5c 24
0x00007ffa6480a7b7:   30 48 83 c4 20 5f c3 48 8b 53 30 44 8b 82 80 00
0x00007ffa6480a7c7:   00 00 8b 82 00 01 00 00 41 8b c8 2b c8 81 e1 ff
0x00007ffa6480a7d7:   ff 01 00 81 f9 fe ff 01 00 72 2c 48 8b cb e8 c6
0x00007ffa6480a7e7:   1c 01 00 48 8b 53 30 44 8b 82 80 00 00 00 8b 82
0x00007ffa6480a7f7:   00 01 00 00 41 8b c8 2b c8 81 e1 ff ff 01 00 81
0x00007ffa6480a807:   f9 fe ff 01 00 73 1a 48 8b 82 80 01 00 00 4a 89
0x00007ffa6480a817:   3c c0 41 8d 40 01 25 ff ff 01 00 89 82 80 00 00
0x00007ffa6480a827:   00 48 8b 5c 24 30 b0 01 48 83 c4 20 5f c3 cc cc
0x00007ffa6480a837:   cc cc cc cc cc cc cc cc cc 48 89 6c 24 10 48 89
0x00007ffa6480a847:   74 24 18 57 48 83 ec 20 49 8b f9 8b ea 48 8b f1
0x00007ffa6480a857:   4d 3b 88 c0 00 00 00 72 12 32 c0 48 8b 6c 24 38
0x00007ffa6480a867:   48 8b 74 24 40 48 83 c4 20 5f c3 48 89 5c 24 30
0x00007ffa6480a877:   48 8b d7 48 8b 99 98 00 00 00 48 8b cb 48 8b 03
0x00007ffa6480a887:   ff 10 8b 4b 18 48 8b d7 48 2b 53 08 48 8b 43 20
0x00007ffa6480a897:   48 c1 ea 03 48 d3 ea 48 8b ca 48 c1 e9 06 4c 8d
0x00007ffa6480a8a7:   04 c8 0f b6 ca 49 8b 00 80 e1 3f ba 01 00 00 00
0x00007ffa6480a8b7:   48 d3 e2 48 8b c8 48 0b ca 48 3b c8 74 12 f0 49
0x00007ffa6480a8c7:   0f b1 08 74 25 48 8b c8 48 0b ca 48 3b c8 75 ee
0x00007ffa6480a8d7:   32 db 48 8b 6c 24 38 0f b6 c3 48 8b 5c 24 30 48
0x00007ffa6480a8e7:   8b 74 24 40 48 83 c4 20 5f c3 80 3d 3d 1c 8b 00
0x00007ffa6480a8f7:   00 b3 01 74 15 8b 57 08 8b 0d 03 5a 84 00 48 d3
0x00007ffa6480a907:   e2 48 03 15 f1 59 84 00 eb 04 48 8b 57 08 48 8b
0x00007ffa6480a917:   cf e8 b3 21 d3 ff 48 8b 8e 08 03 00 00 4c 63 d8
0x00007ffa6480a927:   4c 8b 0c e9 49 8b 51 18 8b 8a c0 01 00 00 4c 8b
0x00007ffa6480a937:   82 b8 01 00 00 41 8b 51 60 49 d3 e0 8b 0d 37 25
0x00007ffa6480a947:   8b 00 49 2b f8 48 d3 ef 44 8b d7 49 23 d2 48 c1 


Stack slot to memory mapping:
stack at sp + 0 slots: 0x00007e2cbf7d008a is an unknown value
stack at sp + 1 slots: 0x000000efc45ff5a0 points into unknown readable memory: 0x00007ffa64e8ac58 | 58 ac e8 64 fa 7f 00 00
stack at sp + 2 slots: 0x00000000c26ebe38 is an oop: java.security.ProtectionDomain 
{0x00000000c26ebe38} - klass: 'java/security/ProtectionDomain'
 - ---- fields (total size 5 words):
 - private 'hasAllPerm' 'Z' @12  false
 - private final 'staticPermissions' 'Z' @13  false
 - private 'codesource' 'Ljava/security/CodeSource;' @16  a 'java/security/CodeSource'{0x00000000c26ebe60} (c26ebe60)
 - private 'classloader' 'Ljava/lang/ClassLoader;' @20  a 'jdk/internal/loader/ClassLoaders$AppClassLoader'{0x00000000c21240b8} (c21240b8)
 - private 'principals' '[Ljava/security/Principal;' @24  a 'java/security/Principal'[0] {0x00000000c26ebf20} (c26ebf20)
 - private 'permissions' 'Ljava/security/PermissionCollection;' @28  a 'sun/security/util/LazyCodeSourcePermissionCollection'{0x00000000c26ebf30} (c26ebf30)
 - final 'key' 'Ljava/security/ProtectionDomain$Key;' @32  a 'java/security/ProtectionDomain$Key'{0x00000000c26ec0f0} (c26ec0f0)
stack at sp + 3 slots: 0x00007ffa6480a71d jvm.dll
stack at sp + 4 slots: 0x0000000000800000 is an unknown value
stack at sp + 5 slots: 0x00007ffa6480a71d jvm.dll
stack at sp + 6 slots: 0x000002ce41001a18 is pointing into metadata
stack at sp + 7 slots: 0x000000efc45ff5a0 points into unknown readable memory: 0x00007ffa64e8ac58 | 58 ac e8 64 fa 7f 00 00


---------------  P R O C E S S  ---------------

Threads class SMR info:
_java_thread_list=0x000002ce88d61620, length=30, elements={
0x000002ce31dd6d00, 0x000002ce31dd7b80, 0x000002ce82130a50, 0x000002ce82132620,
0x000002ce82134ff0, 0x000002ce821359b0, 0x000002ce8213b880, 0x000002ce82144290,
0x000002ce8225c4a0, 0x000002ce82260c40, 0x000002ce87977020, 0x000002ce8774ad70,
0x000002ce879c7430, 0x000002ce8799f210, 0x000002ce8755b330, 0x000002ce87559ef0,
0x000002ce8755a400, 0x000002ce8755b840, 0x000002ce8755c260, 0x000002ce88d29060,
0x000002ce88d2a4a0, 0x000002ce88d29f90, 0x000002ce88d2a9b0, 0x000002ce88d2aec0,
0x000002ce88d2c810, 0x000002ce88d2b3d0, 0x000002ce88d2b8e0, 0x000002ce88d2c300,
0x000002ce88d2bdf0, 0x000002ce88d29570
}

Java Threads: ( => current thread )
  0x000002ce31dd6d00 JavaThread "Reference Handler" daemon [_thread_blocked, id=6652, stack(0x000000efc4900000,0x000000efc4a00000)]
  0x000002ce31dd7b80 JavaThread "Finalizer" daemon [_thread_blocked, id=6232, stack(0x000000efc4a00000,0x000000efc4b00000)]
  0x000002ce82130a50 JavaThread "Signal Dispatcher" daemon [_thread_blocked, id=6420, stack(0x000000efc4b00000,0x000000efc4c00000)]
  0x000002ce82132620 JavaThread "Attach Listener" daemon [_thread_blocked, id=620, stack(0x000000efc4c00000,0x000000efc4d00000)]
  0x000002ce82134ff0 JavaThread "Service Thread" daemon [_thread_blocked, id=6520, stack(0x000000efc4d00000,0x000000efc4e00000)]
  0x000002ce821359b0 JavaThread "Monitor Deflation Thread" daemon [_thread_blocked, id=4144, stack(0x000000efc4e00000,0x000000efc4f00000)]
  0x000002ce8213b880 JavaThread "C1 CompilerThread0" daemon [_thread_blocked, id=6688, stack(0x000000efc4f00000,0x000000efc5000000)]
  0x000002ce82144290 JavaThread "Sweeper thread" daemon [_thread_blocked, id=8548, stack(0x000000efc5000000,0x000000efc5100000)]
  0x000002ce8225c4a0 JavaThread "Notification Thread" daemon [_thread_blocked, id=5260, stack(0x000000efc5200000,0x000000efc5300000)]
  0x000002ce82260c40 JavaThread "Common-Cleaner" daemon [_thread_blocked, id=8420, stack(0x000000efc5400000,0x000000efc5500000)]
  0x000002ce87977020 JavaThread "Catalina-utility-1" [_thread_blocked, id=6468, stack(0x000000efc5b00000,0x000000efc5c00000)]
  0x000002ce8774ad70 JavaThread "Catalina-utility-2" [_thread_blocked, id=5080, stack(0x000000efc5c00000,0x000000efc5d00000)]
  0x000002ce879c7430 JavaThread "container-0" [_thread_blocked, id=8600, stack(0x000000efc5d00000,0x000000efc5e00000)]
  0x000002ce8799f210 JavaThread "mysql-cj-abandoned-connection-cleanup" daemon [_thread_blocked, id=2320, stack(0x000000efc5e00000,0x000000efc5f00000)]
  0x000002ce8755b330 JavaThread "HikariPool-1:housekeeper" daemon [_thread_blocked, id=6568, stack(0x000000efc6000000,0x000000efc6100000)]
  0x000002ce87559ef0 JavaThread "File Watcher" daemon [_thread_blocked, id=6268, stack(0x000000efc6200000,0x000000efc6300000)]
  0x000002ce8755a400 JavaThread "Live Reload Server" daemon [_thread_in_native, id=1628, stack(0x000000efc6400000,0x000000efc6500000)]
  0x000002ce8755b840 JavaThread "http-nio-8080-exec-1" daemon [_thread_blocked, id=1936, stack(0x000000efc6300000,0x000000efc6400000)]
  0x000002ce8755c260 JavaThread "http-nio-8080-exec-2" daemon [_thread_blocked, id=6424, stack(0x000000efc6500000,0x000000efc6600000)]
  0x000002ce88d29060 JavaThread "http-nio-8080-exec-3" daemon [_thread_blocked, id=5704, stack(0x000000efc6600000,0x000000efc6700000)]
  0x000002ce88d2a4a0 JavaThread "http-nio-8080-exec-4" daemon [_thread_blocked, id=8836, stack(0x000000efc6700000,0x000000efc6800000)]
  0x000002ce88d29f90 JavaThread "http-nio-8080-exec-5" daemon [_thread_blocked, id=5508, stack(0x000000efc6800000,0x000000efc6900000)]
  0x000002ce88d2a9b0 JavaThread "http-nio-8080-exec-6" daemon [_thread_blocked, id=8932, stack(0x000000efc6900000,0x000000efc6a00000)]
  0x000002ce88d2aec0 JavaThread "http-nio-8080-exec-7" daemon [_thread_blocked, id=9108, stack(0x000000efc6a00000,0x000000efc6b00000)]
  0x000002ce88d2c810 JavaThread "http-nio-8080-exec-8" daemon [_thread_blocked, id=3752, stack(0x000000efc6b00000,0x000000efc6c00000)]
  0x000002ce88d2b3d0 JavaThread "http-nio-8080-exec-9" daemon [_thread_blocked, id=4012, stack(0x000000efc6c00000,0x000000efc6d00000)]
  0x000002ce88d2b8e0 JavaThread "http-nio-8080-exec-10" daemon [_thread_blocked, id=3928, stack(0x000000efc6d00000,0x000000efc6e00000)]
  0x000002ce88d2c300 JavaThread "http-nio-8080-Poller" daemon [_thread_in_native, id=2544, stack(0x000000efc6e00000,0x000000efc6f00000)]
  0x000002ce88d2bdf0 JavaThread "http-nio-8080-Acceptor" daemon [_thread_in_native, id=8736, stack(0x000000efc6f00000,0x000000efc7000000)]
  0x000002ce88d29570 JavaThread "DestroyJavaVM" [_thread_blocked, id=8000, stack(0x000000efc4200000,0x000000efc4300000)]

Other Threads:
  0x000002ce31dd3670 VMThread "VM Thread" [stack: 0x000000efc4800000,0x000000efc4900000] [id=3616]
  0x000002ce822609a0 WatcherThread [stack: 0x000000efc5300000,0x000000efc5400000] [id=3304]
  0x000002ce31d64e60 GCTaskThread "GC Thread#0" [stack: 0x000000efc4300000,0x000000efc4400000] [id=2916]
  0x000002ce82921a40 GCTaskThread "GC Thread#1" [stack: 0x000000efc5500000,0x000000efc5600000] [id=6588]
  0x000002ce8291d2e0 GCTaskThread "GC Thread#2" [stack: 0x000000efc5600000,0x000000efc5700000] [id=5284]
  0x000002ce82923e80 GCTaskThread "GC Thread#3" [stack: 0x000000efc5700000,0x000000efc5800000] [id=6388]
  0x000002ce31d6da30 ConcurrentGCThread "G1 Main Marker" [stack: 0x000000efc4400000,0x000000efc4500000] [id=7444]
=>0x000002ce31d6f460 ConcurrentGCThread "G1 Conc#0" [stack: 0x000000efc4500000,0x000000efc4600000] [id=9208]
  0x000002ce31db0f70 ConcurrentGCThread "G1 Refine#0" [stack: 0x000000efc4600000,0x000000efc4700000] [id=8720]
  0x000002ce31db19a0 ConcurrentGCThread "G1 Service" [stack: 0x000000efc4700000,0x000000efc4800000] [id=3052]

Threads with active compile tasks:

VM state: not at safepoint (normal execution)

VM Mutex/Monitor currently owned by a thread: None

Heap address: 0x00000000c1c00000, size: 996 MB, Compressed Oops mode: 32-bit

CDS archive(s) mapped at: [0x000002ce41000000-0x000002ce41bb0000-0x000002ce41bb0000), size 12255232, SharedBaseAddress: 0x000002ce41000000, ArchiveRelocationMode: 1.
Compressed class space mapped at: 0x000002ce42000000-0x000002ce82000000, reserved size: 1073741824
Narrow klass base: 0x000002ce41000000, Narrow klass shift: 0, Narrow klass range: 0x100000000

GC Precious Log:
 CPUs: 4 total, 4 available
 Memory: 3976M
 Large Page Support: Disabled
 NUMA Support: Disabled
 Compressed Oops: Enabled (32-bit)
 Heap Region Size: 1M
 Heap Min Capacity: 8M
 Heap Initial Capacity: 64M
 Heap Max Capacity: 996M
 Pre-touch: Disabled
 Parallel Workers: 4
 Concurrent Workers: 1
 Concurrent Refinement Workers: 4
 Periodic GC: Disabled

Heap:
 garbage-first heap   total 116736K, used 33309K [0x00000000c1c00000, 0x0000000100000000)
  region size 1024K, 4 young (4096K), 3 survivors (3072K)
 Metaspace       used 66185K, committed 66816K, reserved 1114112K
  class space    used 9703K, committed 9984K, reserved 1048576K

Heap Regions: E=young(eden), S=young(survivor), O=old, HS=humongous(starts), HC=humongous(continues), CS=collection set, F=free, OA=open archive, CA=closed archive, TAMS=top-at-mark-start (previous, next)
|   0|0x00000000c1c00000, 0x00000000c1d00000, 0x00000000c1d00000|100%|HS|  |TAMS 0x00000000c1d00000, 0x00000000c1d00000| Complete 
|   1|0x00000000c1d00000, 0x00000000c1e00000, 0x00000000c1e00000|100%|HS|  |TAMS 0x00000000c1e00000, 0x00000000c1e00000| Complete 
|   2|0x00000000c1e00000, 0x00000000c1f00000, 0x00000000c1f00000|100%| O|  |TAMS 0x00000000c1f00000, 0x00000000c1f00000| Untracked 
|   3|0x00000000c1f00000, 0x00000000c2000000, 0x00000000c2000000|100%| O|  |TAMS 0x00000000c2000000, 0x00000000c2000000| Untracked 
|   4|0x00000000c2000000, 0x00000000c2100000, 0x00000000c2100000|100%| O|  |TAMS 0x00000000c2100000, 0x00000000c2100000| Untracked 
|   5|0x00000000c2100000, 0x00000000c2200000, 0x00000000c2200000|100%| O|  |TAMS 0x00000000c2200000, 0x00000000c2200000| Untracked 
|   6|0x00000000c2200000, 0x00000000c2300000, 0x00000000c2300000|100%| O|  |TAMS 0x00000000c2300000, 0x00000000c2300000| Untracked 
|   7|0x00000000c2300000, 0x00000000c2400000, 0x00000000c2400000|100%| O|  |TAMS 0x00000000c2400000, 0x00000000c2400000| Untracked 
|   8|0x00000000c2400000, 0x00000000c2500000, 0x00000000c2500000|100%| O|  |TAMS 0x00000000c2500000, 0x00000000c2500000| Untracked 
|   9|0x00000000c2500000, 0x00000000c2600000, 0x00000000c2600000|100%| O|  |TAMS 0x00000000c2600000, 0x00000000c2600000| Untracked 
|  10|0x00000000c2600000, 0x00000000c2700000, 0x00000000c2700000|100%| O|  |TAMS 0x00000000c2700000, 0x00000000c2700000| Untracked 
|  11|0x00000000c2700000, 0x00000000c2800000, 0x00000000c2800000|100%| O|  |TAMS 0x00000000c2800000, 0x00000000c2800000| Untracked 
|  12|0x00000000c2800000, 0x00000000c2900000, 0x00000000c2900000|100%| O|  |TAMS 0x00000000c2900000, 0x00000000c2900000| Untracked 
|  13|0x00000000c2900000, 0x00000000c2a00000, 0x00000000c2a00000|100%| O|  |TAMS 0x00000000c2a00000, 0x00000000c2a00000| Untracked 
|  14|0x00000000c2a00000, 0x00000000c2b00000, 0x00000000c2b00000|100%| O|  |TAMS 0x00000000c2b00000, 0x00000000c2b00000| Untracked 
|  15|0x00000000c2b00000, 0x00000000c2c00000, 0x00000000c2c00000|100%| O|  |TAMS 0x00000000c2c00000, 0x00000000c2c00000| Untracked 
|  16|0x00000000c2c00000, 0x00000000c2d00000, 0x00000000c2d00000|100%| O|  |TAMS 0x00000000c2d00000, 0x00000000c2d00000| Untracked 
|  17|0x00000000c2d00000, 0x00000000c2e00000, 0x00000000c2e00000|100%| O|  |TAMS 0x00000000c2e00000, 0x00000000c2e00000| Untracked 
|  18|0x00000000c2e00000, 0x00000000c2f00000, 0x00000000c2f00000|100%| O|  |TAMS 0x00000000c2f00000, 0x00000000c2f00000| Untracked 
|  19|0x00000000c2f00000, 0x00000000c3000000, 0x00000000c3000000|100%| O|  |TAMS 0x00000000c3000000, 0x00000000c3000000| Untracked 
|  20|0x00000000c3000000, 0x00000000c3100000, 0x00000000c3100000|100%| O|  |TAMS 0x00000000c3100000, 0x00000000c3100000| Untracked 
|  21|0x00000000c3100000, 0x00000000c3200000, 0x00000000c3200000|100%| O|  |TAMS 0x00000000c3200000, 0x00000000c3200000| Untracked 
|  22|0x00000000c3200000, 0x00000000c3300000, 0x00000000c3300000|100%| O|  |TAMS 0x00000000c3300000, 0x00000000c3300000| Untracked 
|  23|0x00000000c3300000, 0x00000000c3400000, 0x00000000c3400000|100%| O|  |TAMS 0x00000000c3400000, 0x00000000c3400000| Untracked 
|  24|0x00000000c3400000, 0x00000000c3500000, 0x00000000c3500000|100%| O|  |TAMS 0x00000000c3500000, 0x00000000c3500000| Untracked 
|  25|0x00000000c3500000, 0x00000000c3600000, 0x00000000c3600000|100%| O|  |TAMS 0x00000000c3600000, 0x00000000c3600000| Untracked 
|  26|0x00000000c3600000, 0x00000000c3700000, 0x00000000c3700000|100%| O|  |TAMS 0x00000000c36f4c00, 0x00000000c3700000| Untracked 
|  27|0x00000000c3700000, 0x00000000c3800000, 0x00000000c3800000|100%| O|  |TAMS 0x00000000c3700000, 0x00000000c3800000| Untracked 
|  28|0x00000000c3800000, 0x00000000c3900000, 0x00000000c3900000|100%| O|  |TAMS 0x00000000c3800000, 0x00000000c386a800| Untracked 
|  29|0x00000000c3900000, 0x00000000c39dc600, 0x00000000c3a00000| 86%| O|  |TAMS 0x00000000c3900000, 0x00000000c3900000| Untracked 
|  30|0x00000000c3a00000, 0x00000000c3a00000, 0x00000000c3b00000|  0%| F|  |TAMS 0x00000000c3a00000, 0x00000000c3a00000| Untracked 
|  31|0x00000000c3b00000, 0x00000000c3b00000, 0x00000000c3c00000|  0%| F|  |TAMS 0x00000000c3b00000, 0x00000000c3b00000| Untracked 
|  32|0x00000000c3c00000, 0x00000000c3c00000, 0x00000000c3d00000|  0%| F|  |TAMS 0x00000000c3c00000, 0x00000000c3c00000| Untracked 
|  33|0x00000000c3d00000, 0x00000000c3d00000, 0x00000000c3e00000|  0%| F|  |TAMS 0x00000000c3d00000, 0x00000000c3d00000| Untracked 
|  34|0x00000000c3e00000, 0x00000000c3e00000, 0x00000000c3f00000|  0%| F|  |TAMS 0x00000000c3e00000, 0x00000000c3e00000| Untracked 
|  35|0x00000000c3f00000, 0x00000000c3f00000, 0x00000000c4000000|  0%| F|  |TAMS 0x00000000c3f00000, 0x00000000c3f00000| Untracked 
|  36|0x00000000c4000000, 0x00000000c4000000, 0x00000000c4100000|  0%| F|  |TAMS 0x00000000c4000000, 0x00000000c4000000| Untracked 
|  37|0x00000000c4100000, 0x00000000c4100000, 0x00000000c4200000|  0%| F|  |TAMS 0x00000000c4100000, 0x00000000c4100000| Untracked 
|  38|0x00000000c4200000, 0x00000000c42ab130, 0x00000000c4300000| 66%| S|CS|TAMS 0x00000000c4200000, 0x00000000c4200000| Complete 
|  39|0x00000000c4300000, 0x00000000c4300000, 0x00000000c4400000|  0%| F|  |TAMS 0x00000000c4300000, 0x00000000c4300000| Untracked 
|  40|0x00000000c4400000, 0x00000000c4500000, 0x00000000c4500000|100%| S|CS|TAMS 0x00000000c4400000, 0x00000000c4400000| Complete 
|  41|0x00000000c4500000, 0x00000000c4600000, 0x00000000c4600000|100%| S|CS|TAMS 0x00000000c4500000, 0x00000000c4500000| Complete 
|  42|0x00000000c4600000, 0x00000000c4600000, 0x00000000c4700000|  0%| F|  |TAMS 0x00000000c4600000, 0x00000000c4600000| Untracked 
|  43|0x00000000c4700000, 0x00000000c4700000, 0x00000000c4800000|  0%| F|  |TAMS 0x00000000c4700000, 0x00000000c4700000| Untracked 
|  44|0x00000000c4800000, 0x00000000c4800000, 0x00000000c4900000|  0%| F|  |TAMS 0x00000000c4800000, 0x00000000c4800000| Untracked 
|  45|0x00000000c4900000, 0x00000000c4900000, 0x00000000c4a00000|  0%| F|  |TAMS 0x00000000c4900000, 0x00000000c4900000| Untracked 
|  46|0x00000000c4a00000, 0x00000000c4a00000, 0x00000000c4b00000|  0%| F|  |TAMS 0x00000000c4a00000, 0x00000000c4a00000| Untracked 
|  47|0x00000000c4b00000, 0x00000000c4b00000, 0x00000000c4c00000|  0%| F|  |TAMS 0x00000000c4b00000, 0x00000000c4b00000| Untracked 
|  48|0x00000000c4c00000, 0x00000000c4c00000, 0x00000000c4d00000|  0%| F|  |TAMS 0x00000000c4c00000, 0x00000000c4c00000| Untracked 
|  49|0x00000000c4d00000, 0x00000000c4d00000, 0x00000000c4e00000|  0%| F|  |TAMS 0x00000000c4d00000, 0x00000000c4d00000| Untracked 
|  50|0x00000000c4e00000, 0x00000000c4e00000, 0x00000000c4f00000|  0%| F|  |TAMS 0x00000000c4e00000, 0x00000000c4e00000| Untracked 
|  51|0x00000000c4f00000, 0x00000000c4f00000, 0x00000000c5000000|  0%| F|  |TAMS 0x00000000c4f00000, 0x00000000c4f00000| Untracked 
|  52|0x00000000c5000000, 0x00000000c5000000, 0x00000000c5100000|  0%| F|  |TAMS 0x00000000c5000000, 0x00000000c5000000| Untracked 
|  53|0x00000000c5100000, 0x00000000c5100000, 0x00000000c5200000|  0%| F|  |TAMS 0x00000000c5100000, 0x00000000c5100000| Untracked 
|  54|0x00000000c5200000, 0x00000000c5200000, 0x00000000c5300000|  0%| F|  |TAMS 0x00000000c5200000, 0x00000000c5200000| Untracked 
|  55|0x00000000c5300000, 0x00000000c5300000, 0x00000000c5400000|  0%| F|  |TAMS 0x00000000c5300000, 0x00000000c5300000| Untracked 
|  56|0x00000000c5400000, 0x00000000c5400000, 0x00000000c5500000|  0%| F|  |TAMS 0x00000000c5400000, 0x00000000c5400000| Untracked 
|  57|0x00000000c5500000, 0x00000000c5500000, 0x00000000c5600000|  0%| F|  |TAMS 0x00000000c5500000, 0x00000000c5500000| Untracked 
|  58|0x00000000c5600000, 0x00000000c5600000, 0x00000000c5700000|  0%| F|  |TAMS 0x00000000c5600000, 0x00000000c5600000| Untracked 
|  59|0x00000000c5700000, 0x00000000c5700000, 0x00000000c5800000|  0%| F|  |TAMS 0x00000000c5700000, 0x00000000c5700000| Untracked 
|  60|0x00000000c5800000, 0x00000000c5800000, 0x00000000c5900000|  0%| F|  |TAMS 0x00000000c5800000, 0x00000000c5800000| Untracked 
|  61|0x00000000c5900000, 0x00000000c5900000, 0x00000000c5a00000|  0%| F|  |TAMS 0x00000000c5900000, 0x00000000c5900000| Untracked 
|  62|0x00000000c5a00000, 0x00000000c5a00000, 0x00000000c5b00000|  0%| F|  |TAMS 0x00000000c5a00000, 0x00000000c5a00000| Untracked 
|  63|0x00000000c5b00000, 0x00000000c5b00000, 0x00000000c5c00000|  0%| F|  |TAMS 0x00000000c5b00000, 0x00000000c5b00000| Untracked 
|  64|0x00000000c5c00000, 0x00000000c5c00000, 0x00000000c5d00000|  0%| F|  |TAMS 0x00000000c5c00000, 0x00000000c5c00000| Untracked 
|  65|0x00000000c5d00000, 0x00000000c5d00000, 0x00000000c5e00000|  0%| F|  |TAMS 0x00000000c5d00000, 0x00000000c5d00000| Untracked 
|  66|0x00000000c5e00000, 0x00000000c5e00000, 0x00000000c5f00000|  0%| F|  |TAMS 0x00000000c5e00000, 0x00000000c5e00000| Untracked 
|  67|0x00000000c5f00000, 0x00000000c5f00000, 0x00000000c6000000|  0%| F|  |TAMS 0x00000000c5f00000, 0x00000000c5f00000| Untracked 
|  68|0x00000000c6000000, 0x00000000c6000000, 0x00000000c6100000|  0%| F|  |TAMS 0x00000000c6000000, 0x00000000c6000000| Untracked 
|  69|0x00000000c6100000, 0x00000000c6100000, 0x00000000c6200000|  0%| F|  |TAMS 0x00000000c6100000, 0x00000000c6100000| Untracked 
|  70|0x00000000c6200000, 0x00000000c6200000, 0x00000000c6300000|  0%| F|  |TAMS 0x00000000c6200000, 0x00000000c6200000| Untracked 
|  71|0x00000000c6300000, 0x00000000c6300000, 0x00000000c6400000|  0%| F|  |TAMS 0x00000000c6300000, 0x00000000c6300000| Untracked 
|  72|0x00000000c6400000, 0x00000000c6400000, 0x00000000c6500000|  0%| F|  |TAMS 0x00000000c6400000, 0x00000000c6400000| Untracked 
|  73|0x00000000c6500000, 0x00000000c6500000, 0x00000000c6600000|  0%| F|  |TAMS 0x00000000c6500000, 0x00000000c6500000| Untracked 
|  74|0x00000000c6600000, 0x00000000c6600000, 0x00000000c6700000|  0%| F|  |TAMS 0x00000000c6600000, 0x00000000c6600000| Untracked 
|  75|0x00000000c6700000, 0x00000000c6700000, 0x00000000c6800000|  0%| F|  |TAMS 0x00000000c6700000, 0x00000000c6700000| Untracked 
|  76|0x00000000c6800000, 0x00000000c6800000, 0x00000000c6900000|  0%| F|  |TAMS 0x00000000c6800000, 0x00000000c6800000| Untracked 
|  77|0x00000000c6900000, 0x00000000c6900000, 0x00000000c6a00000|  0%| F|  |TAMS 0x00000000c6900000, 0x00000000c6900000| Untracked 
|  78|0x00000000c6a00000, 0x00000000c6a00000, 0x00000000c6b00000|  0%| F|  |TAMS 0x00000000c6a00000, 0x00000000c6a00000| Untracked 
|  79|0x00000000c6b00000, 0x00000000c6b00000, 0x00000000c6c00000|  0%| F|  |TAMS 0x00000000c6b00000, 0x00000000c6b00000| Untracked 
|  80|0x00000000c6c00000, 0x00000000c6c00000, 0x00000000c6d00000|  0%| F|  |TAMS 0x00000000c6c00000, 0x00000000c6c00000| Untracked 
|  81|0x00000000c6d00000, 0x00000000c6d00000, 0x00000000c6e00000|  0%| F|  |TAMS 0x00000000c6d00000, 0x00000000c6d00000| Untracked 
|  82|0x00000000c6e00000, 0x00000000c6e00000, 0x00000000c6f00000|  0%| F|  |TAMS 0x00000000c6e00000, 0x00000000c6e00000| Untracked 
|  83|0x00000000c6f00000, 0x00000000c6f00000, 0x00000000c7000000|  0%| F|  |TAMS 0x00000000c6f00000, 0x00000000c6f00000| Untracked 
|  84|0x00000000c7000000, 0x00000000c7000000, 0x00000000c7100000|  0%| F|  |TAMS 0x00000000c7000000, 0x00000000c7000000| Untracked 
|  85|0x00000000c7100000, 0x00000000c7100000, 0x00000000c7200000|  0%| F|  |TAMS 0x00000000c7100000, 0x00000000c7100000| Untracked 
|  86|0x00000000c7200000, 0x00000000c7200000, 0x00000000c7300000|  0%| F|  |TAMS 0x00000000c7200000, 0x00000000c7200000| Untracked 
|  87|0x00000000c7300000, 0x00000000c7300000, 0x00000000c7400000|  0%| F|  |TAMS 0x00000000c7300000, 0x00000000c7300000| Untracked 
|  88|0x00000000c7400000, 0x00000000c7400000, 0x00000000c7500000|  0%| F|  |TAMS 0x00000000c7400000, 0x00000000c7400000| Untracked 
|  89|0x00000000c7500000, 0x00000000c7500000, 0x00000000c7600000|  0%| F|  |TAMS 0x00000000c7500000, 0x00000000c7500000| Untracked 
|  90|0x00000000c7600000, 0x00000000c7600000, 0x00000000c7700000|  0%| F|  |TAMS 0x00000000c7600000, 0x00000000c7600000| Untracked 
|  91|0x00000000c7700000, 0x00000000c7700000, 0x00000000c7800000|  0%| F|  |TAMS 0x00000000c7700000, 0x00000000c7700000| Untracked 
|  92|0x00000000c7800000, 0x00000000c7800000, 0x00000000c7900000|  0%| F|  |TAMS 0x00000000c7800000, 0x00000000c7800000| Untracked 
|  93|0x00000000c7900000, 0x00000000c7900000, 0x00000000c7a00000|  0%| F|  |TAMS 0x00000000c7900000, 0x00000000c7900000| Untracked 
|  94|0x00000000c7a00000, 0x00000000c7a00000, 0x00000000c7b00000|  0%| F|  |TAMS 0x00000000c7a00000, 0x00000000c7a00000| Untracked 
|  95|0x00000000c7b00000, 0x00000000c7b00000, 0x00000000c7c00000|  0%| F|  |TAMS 0x00000000c7b00000, 0x00000000c7b00000| Untracked 
|  96|0x00000000c7c00000, 0x00000000c7c00000, 0x00000000c7d00000|  0%| F|  |TAMS 0x00000000c7c00000, 0x00000000c7c00000| Untracked 
|  97|0x00000000c7d00000, 0x00000000c7d00000, 0x00000000c7e00000|  0%| F|  |TAMS 0x00000000c7d00000, 0x00000000c7d00000| Untracked 
|  98|0x00000000c7e00000, 0x00000000c7e00000, 0x00000000c7f00000|  0%| F|  |TAMS 0x00000000c7e00000, 0x00000000c7e00000| Untracked 
|  99|0x00000000c7f00000, 0x00000000c7f00000, 0x00000000c8000000|  0%| F|  |TAMS 0x00000000c7f00000, 0x00000000c7f00000| Untracked 
| 100|0x00000000c8000000, 0x00000000c8000000, 0x00000000c8100000|  0%| F|  |TAMS 0x00000000c8000000, 0x00000000c8000000| Untracked 
| 101|0x00000000c8100000, 0x00000000c8100000, 0x00000000c8200000|  0%| F|  |TAMS 0x00000000c8100000, 0x00000000c8100000| Untracked 
| 102|0x00000000c8200000, 0x00000000c8200000, 0x00000000c8300000|  0%| F|  |TAMS 0x00000000c8200000, 0x00000000c8200000| Untracked 
| 103|0x00000000c8300000, 0x00000000c8300000, 0x00000000c8400000|  0%| F|  |TAMS 0x00000000c8300000, 0x00000000c8300000| Untracked 
| 104|0x00000000c8400000, 0x00000000c8400000, 0x00000000c8500000|  0%| F|  |TAMS 0x00000000c8400000, 0x00000000c8400000| Untracked 
| 105|0x00000000c8500000, 0x00000000c8500000, 0x00000000c8600000|  0%| F|  |TAMS 0x00000000c8500000, 0x00000000c8500000| Untracked 
| 106|0x00000000c8600000, 0x00000000c8600000, 0x00000000c8700000|  0%| F|  |TAMS 0x00000000c8600000, 0x00000000c8600000| Untracked 
| 107|0x00000000c8700000, 0x00000000c8700000, 0x00000000c8800000|  0%| F|  |TAMS 0x00000000c8700000, 0x00000000c8700000| Untracked 
| 108|0x00000000c8800000, 0x00000000c8800000, 0x00000000c8900000|  0%| F|  |TAMS 0x00000000c8800000, 0x00000000c8800000| Untracked 
| 109|0x00000000c8900000, 0x00000000c8900000, 0x00000000c8a00000|  0%| F|  |TAMS 0x00000000c8900000, 0x00000000c8900000| Untracked 
| 110|0x00000000c8a00000, 0x00000000c8a00000, 0x00000000c8b00000|  0%| F|  |TAMS 0x00000000c8a00000, 0x00000000c8a00000| Untracked 
| 111|0x00000000c8b00000, 0x00000000c8b00000, 0x00000000c8c00000|  0%| F|  |TAMS 0x00000000c8b00000, 0x00000000c8b00000| Untracked 
| 112|0x00000000c8c00000, 0x00000000c8c00000, 0x00000000c8d00000|  0%| F|  |TAMS 0x00000000c8c00000, 0x00000000c8c00000| Untracked 
| 113|0x00000000c8d00000, 0x00000000c8d37180, 0x00000000c8e00000| 21%| E|  |TAMS 0x00000000c8d00000, 0x00000000c8d00000| Complete 

Card table byte_map: [0x000002ce3c8a0000,0x000002ce3caa0000] _byte_map_base: 0x000002ce3c292000

Marking Bits (Prev, Next): (CMBitMap*) 0x000002ce31d65480, (CMBitMap*) 0x000002ce31d654c0
 Prev Bits: [0x000002ce3cca0000, 0x000002ce3dc30000)
 Next Bits: [0x000002ce3dc30000, 0x000002ce3ebc0000)

Polling page: 0x000002ce2fc70000

Metaspace:

Usage:
  Non-class:     55.16 MB used.
      Class:      9.48 MB used.
       Both:     64.63 MB used.

Virtual space:
  Non-class space:       64.00 MB reserved,      55.50 MB ( 87%) committed,  1 nodes.
      Class space:        1.00 GB reserved,       9.75 MB ( <1%) committed,  1 nodes.
             Both:        1.06 GB reserved,      65.25 MB (  6%) committed. 

Chunk freelists:
   Non-Class:  8.53 MB
       Class:  6.28 MB
        Both:  14.81 MB

MaxMetaspaceSize: unlimited
CompressedClassSpaceSize: 1.00 GB
Initial GC threshold: 21.00 MB
Current GC threshold: 103.06 MB
CDS: on
MetaspaceReclaimPolicy: balanced
 - commit_granule_bytes: 65536.
 - commit_granule_words: 8192.
 - virtual_space_node_default_size: 8388608.
 - enlarge_chunks_in_place: 1.
 - new_chunks_are_fully_committed: 0.
 - uncommit_free_chunks: 1.
 - use_allocation_guard: 0.
 - handle_deallocations: 1.


Internal statistics:

num_allocs_failed_limit: 9.
num_arena_births: 836.
num_arena_deaths: 0.
num_vsnodes_births: 2.
num_vsnodes_deaths: 0.
num_space_committed: 1044.
num_space_uncommitted: 0.
num_chunks_returned_to_freelist: 9.
num_chunks_taken_from_freelist: 3412.
num_chunk_merges: 9.
num_chunk_splits: 2452.
num_chunks_enlarged: 1886.
num_inconsistent_stats: 0.

CodeCache: size=49152Kb used=11692Kb max_used=12617Kb free=37459Kb
 bounds [0x000002ce398a0000, 0x000002ce3a500000, 0x000002ce3c8a0000]
 total_blobs=7401 nmethods=6731 adapters=596
 compilation: enabled
              stopped_count=0, restarted_count=0
 full_count=0

Compilation events (20 events):
Event: 40.394 Thread 0x000002ce8213b880 6721       1       java.util.AbstractCollection::containsAll (38 bytes)
Event: 40.394 Thread 0x000002ce8213b880 nmethod 6721 0x000002ce39be7d10 code [0x000002ce39be7ee0, 0x000002ce39be8098]
Event: 42.024 Thread 0x000002ce8213b880 6723       1       java.io.File::getName (42 bytes)
Event: 42.024 Thread 0x000002ce8213b880 nmethod 6723 0x000002ce39be7310 code [0x000002ce39be74e0, 0x000002ce39be76f8]
Event: 44.147 Thread 0x000002ce8213b880 6724       1       org.apache.tomcat.util.net.NioEndpoint$NioSocketWrapper::interestOps (5 bytes)
Event: 44.147 Thread 0x000002ce8213b880 nmethod 6724 0x000002ce39be7010 code [0x000002ce39be71a0, 0x000002ce39be7278]
Event: 45.187 Thread 0x000002ce8213b880 6725       1       jdk.internal.misc.Unsafe::putReferenceOpaque (9 bytes)
Event: 45.187 Thread 0x000002ce8213b880 nmethod 6725 0x000002ce39be6d10 code [0x000002ce39be6ea0, 0x000002ce39be6fb8]
Event: 45.217 Thread 0x000002ce8213b880 6726       1       java.util.concurrent.locks.ReentrantReadWriteLock::readLock (5 bytes)
Event: 45.217 Thread 0x000002ce8213b880 nmethod 6726 0x000002ce39be6a10 code [0x000002ce39be6ba0, 0x000002ce39be6c78]
Event: 45.217 Thread 0x000002ce8213b880 6727       1       java.util.concurrent.locks.AbstractQueuedSynchronizer::releaseShared (19 bytes)
Event: 45.217 Thread 0x000002ce8213b880 nmethod 6727 0x000002ce39be6510 code [0x000002ce39be66c0, 0x000002ce39be6898]
Event: 45.217 Thread 0x000002ce8213b880 6728       1       java.util.concurrent.locks.ReentrantReadWriteLock$ReadLock::lock (9 bytes)
Event: 45.218 Thread 0x000002ce8213b880 nmethod 6728 0x000002ce39be6110 code [0x000002ce39be62c0, 0x000002ce39be6418]
Event: 45.218 Thread 0x000002ce8213b880 6729       1       java.util.concurrent.locks.AbstractQueuedSynchronizer::acquireShared (20 bytes)
Event: 45.218 Thread 0x000002ce8213b880 nmethod 6729 0x000002ce39be5d10 code [0x000002ce39be5ec0, 0x000002ce39be6018]
Event: 45.218 Thread 0x000002ce8213b880 6730       1       java.util.concurrent.locks.ReentrantReadWriteLock$Sync::tryAcquireShared (177 bytes)
Event: 45.218 Thread 0x000002ce8213b880 nmethod 6730 0x000002ce39be5110 code [0x000002ce39be5320, 0x000002ce39be5988]
Event: 45.218 Thread 0x000002ce8213b880 6731       1       java.util.concurrent.locks.ReentrantReadWriteLock$Sync::sharedCount (5 bytes)
Event: 45.218 Thread 0x000002ce8213b880 nmethod 6731 0x000002ce39be4e10 code [0x000002ce39be4fa0, 0x000002ce39be5058]

GC Heap History (20 events):
Event: 7.937 GC heap before
{Heap before GC invocations=13 (full 0):
 garbage-first heap   total 58368K, used 25036K [0x00000000c1c00000, 0x0000000100000000)
  region size 1024K, 5 young (5120K), 4 survivors (4096K)
 Metaspace       used 41784K, committed 42240K, reserved 1114112K
  class space    used 6038K, committed 6272K, reserved 1048576K
}
Event: 7.943 GC heap after
{Heap after GC invocations=14 (full 0):
 garbage-first heap   total 58368K, used 24376K [0x00000000c1c00000, 0x0000000100000000)
  region size 1024K, 1 young (1024K), 1 survivors (1024K)
 Metaspace       used 41784K, committed 42240K, reserved 1114112K
  class space    used 6038K, committed 6272K, reserved 1048576K
}
Event: 8.512 GC heap before
{Heap before GC invocations=14 (full 0):
 garbage-first heap   total 58368K, used 43832K [0x00000000c1c00000, 0x0000000100000000)
  region size 1024K, 21 young (21504K), 1 survivors (1024K)
 Metaspace       used 45499K, committed 46016K, reserved 1114112K
  class space    used 6523K, committed 6784K, reserved 1048576K
}
Event: 8.515 GC heap after
{Heap after GC invocations=15 (full 0):
 garbage-first heap   total 58368K, used 24962K [0x00000000c1c00000, 0x0000000100000000)
  region size 1024K, 2 young (2048K), 2 survivors (2048K)
 Metaspace       used 45499K, committed 46016K, reserved 1114112K
  class space    used 6523K, committed 6784K, reserved 1048576K
}
Event: 9.025 GC heap before
{Heap before GC invocations=16 (full 0):
 garbage-first heap   total 58368K, used 44418K [0x00000000c1c00000, 0x0000000100000000)
  region size 1024K, 22 young (22528K), 2 survivors (2048K)
 Metaspace       used 50794K, committed 51328K, reserved 1114112K
  class space    used 7400K, committed 7680K, reserved 1048576K
}
Event: 9.029 GC heap after
{Heap after GC invocations=17 (full 0):
 garbage-first heap   total 58368K, used 25644K [0x00000000c1c00000, 0x0000000100000000)
  region size 1024K, 2 young (2048K), 2 survivors (2048K)
 Metaspace       used 50794K, committed 51328K, reserved 1114112K
  class space    used 7400K, committed 7680K, reserved 1048576K
}
Event: 9.048 GC heap before
{Heap before GC invocations=17 (full 0):
 garbage-first heap   total 58368K, used 26668K [0x00000000c1c00000, 0x0000000100000000)
  region size 1024K, 3 young (3072K), 2 survivors (2048K)
 Metaspace       used 51010K, committed 51520K, reserved 1114112K
  class space    used 7439K, committed 7680K, reserved 1048576K
}
Event: 9.053 GC heap after
{Heap after GC invocations=18 (full 0):
 garbage-first heap   total 58368K, used 25673K [0x00000000c1c00000, 0x0000000100000000)
  region size 1024K, 1 young (1024K), 1 survivors (1024K)
 Metaspace       used 51010K, committed 51520K, reserved 1114112K
  class space    used 7439K, committed 7680K, reserved 1048576K
}
Event: 9.462 GC heap before
{Heap before GC invocations=18 (full 0):
 garbage-first heap   total 58368K, used 46153K [0x00000000c1c00000, 0x0000000100000000)
  region size 1024K, 21 young (21504K), 1 survivors (1024K)
 Metaspace       used 53310K, committed 53888K, reserved 1114112K
  class space    used 7802K, committed 8064K, reserved 1048576K
}
Event: 9.464 GC heap after
{Heap after GC invocations=19 (full 0):
 garbage-first heap   total 58368K, used 25927K [0x00000000c1c00000, 0x0000000100000000)
  region size 1024K, 1 young (1024K), 1 survivors (1024K)
 Metaspace       used 53310K, committed 53888K, reserved 1114112K
  class space    used 7802K, committed 8064K, reserved 1048576K
}
Event: 10.286 GC heap before
{Heap before GC invocations=19 (full 0):
 garbage-first heap   total 58368K, used 47431K [0x00000000c1c00000, 0x0000000100000000)
  region size 1024K, 22 young (22528K), 1 survivors (1024K)
 Metaspace       used 57224K, committed 57792K, reserved 1114112K
  class space    used 8367K, committed 8640K, reserved 1048576K
}
Event: 10.291 GC heap after
{Heap after GC invocations=20 (full 0):
 garbage-first heap   total 58368K, used 27684K [0x00000000c1c00000, 0x0000000100000000)
  region size 1024K, 3 young (3072K), 3 survivors (3072K)
 Metaspace       used 57224K, committed 57792K, reserved 1114112K
  class space    used 8367K, committed 8640K, reserved 1048576K
}
Event: 10.749 GC heap before
{Heap before GC invocations=20 (full 0):
 garbage-first heap   total 58368K, used 47140K [0x00000000c1c00000, 0x0000000100000000)
  region size 1024K, 22 young (22528K), 3 survivors (3072K)
 Metaspace       used 60191K, committed 60736K, reserved 1114112K
  class space    used 8782K, committed 9024K, reserved 1048576K
}
Event: 10.755 GC heap after
{Heap after GC invocations=21 (full 0):
 garbage-first heap   total 58368K, used 29171K [0x00000000c1c00000, 0x0000000100000000)
  region size 1024K, 2 young (2048K), 2 survivors (2048K)
 Metaspace       used 60191K, committed 60736K, reserved 1114112K
  class space    used 8782K, committed 9024K, reserved 1048576K
}
Event: 11.137 GC heap before
{Heap before GC invocations=21 (full 0):
 garbage-first heap   total 58368K, used 47603K [0x00000000c1c00000, 0x0000000100000000)
  region size 1024K, 20 young (20480K), 2 survivors (2048K)
 Metaspace       used 62558K, committed 63104K, reserved 1114112K
  class space    used 9127K, committed 9344K, reserved 1048576K
}
Event: 11.142 GC heap after
{Heap after GC invocations=22 (full 0):
 garbage-first heap   total 58368K, used 30673K [0x00000000c1c00000, 0x0000000100000000)
  region size 1024K, 3 young (3072K), 3 survivors (3072K)
 Metaspace       used 62558K, committed 63104K, reserved 1114112K
  class space    used 9127K, committed 9344K, reserved 1048576K
}
Event: 11.519 GC heap before
{Heap before GC invocations=23 (full 0):
 garbage-first heap   total 58368K, used 48081K [0x00000000c1c00000, 0x0000000100000000)
  region size 1024K, 20 young (20480K), 3 survivors (3072K)
 Metaspace       used 63626K, committed 64192K, reserved 1114112K
  class space    used 9336K, committed 9600K, reserved 1048576K
}
Event: 11.526 GC heap after
{Heap after GC invocations=24 (full 0):
 garbage-first heap   total 58368K, used 32170K [0x00000000c1c00000, 0x0000000100000000)
  region size 1024K, 3 young (3072K), 3 survivors (3072K)
 Metaspace       used 63626K, committed 64192K, reserved 1114112K
  class space    used 9336K, committed 9600K, reserved 1048576K
}
Event: 47.153 GC heap before
{Heap before GC invocations=24 (full 0):
 garbage-first heap   total 58368K, used 47530K [0x00000000c1c00000, 0x0000000100000000)
  region size 1024K, 18 young (18432K), 3 survivors (3072K)
 Metaspace       used 66185K, committed 66816K, reserved 1114112K
  class space    used 9703K, committed 9984K, reserved 1048576K
}
Event: 47.160 GC heap after
{Heap after GC invocations=25 (full 0):
 garbage-first heap   total 116736K, used 33309K [0x00000000c1c00000, 0x0000000100000000)
  region size 1024K, 3 young (3072K), 3 survivors (3072K)
 Metaspace       used 66185K, committed 66816K, reserved 1114112K
  class space    used 9703K, committed 9984K, reserved 1048576K
}

Dll operation events (10 events):
Event: 0.024 Loaded shared library C:\Program Files\Eclipse Adoptium\jdk-17.0.17.10-hotspot\bin\java.dll
Event: 0.043 Loaded shared library C:\Program Files\Eclipse Adoptium\jdk-17.0.17.10-hotspot\bin\jsvml.dll
Event: 0.156 Loaded shared library C:\Program Files\Eclipse Adoptium\jdk-17.0.17.10-hotspot\bin\net.dll
Event: 0.159 Loaded shared library C:\Program Files\Eclipse Adoptium\jdk-17.0.17.10-hotspot\bin\nio.dll
Event: 0.164 Loaded shared library C:\Program Files\Eclipse Adoptium\jdk-17.0.17.10-hotspot\bin\zip.dll
Event: 0.340 Loaded shared library C:\Program Files\Eclipse Adoptium\jdk-17.0.17.10-hotspot\bin\jimage.dll
Event: 0.700 Loaded shared library C:\Program Files\Eclipse Adoptium\jdk-17.0.17.10-hotspot\bin\management.dll
Event: 0.751 Loaded shared library C:\Program Files\Eclipse Adoptium\jdk-17.0.17.10-hotspot\bin\management_ext.dll
Event: 2.808 Loaded shared library C:\Program Files\Eclipse Adoptium\jdk-17.0.17.10-hotspot\bin\sunmscapi.dll
Event: 6.942 Loaded shared library C:\Program Files\Eclipse Adoptium\jdk-17.0.17.10-hotspot\bin\extnet.dll

Deoptimization events (4 events):
Event: 5.180 Thread 0x000002ce8297fed0 DEOPT PACKING pc=0x000002ce39d6d101 sp=0x000000efc5afe2c0
Event: 5.180 Thread 0x000002ce8297fed0 DEOPT UNPACKING pc=0x000002ce398f7143 sp=0x000000efc5afd750 mode 3
Event: 5.181 Thread 0x000002ce8774ad70 DEOPT PACKING pc=0x000002ce39d5bb17 sp=0x000000efc5cfed30
Event: 5.181 Thread 0x000002ce8774ad70 DEOPT UNPACKING pc=0x000002ce398f7143 sp=0x000000efc5cfe188 mode 3

Classes loaded (20 events):
Event: 22.366 Loading class java/util/ArrayList$SubList$2
Event: 22.379 Loading class java/util/ArrayList$SubList$2 done
Event: 22.578 Loading class java/time/format/DateTimeFormatterBuilder$ZoneTextPrinterParser
Event: 22.579 Loading class java/time/format/DateTimeFormatterBuilder$ZoneTextPrinterParser done
Event: 22.579 Loading class java/time/format/DateTimeFormatterBuilder$ReducedPrinterParser
Event: 22.580 Loading class java/time/format/DateTimeFormatterBuilder$ReducedPrinterParser done
Event: 22.629 Loading class java/util/stream/ReferencePipeline$4
Event: 22.644 Loading class java/util/stream/ReferencePipeline$4 done
Event: 22.644 Loading class java/util/function/IntBinaryOperator
Event: 22.649 Loading class java/util/function/IntBinaryOperator done
Event: 22.649 Loading class java/util/stream/ReduceOps$7
Event: 22.652 Loading class java/util/stream/ReduceOps$7 done
Event: 22.652 Loading class java/util/stream/ReduceOps$6ReducingSink
Event: 22.652 Loading class java/util/stream/ReduceOps$6ReducingSink done
Event: 22.652 Loading class java/util/stream/ReferencePipeline$4$1
Event: 22.652 Loading class java/util/stream/ReferencePipeline$4$1 done
Event: 22.709 Loading class java/lang/Throwable$WrappedPrintWriter
Event: 22.729 Loading class java/lang/Throwable$PrintStreamOrWriter
Event: 22.729 Loading class java/lang/Throwable$PrintStreamOrWriter done
Event: 22.729 Loading class java/lang/Throwable$WrappedPrintWriter done

Classes unloaded (0 events):
No events

Classes redefined (0 events):
No events

Internal exceptions (20 events):
Event: 10.674 Thread 0x000002ce8297fed0 Exception <a 'java/lang/reflect/InvocationTargetException'{0x00000000c45757d8}> (0x00000000c45757d8) 
thrown [s\src\hotspot\share\runtime\reflection.cpp, line 1128]
Event: 10.677 Thread 0x000002ce8297fed0 Exception <a 'java/lang/reflect/InvocationTargetException'{0x00000000c4589d38}> (0x00000000c4589d38) 
thrown [s\src\hotspot\share\runtime\reflection.cpp, line 1128]
Event: 10.986 Thread 0x000002ce8297fed0 Exception <a 'java/lang/IncompatibleClassChangeError'{0x00000000c4a5e700}: Found class java.lang.Object, but interface was expected> (0x00000000c4a5e700) 
thrown [s\src\hotspot\share\interpreter\linkResolver.cpp, line 826]
Event: 11.225 Thread 0x000002ce8297fed0 Exception <a 'java/lang/NoSuchMethodError'{0x00000000c52b23a8}: 'java.lang.Object java.lang.invoke.DirectMethodHandle$Holder.invokeInterface(java.lang.Object, java.lang.Object, java.lang.Object, java.lang.Object)'> (0x00000000c52b23a8) 
thrown [s\src\hotspot\share\interpreter\linkResolver.cpp, line 759]
Event: 11.315 Thread 0x000002ce8297fed0 Exception <a 'java/lang/NoSuchMethodError'{0x00000000c4ed5438}: 'int java.lang.invoke.DirectMethodHandle$Holder.invokeStaticInit(java.lang.Object, java.lang.Object, java.lang.Object, java.lang.Object)'> (0x00000000c4ed5438) 
thrown [s\src\hotspot\share\interpreter\linkResolver.cpp, line 759]
Event: 11.364 Thread 0x000002ce8297fed0 Exception <a 'java/lang/IncompatibleClassChangeError'{0x00000000c4ca6630}: Found class java.lang.Object, but interface was expected> (0x00000000c4ca6630) 
thrown [s\src\hotspot\share\interpreter\linkResolver.cpp, line 826]
Event: 11.385 Thread 0x000002ce8297fed0 Exception <a 'java/lang/reflect/InvocationTargetException'{0x00000000c4bb07a8}> (0x00000000c4bb07a8) 
thrown [s\src\hotspot\share\runtime\reflection.cpp, line 1128]
Event: 11.387 Thread 0x000002ce8297fed0 Exception <a 'java/lang/reflect/InvocationTargetException'{0x00000000c4bbd698}> (0x00000000c4bbd698) 
thrown [s\src\hotspot\share\runtime\reflection.cpp, line 1128]
Event: 11.388 Thread 0x000002ce8297fed0 Exception <a 'java/lang/reflect/InvocationTargetException'{0x00000000c4bc79b8}> (0x00000000c4bc79b8) 
thrown [s\src\hotspot\share\runtime\reflection.cpp, line 1128]
Event: 11.405 Thread 0x000002ce8297fed0 Exception <a 'java/lang/reflect/InvocationTargetException'{0x00000000c4ae2210}> (0x00000000c4ae2210) 
thrown [s\src\hotspot\share\runtime\reflection.cpp, line 1128]
Event: 11.406 Thread 0x000002ce8297fed0 Exception <a 'java/lang/reflect/InvocationTargetException'{0x00000000c4aed960}> (0x00000000c4aed960) 
thrown [s\src\hotspot\share\runtime\reflection.cpp, line 1128]
Event: 11.420 Thread 0x000002ce8297fed0 Exception <a 'java/lang/reflect/InvocationTargetException'{0x00000000c49ff7b8}> (0x00000000c49ff7b8) 
thrown [s\src\hotspot\share\runtime\reflection.cpp, line 1128]
Event: 11.422 Thread 0x000002ce8297fed0 Exception <a 'java/lang/reflect/InvocationTargetException'{0x00000000c480e018}> (0x00000000c480e018) 
thrown [s\src\hotspot\share\runtime\reflection.cpp, line 1128]
Event: 11.536 Thread 0x000002ce8297fed0 Exception <a 'java/lang/NoSuchMethodError'{0x00000000c5b71328}: 'java.lang.Object java.lang.invoke.DirectMethodHandle$Holder.invokeSpecial(java.lang.Object, java.lang.Object, java.lang.Object, java.lang.Object, java.lang.Object, java.lang.Object, java.lang.Object, java.lang.Object, java.lang.Object, java.lang.Object, java.lang.Object)'> (0x00000000c5b71328) 
thrown [s\src\hotspot\share\interpreter\linkResolver.cpp, line 759]
Event: 11.536 Thread 0x000002ce8297fed0 Exception <a 'java/lang/NoSuchMethodError'{0x00000000c5b75758}: 'java.lang.Object java.lang.invoke.Invokers$Holder.invoke_MT(java.lang.Object, java.lang.Object, java.lang.Object, java.lang.Object, java.lang.Object, java.lang.Object, java.lang.Object, java.lang.Object, java.lang.Object, java.lang.Object, java.lang.Object)'> (0x00000000c5b75758) 
thrown [s\src\hotspot\share\interpreter\linkResolver.cpp, line 759]
Event: 11.634 Thread 0x000002ce8297fed0 Exception <a 'java/lang/NoSuchMethodError'{0x00000000c51fb5c8}: 'java.lang.Object java.lang.invoke.DirectMethodHandle$Holder.newInvokeSpecial(java.lang.Object, java.lang.Object, int, java.lang.Object, java.lang.Object)'> (0x00000000c51fb5c8) 
thrown [s\src\hotspot\share\interpreter\linkResolver.cpp, line 759]
Event: 20.553 Thread 0x000002ce88d2bdf0 Exception <a 'java/lang/NoSuchMethodError'{0x00000000c4ee9168}: 'java.lang.Object java.lang.invoke.DirectMethodHandle$Holder.invokeStaticInit(java.lang.Object, java.lang.Object, java.lang.Object, int, int)'> (0x00000000c4ee9168) 
thrown [s\src\hotspot\share\interpreter\linkResolver.cpp, line 759]
Event: 22.210 Thread 0x000002ce8755c260 Exception <a 'java/lang/NoSuchMethodError'{0x00000000c4c551d0}: 'java.lang.Object java.lang.invoke.DirectMethodHandle$Holder.invokeSpecial(java.lang.Object, java.lang.Object, java.lang.Object, java.lang.Object, java.lang.Object, long)'> (0x00000000c4c551d0) 
thrown [s\src\hotspot\share\interpreter\linkResolver.cpp, line 759]
Event: 22.211 Thread 0x000002ce8755c260 Exception <a 'java/lang/NoSuchMethodError'{0x00000000c4c58c10}: 'java.lang.Object java.lang.invoke.Invokers$Holder.linkToTargetMethod(java.lang.Object, java.lang.Object, java.lang.Object, long, java.lang.Object)'> (0x00000000c4c58c10) 
thrown [s\src\hotspot\share\interpreter\linkResolver.cpp, line 759]
Event: 22.365 Thread 0x000002ce8755c260 Exception <a 'java/lang/NoSuchMethodError'{0x00000000c4a08438}: 'java.lang.Object java.lang.invoke.DirectMethodHandle$Holder.invokeStatic(java.lang.Object, int, int)'> (0x00000000c4a08438) 
thrown [s\src\hotspot\share\interpreter\linkResolver.cpp, line 759]

VM Operations (20 events):
Event: 12.532 Executing VM operation: Cleanup
Event: 12.532 Executing VM operation: Cleanup done
Event: 22.281 Executing VM operation: HandshakeAllThreads
Event: 22.281 Executing VM operation: HandshakeAllThreads done
Event: 22.281 Executing VM operation: Cleanup
Event: 22.281 Executing VM operation: Cleanup done
Event: 22.695 Executing VM operation: HandshakeAllThreads
Event: 22.695 Executing VM operation: HandshakeAllThreads done
Event: 22.738 Executing VM operation: HandshakeAllThreads
Event: 22.738 Executing VM operation: HandshakeAllThreads done
Event: 23.745 Executing VM operation: Cleanup
Event: 23.745 Executing VM operation: Cleanup done
Event: 27.779 Executing VM operation: Cleanup
Event: 27.779 Executing VM operation: Cleanup done
Event: 35.827 Executing VM operation: Cleanup
Event: 35.827 Executing VM operation: Cleanup done
Event: 41.868 Executing VM operation: Cleanup
Event: 41.868 Executing VM operation: Cleanup done
Event: 47.153 Executing VM operation: G1CollectForAllocation
Event: 47.160 Executing VM operation: G1CollectForAllocation done

Memory protections (0 events):
No events

Nmethod flushes (0 events):
No events

Events (20 events):
Event: 11.615 Thread 0x000002ce8297fed0 Thread added: 0x000002ce8755a400
Event: 11.676 Thread 0x000002ce8297fed0 Thread added: 0x000002ce8755b840
Event: 11.676 Thread 0x000002ce8297fed0 Thread added: 0x000002ce8755c260
Event: 11.676 Thread 0x000002ce8297fed0 Thread added: 0x000002ce88d29060
Event: 11.676 Thread 0x000002ce8297fed0 Thread added: 0x000002ce88d2a4a0
Event: 11.676 Thread 0x000002ce8297fed0 Thread added: 0x000002ce88d29f90
Event: 11.676 Thread 0x000002ce8297fed0 Thread added: 0x000002ce88d2a9b0
Event: 11.677 Thread 0x000002ce8297fed0 Thread added: 0x000002ce88d2aec0
Event: 11.677 Thread 0x000002ce8297fed0 Thread added: 0x000002ce88d2c810
Event: 11.677 Thread 0x000002ce8297fed0 Thread added: 0x000002ce88d2b3d0
Event: 11.677 Thread 0x000002ce8297fed0 Thread added: 0x000002ce88d2b8e0
Event: 11.731 Thread 0x000002ce8297fed0 Thread added: 0x000002ce88d2c300
Event: 11.732 Thread 0x000002ce8297fed0 Thread added: 0x000002ce88d2bdf0
Event: 11.826 Thread 0x000002ce8297fed0 Thread exited: 0x000002ce8297fed0
Event: 11.829 Thread 0x000002ce8293bfb0 Thread exited: 0x000002ce8293bfb0
Event: 11.829 Thread 0x000002ce31d223e0 Thread exited: 0x000002ce31d223e0
Event: 11.830 Thread 0x000002ce88d29570 Thread added: 0x000002ce88d29570
Event: 12.955 Thread 0x000002ce875594d0 Thread exited: 0x000002ce875594d0
Event: 13.259 Thread 0x000002ce8297f9b0 Thread exited: 0x000002ce8297f9b0
Event: 16.367 Thread 0x000002ce82247cf0 Thread exited: 0x000002ce82247cf0


Dynamic libraries:
0x00007ff744630000 - 0x00007ff74463e000 	C:\Program Files\Eclipse Adoptium\jdk-17.0.17.10-hotspot\bin\java.exe
0x00007ffa81b30000 - 0x00007ffa81d28000 	C:\WINDOWS\SYSTEM32\ntdll.dll
0x00007ffa7fd80000 - 0x00007ffa7fe42000 	C:\WINDOWS\System32\KERNEL32.DLL
0x00007ffa7f500000 - 0x00007ffa7f7f6000 	C:\WINDOWS\System32\KERNELBASE.dll
0x00007ffa7f1c0000 - 0x00007ffa7f2c0000 	C:\WINDOWS\System32\ucrtbase.dll
0x00007ffa65250000 - 0x00007ffa65268000 	C:\Program Files\Eclipse Adoptium\jdk-17.0.17.10-hotspot\bin\jli.dll
0x00007ffa80620000 - 0x00007ffa807c1000 	C:\WINDOWS\System32\USER32.dll
0x00007ffa7fb20000 - 0x00007ffa7fb42000 	C:\WINDOWS\System32\win32u.dll
0x00007ffa81880000 - 0x00007ffa818ab000 	C:\WINDOWS\System32\GDI32.dll
0x00007ffa7f3e0000 - 0x00007ffa7f4f9000 	C:\WINDOWS\System32\gdi32full.dll
0x00007ffa7f310000 - 0x00007ffa7f3ad000 	C:\WINDOWS\System32\msvcp_win.dll
0x00007ffa65230000 - 0x00007ffa6524e000 	C:\Program Files\Eclipse Adoptium\jdk-17.0.17.10-hotspot\bin\VCRUNTIME140.dll
0x00007ffa7e1e0000 - 0x00007ffa7e47b000 	C:\WINDOWS\WinSxS\amd64_microsoft.windows.common-controls_6595b64144ccf1df_6.0.19041.6456_none_60b8a6cb71f64256\COMCTL32.dll
0x00007ffa814e0000 - 0x00007ffa8157e000 	C:\WINDOWS\System32\msvcrt.dll
0x00007ffa800f0000 - 0x00007ffa8011f000 	C:\WINDOWS\System32\IMM32.DLL
0x00007ffa69390000 - 0x00007ffa6939c000 	C:\Program Files\Eclipse Adoptium\jdk-17.0.17.10-hotspot\bin\vcruntime140_1.dll
0x00007ffa651a0000 - 0x00007ffa6522d000 	C:\Program Files\Eclipse Adoptium\jdk-17.0.17.10-hotspot\bin\msvcp140.dll
0x00007ffa64530000 - 0x00007ffa6519b000 	C:\Program Files\Eclipse Adoptium\jdk-17.0.17.10-hotspot\bin\server\jvm.dll
0x00007ffa80f50000 - 0x00007ffa81001000 	C:\WINDOWS\System32\ADVAPI32.dll
0x00007ffa818b0000 - 0x00007ffa8194f000 	C:\WINDOWS\System32\sechost.dll
0x00007ffa7fe50000 - 0x00007ffa7ff70000 	C:\WINDOWS\System32\RPCRT4.dll
0x00007ffa7f3b0000 - 0x00007ffa7f3d7000 	C:\WINDOWS\System32\bcrypt.dll
0x00007ffa81a70000 - 0x00007ffa81adb000 	C:\WINDOWS\System32\WS2_32.dll
0x00007ffa7ef70000 - 0x00007ffa7efbb000 	C:\WINDOWS\SYSTEM32\POWRPROF.dll
0x00007ffa6e290000 - 0x00007ffa6e29a000 	C:\WINDOWS\SYSTEM32\VERSION.dll
0x00007ffa6d010000 - 0x00007ffa6d037000 	C:\WINDOWS\SYSTEM32\WINMM.dll
0x00007ffa7ef50000 - 0x00007ffa7ef62000 	C:\WINDOWS\SYSTEM32\UMPDC.dll
0x00007ffa7c2a0000 - 0x00007ffa7c2b2000 	C:\WINDOWS\SYSTEM32\kernel.appcore.dll
0x00007ffa67500000 - 0x00007ffa6750a000 	C:\Program Files\Eclipse Adoptium\jdk-17.0.17.10-hotspot\bin\jimage.dll
0x00007ffa7eba0000 - 0x00007ffa7eda1000 	C:\WINDOWS\SYSTEM32\DBGHELP.DLL
0x00007ffa7e5e0000 - 0x00007ffa7e614000 	C:\WINDOWS\SYSTEM32\dbgcore.DLL
0x00007ffa7f9e0000 - 0x00007ffa7fa62000 	C:\WINDOWS\System32\bcryptPrimitives.dll
0x00007ffa64500000 - 0x00007ffa64525000 	C:\Program Files\Eclipse Adoptium\jdk-17.0.17.10-hotspot\bin\java.dll
0x00007ffa64420000 - 0x00007ffa644f7000 	C:\Program Files\Eclipse Adoptium\jdk-17.0.17.10-hotspot\bin\jsvml.dll
0x00007ffa807e0000 - 0x00007ffa80f50000 	C:\WINDOWS\System32\SHELL32.dll
0x00007ffa7cb70000 - 0x00007ffa7d315000 	C:\WINDOWS\SYSTEM32\windows.storage.dll
0x00007ffa80180000 - 0x00007ffa804d4000 	C:\WINDOWS\System32\combase.dll
0x00007ffa7e6f0000 - 0x00007ffa7e71b000 	C:\WINDOWS\SYSTEM32\Wldp.dll
0x00007ffa7ff70000 - 0x00007ffa8003d000 	C:\WINDOWS\System32\OLEAUT32.dll
0x00007ffa80040000 - 0x00007ffa800ed000 	C:\WINDOWS\System32\SHCORE.dll
0x00007ffa804e0000 - 0x00007ffa8053b000 	C:\WINDOWS\System32\shlwapi.dll
0x00007ffa7f0f0000 - 0x00007ffa7f114000 	C:\WINDOWS\SYSTEM32\profapi.dll
0x00007ffa64400000 - 0x00007ffa6441a000 	C:\Program Files\Eclipse Adoptium\jdk-17.0.17.10-hotspot\bin\net.dll
0x00007ffa75750000 - 0x00007ffa7585a000 	C:\WINDOWS\SYSTEM32\WINHTTP.dll
0x00007ffa7e170000 - 0x00007ffa7e1da000 	C:\WINDOWS\system32\mswsock.dll
0x00007ffa643e0000 - 0x00007ffa643f6000 	C:\Program Files\Eclipse Adoptium\jdk-17.0.17.10-hotspot\bin\nio.dll
0x00007ffa643c0000 - 0x00007ffa643d8000 	C:\Program Files\Eclipse Adoptium\jdk-17.0.17.10-hotspot\bin\zip.dll
0x00007ffa7c430000 - 0x00007ffa7c43a000 	C:\Program Files\Eclipse Adoptium\jdk-17.0.17.10-hotspot\bin\management.dll
0x00007ffa70f10000 - 0x00007ffa70f1c000 	C:\Program Files\Eclipse Adoptium\jdk-17.0.17.10-hotspot\bin\management_ext.dll
0x00007ffa807d0000 - 0x00007ffa807d8000 	C:\WINDOWS\System32\PSAPI.DLL
0x00007ffa6d050000 - 0x00007ffa6d05e000 	C:\Program Files\Eclipse Adoptium\jdk-17.0.17.10-hotspot\bin\sunmscapi.dll
0x00007ffa7f800000 - 0x00007ffa7f95d000 	C:\WINDOWS\System32\CRYPT32.dll
0x00007ffa7e780000 - 0x00007ffa7e7a7000 	C:\WINDOWS\SYSTEM32\ncrypt.dll
0x00007ffa7e740000 - 0x00007ffa7e77b000 	C:\WINDOWS\SYSTEM32\NTASN1.dll
0x00007ffa7eb80000 - 0x00007ffa7eb98000 	C:\WINDOWS\SYSTEM32\CRYPTSP.dll
0x00007ffa7daf0000 - 0x00007ffa7db28000 	C:\WINDOWS\system32\rsaenh.dll
0x00007ffa7f0b0000 - 0x00007ffa7f0de000 	C:\WINDOWS\SYSTEM32\USERENV.dll
0x00007ffa7e5a0000 - 0x00007ffa7e5ac000 	C:\WINDOWS\SYSTEM32\CRYPTBASE.dll
0x00007ffa7de70000 - 0x00007ffa7deab000 	C:\WINDOWS\SYSTEM32\IPHLPAPI.DLL
0x00007ffa81630000 - 0x00007ffa81638000 	C:\WINDOWS\System32\NSI.dll
0x00007ffa75cd0000 - 0x00007ffa75ce7000 	C:\WINDOWS\SYSTEM32\dhcpcsvc6.DLL
0x00007ffa75fc0000 - 0x00007ffa75fdd000 	C:\WINDOWS\SYSTEM32\dhcpcsvc.DLL
0x00007ffa7deb0000 - 0x00007ffa7df7a000 	C:\WINDOWS\SYSTEM32\DNSAPI.dll
0x00007ffa75720000 - 0x00007ffa7572a000 	C:\Windows\System32\rasadhlp.dll
0x00007ffa74ba0000 - 0x00007ffa74c20000 	C:\WINDOWS\System32\fwpuclnt.dll
0x00007ffa625d0000 - 0x00007ffa625d9000 	C:\Program Files\Eclipse Adoptium\jdk-17.0.17.10-hotspot\bin\extnet.dll
0x00007ffa70c60000 - 0x00007ffa70c67000 	C:\WINDOWS\system32\wshunix.dll

dbghelp: loaded successfully - version: 4.0.5 - missing functions: none
symbol engine: initialized successfully - sym options: 0x614 - pdb path: .;C:\Program Files\Eclipse Adoptium\jdk-17.0.17.10-hotspot\bin;C:\WINDOWS\SYSTEM32;C:\WINDOWS\WinSxS\amd64_microsoft.windows.common-controls_6595b64144ccf1df_6.0.19041.6456_none_60b8a6cb71f64256;C:\Program Files\Eclipse Adoptium\jdk-17.0.17.10-hotspot\bin\server

VM Arguments:
jvm_args: -XX:TieredStopAtLevel=1 
java_command: com.singsation.SingsationApiApplication
java_class_path (initial): C:\Users\cypri\Desktop\apps\sadec\target\classes;C:\Users\cypri\.m2\repository\ch\qos\logback\logback-classic\1.5.32\logback-classic-1.5.32.jar;C:\Users\cypri\.m2\repository\ch\qos\logback\logback-core\1.5.32\logback-core-1.5.32.jar;C:\Users\cypri\.m2\repository\org\apache\logging\log4j\log4j-to-slf4j\2.24.3\log4j-to-slf4j-2.24.3.jar;C:\Users\cypri\.m2\repository\org\apache\logging\log4j\log4j-api\2.24.3\log4j-api-2.24.3.jar;C:\Users\cypri\.m2\repository\org\slf4j\jul-to-slf4j\2.0.17\jul-to-slf4j-2.0.17.jar;C:\Users\cypri\.m2\repository\jakarta\annotation\jakarta.annotation-api\2.1.1\jakarta.annotation-api-2.1.1.jar;C:\Users\cypri\.m2\repository\org\yaml\snakeyaml\2.4\snakeyaml-2.4.jar;C:\Users\cypri\.m2\repository\com\fasterxml\jackson\datatype\jackson-datatype-jdk8\2.19.4\jackson-datatype-jdk8-2.19.4.jar;C:\Users\cypri\.m2\repository\com\fasterxml\jackson\datatype\jackson-datatype-jsr310\2.19.4\jackson-datatype-jsr310-2.19.4.jar;C:\Users\cypri\.m2\repository\com\fasterxml\jackson\module\jackson-module-parameter-names\2.19.4\jackson-module-parameter-names-2.19.4.jar;C:\Users\cypri\.m2\repository\org\apache\tomcat\embed\tomcat-embed-core\10.1.52\tomcat-embed-core-10.1.52.jar;C:\Users\cypri\.m2\repository\org\apache\tomcat\embed\tomcat-embed-websocket\10.1.52\tomcat-embed-websocket-10.1.52.jar;C:\Users\cypri\.m2\repository\org\springframework\spring-web\6.2.16\spring-web-6.2.16.jar;C:\Users\cypri\.m2\repository\org\springframework\spring-beans\6.2.16\spring-beans-6.2.16.jar;C:\Users\cypri\.m2\repository\io\micrometer\micrometer-observation\1.15.9\micrometer-observation-1.15.9.jar;C:\Users\cypri\.m2\repository\io\micrometer\micrometer-commons\1.15.9\micrometer-commons-1.15.9.jar;C:\Users\cypri\.m2\repository\org\springframework\spring-webmvc\6.2.16\spring-webmvc-6.2.16.jar;C:\Users\cypri\.m2\repository\org\springframework\spring-context\6.2.16\spring-context-6.2.16.jar;C:\Users\cypri\.m2\repository\org\springframework\spring-expression\6.2
Launcher Type: SUN_STANDARD

[Global flags]
     intx CICompilerCount                          = 3                                         {product} {ergonomic}
     uint ConcGCThreads                            = 1                                         {product} {ergonomic}
     uint G1ConcRefinementThreads                  = 4                                         {product} {ergonomic}
   size_t G1HeapRegionSize                         = 1048576                                   {product} {ergonomic}
    uintx GCDrainStackTargetSize                   = 64                                        {product} {ergonomic}
   size_t InitialHeapSize                          = 67108864                                  {product} {ergonomic}
   size_t MarkStackSize                            = 4194304                                   {product} {ergonomic}
   size_t MaxHeapSize                              = 1044381696                                {product} {ergonomic}
   size_t MaxNewSize                               = 625999872                                 {product} {ergonomic}
   size_t MinHeapDeltaBytes                        = 1048576                                   {product} {ergonomic}
   size_t MinHeapSize                              = 8388608                                   {product} {ergonomic}
    uintx NonProfiledCodeHeapSize                  = 0                                      {pd product} {ergonomic}
     bool ProfileInterpreter                       = false                                  {pd product} {command line}
    uintx ProfiledCodeHeapSize                     = 0                                      {pd product} {ergonomic}
   size_t SoftMaxHeapSize                          = 1044381696                             {manageable} {ergonomic}
     intx TieredStopAtLevel                        = 1                                         {product} {command line}
     bool UseCompressedClassPointers               = true                           {product lp64_product} {ergonomic}
     bool UseCompressedOops                        = true                           {product lp64_product} {ergonomic}
     bool UseG1GC                                  = true                                      {product} {ergonomic}
     bool UseLargePagesIndividualAllocation        = false                                  {pd product} {ergonomic}

Logging:
Log output configuration:
 #0: stdout all=warning uptime,level,tags
 #1: stderr all=off uptime,level,tags

Environment Variables:
PATH=C:\Program Files\Eclipse Adoptium\jdk-17.0.17.10-hotspot\bin;C:\Program Files\Eclipse Adoptium\jdk-21.0.9.10-hotspot\bin;C:\Python314\Scripts\;C:\Python314\;C:\Program Files (x86)\Common Files\Intel\Shared Libraries\redist\intel64\compiler;C:\WINDOWS\system32;C:\WINDOWS;C:\WINDOWS\System32\Wbem;C:\WINDOWS\System32\WindowsPowerShell\v1.0\;C:\WINDOWS\System32\OpenSSH\;C:\Program Files\Microsoft VS Code\bin;C:\Program Files\Git\cmd;C:\Program Files\nodejs\;C:\ProgramData\chocolatey\bin;C:\ProgramData\chocolatey\lib\maven\apache-maven-3.9.11\bin;C:\Program Files\Docker\Docker\resources\bin;C:\Program Files (x86)\cloudflared\;C:\Program Files\MySQL\MySQL Shell 8.0\bin\;C:\Users\cypri\AppData\Local\Microsoft\WindowsApps;C:\Users\cypri\AppData\Roaming\npm;C:\flutter\bin
USERNAME=cypri
OS=Windows_NT
PROCESSOR_IDENTIFIER=Intel64 Family 6 Model 42 Stepping 7, GenuineIntel
TMP=C:\Users\cypri\AppData\Local\Temp
TEMP=C:\Users\cypri\AppData\Local\Temp



Periodic native trim disabled


---------------  S Y S T E M  ---------------

OS:
 Windows 10 , 64 bit Build 19041 (10.0.19041.5915)
OS uptime: 0 days 1:43 hours
Hyper-V role detected

CPU: total 4 (initial active 4) (2 cores per cpu, 2 threads per core) family 6 model 42 stepping 7 microcode 0x2f, cx8, cmov, fxsr, ht, mmx, sse, sse2, sse3, ssse3, sse4.1, sse4.2, popcnt, tsc, tscinvbit, avx, clmul, vzeroupper, clflush, hv
Processor Information for all 4 processors :
  Max Mhz: 3300, Current Mhz: 3300, Mhz Limit: 3300

Memory: 4k page, system-wide physical 3976M (470M free)
TotalPageFile size 11144M (AvailPageFile size 2649M)
current process WorkingSet (physical memory assigned to process): 203M, peak: 203M
current process commit charge ("private bytes"): 295M, peak: 295M

vm_info: OpenJDK 64-Bit Server VM (17.0.17+10) for windows-amd64 JRE (17.0.17+10), built on Oct 21 2025 23:25:32 by "admin" with unknown MS VC++:1942

END.
