#
# A fatal error has been detected by the Java Runtime Environment:
#
#  EXCEPTION_ACCESS_VIOLATION (0xc0000005) at pc=0x00007ffa335abd89, pid=7148, tid=8732
#
# JRE version: OpenJDK Runtime Environment Temurin-17.0.17+10 (17.0.17+10) (build 17.0.17+10)
# Java VM: OpenJDK 64-Bit Server VM Temurin-17.0.17+10 (17.0.17+10, mixed mode, sharing, tiered, compressed oops, compressed class ptrs, g1 gc, windows-amd64)
# Problematic frame:
# V  [jvm.dll+0x30bd89]
#
# No core dump will be written. Minidumps are not enabled by default on client versions of Windows
#
# If you would like to submit a bug report, please visit:
#   https://github.com/adoptium/adoptium-support/issues
#

---------------  S U M M A R Y ------------

Command Line: --enable-native-access=ALL-UNNAMED -Dclassworlds.conf=C:\ProgramData\chocolatey\lib\maven\apache-maven-3.9.11\bin\m2.conf -Dmaven.home=C:\ProgramData\chocolatey\lib\maven\apache-maven-3.9.11 -Dlibrary.jansi.path=C:\ProgramData\chocolatey\lib\maven\apache-maven-3.9.11\lib\jansi-native -Dmaven.multiModuleProjectDirectory=C:\Users\cypri\Desktop\apps\sadec org.codehaus.plexus.classworlds.launcher.Launcher clean compile spring-boot:run

Host: Intel(R) Core(TM) i3-2120 CPU @ 3.30GHz, 4 cores, 3G,  Windows 10 , 64 bit Build 19041 (10.0.19041.5915)
Time: Sun Feb 22 02:41:40 2026 South Africa Standard Time elapsed time: 22.205699 seconds (0d 0h 0m 22s)

---------------  T H R E A D  ---------------

Current thread (0x00000186f0981650):  GCTaskThread "GC Thread#3" [stack: 0x00000065bfa00000,0x00000065bfb00000] [id=8732]

Stack: [0x00000065bfa00000,0x00000065bfb00000],  sp=0x00000065bfaff550,  free space=1021k
Native frames: (J=compiled Java code, j=interpreted, Vv=VM code, C=native code)
V  [jvm.dll+0x30bd89]
V  [jvm.dll+0x308b2e]
V  [jvm.dll+0x31a5ee]
V  [jvm.dll+0x1f5d34]
V  [jvm.dll+0x1f5c15]
V  [jvm.dll+0x308aab]
V  [jvm.dll+0x1f8208]
V  [jvm.dll+0x31b61e]
V  [jvm.dll+0x31b45a]
V  [jvm.dll+0x2e3824]
V  [jvm.dll+0x2e52ab]
V  [jvm.dll+0x867e9b]
V  [jvm.dll+0x867ee6]
V  [jvm.dll+0x7ea44c]
V  [jvm.dll+0x682e87]
C  [ucrtbase.dll+0x21bb2]
C  [KERNEL32.DLL+0x17374]
C  [ntdll.dll+0x4cc91]


siginfo: EXCEPTION_ACCESS_VIOLATION (0xc0000005), reading address 0x0000000000800000


Registers:
RAX=0x0000000000000000, RBX=0x00000000c3afd4e9, RCX=0x0000000000000014, RDX=0x0000000000000000
RSP=0x00000065bfaff550, RBP=0x0000000000000125, RSI=0x00000000c3afd4e8, RDI=0x00000186f546bc60
R8 =0x00000000c3afd4b8, R9 =0x0000000000000010, R10=0x0000000000800000, R11=0x0000000000000001
R12=0x00000186effd8cf8, R13=0x00000000000003d8, R14=0x0000000000000040, R15=0x0000000000000000
RIP=0x00007ffa335abd89, EFLAGS=0x0000000000010246

XMM[0]=0x000000100012fad8 0x00000000c3afd4bb
XMM[1]=0x0000000000000000 0x0000000000000000
XMM[2]=0x0000000000000000 0x0000000000000000
XMM[3]=0xc52aa13000000000 0x0000000000000000
XMM[4]=0x0000000000000000 0x0000000000000000
XMM[5]=0x0000000000000000 0x0000000000800000
XMM[6]=0x0000000000000000 0x0000000000000000
XMM[7]=0x0000000000000000 0x0000000000000000
XMM[8]=0x0000000000000000 0x0000000000000000
XMM[9]=0x0000000000000000 0x0000000000000000
XMM[10]=0x0000000000000000 0x0000000000000000
XMM[11]=0x0000000000000000 0x0000000000000000
XMM[12]=0x0000000000000000 0x0000000000000000
XMM[13]=0x0000000000000000 0x0000000000000000
XMM[14]=0x0000000000000000 0x0000000000000000
XMM[15]=0x0000000000000000 0x0000000000000000
  MXCSR=0x00001fa0


Register to memory mapping:

RIP=0x00007ffa335abd89 jvm.dll
RAX=0x0 is NULL
RBX=0x00000000c3afd4e9 is pointing into object: [Ljava.util.HashMap$Node; 
{0x00000000c3afd4b8} - klass: 'java/util/HashMap$Node'[]
 - length: 16
RCX=0x0000000000000014 is an unknown value
RDX=0x0 is NULL
RSP=0x00000065bfaff550 points into unknown readable memory: 0x00000000c52a0000 | 00 00 2a c5 00 00 00 00
RBP=0x0000000000000125 is an unknown value
RSI=0x00000000c3afd4e8 is pointing into object: [Ljava.util.HashMap$Node; 
{0x00000000c3afd4b8} - klass: 'java/util/HashMap$Node'[]
 - length: 16
RDI=0x00000186f546bc60 points into unknown readable memory: 0x00007ffa33bff998 | 98 f9 bf 33 fa 7f 00 00
R8 =0x00000000c3afd4b8 is an oop: [Ljava.util.HashMap$Node; 
{0x00000000c3afd4b8} - klass: 'java/util/HashMap$Node'[]
 - length: 16
R9 =0x0000000000000010 is an unknown value
R10=0x0000000000800000 is an unknown value
R11=0x0000000000000001 is an unknown value
R12=0x00000186effd8cf8 points into unknown readable memory: 0x80000100b153239b | 9b 23 53 b1 00 01 00 80
R13=0x00000000000003d8 is an unknown value
R14=0x0000000000000040 is an unknown value
R15=0x0 is NULL


Top of Stack: (sp=0x00000065bfaff550)
0x00000065bfaff550:   00000000c52a0000 0000000000000001
0x00000065bfaff560:   0000000000000000 0000000000000001
0x00000065bfaff570:   00000186f53c6350 00000186f0ce28c8
0x00000065bfaff580:   00000186f53c6350 0000000000000001
0x00000065bfaff590:   00000186f0973630 00007ffa335a8b2e
0x00000065bfaff5a0:   00000186f0b092a0 00000186f546bc60
0x00000065bfaff5b0:   00000186f53c6350 00000186f0ce28c8
0x00000065bfaff5c0:   000000000d2b3a30 00000010edd591fd
0x00000065bfaff5d0:   0000000000000001 00000186f0973630
0x00000065bfaff5e0:   00000186f0ce28c8 00007ffa335ba5ee
0x00000065bfaff5f0:   00000186f6040000 0000000000000100
0x00000065bfaff600:   0000003200000000 000000326e0b8e11
0x00000065bfaff610:   00000186f53c6350 00007ffa33495d34
0x00000065bfaff620:   0000000000000000 00007ffa33a8e24e
0x00000065bfaff630:   0000000000000002 00007ffa3391d41f
0x00000065bfaff640:   00000186f0ce2890 00007ffa33495c15
0x00000065bfaff650:   00000186f0ce2928 00000186f0ce2928
0x00000065bfaff660:   00000186f53c6350 00000186f0ce28c8
0x00000065bfaff670:   00000065bebfef70 00007ffa335a8aab
0x00000065bfaff680:   000000000000000b 00007ffa33a8e531
0x00000065bfaff690:   00000065bfaff710 00000186f0ce2928
0x00000065bfaff6a0:   00000186f5c2dbd0 00007ffa33498208
0x00000065bfaff6b0:   00000186f0973630 0000000000000001
0x00000065bfaff6c0:   000000000d2b399c 00000010edd4d379
0x00000065bfaff6d0:   0000000000000002 00007ffa335bb61e
0x00000065bfaff6e0:   00000186f0ce2928 0000000000000001
0x00000065bfaff6f0:   0000000000000001 0000000000000000
0x00000065bfaff700:   00000186f549d101 00007ffa00000007
0x00000065bfaff710:   00007ffa33bfd070 000000000d2b399c
0x00000065bfaff720:   00000010edd4d379 0000018600000003
0x00000065bfaff730:   00000186f0973630 0000018600000001
0x00000065bfaff740:   0000000000000000 0000000000000000 

Instructions: (pc=0x00007ffa335abd89)
0x00007ffa335abc89:   ff 48 8d 53 fe 48 8b cf e8 3a f4 ff ff e9 35 fd
0x00007ffa335abc99:   ff ff 0f 1f 44 00 00 48 8b 77 10 8b ae 80 00 00
0x00007ffa335abca9:   00 8b cd 8b 86 00 01 00 00 2b c8 81 e1 ff ff 01
0x00007ffa335abcb9:   00 41 3b ce 0f 86 e9 02 00 00 ff cd 81 e5 ff ff
0x00007ffa335abcc9:   01 00 89 ae 80 00 00 00 e8 2a 99 36 00 90 8b d5
0x00007ffa335abcd9:   8b 86 00 01 00 00 8b cd 48 8b 9e 80 01 00 00 2b
0x00007ffa335abce9:   c8 81 e1 ff ff 01 00 81 f9 ff ff 01 00 48 8b 1c
0x00007ffa335abcf9:   eb 41 0f 44 cf 85 c9 75 3d 90 89 6c 24 50 48 8b
0x00007ffa335abd09:   86 00 01 00 00 48 8b c8 48 c1 e9 20 ff c1 89 4c
0x00007ffa335abd19:   24 54 3b e8 0f 85 77 02 00 00 48 c1 e1 20 48 0b
0x00007ffa335abd29:   ca f0 48 0f b1 8e 00 01 00 00 0f 85 61 02 00 00
0x00007ffa335abd39:   8b 86 00 01 00 00 f6 c3 01 0f 84 2f 01 00 00 8b
0x00007ffa335abd49:   0d aa 45 81 00 48 8d 73 ff 48 8b 57 08 44 8b 16
0x00007ffa335abd59:   49 d3 e2 4c 03 15 8d 45 81 00 8b 8a b0 05 00 00
0x00007ffa335abd69:   49 8b c2 48 8b 92 a0 05 00 00 48 d3 e8 0f b7 14
0x00007ffa335abd79:   42 0f b7 c2 66 c1 e8 08 84 c0 0f 88 17 ff ff ff
0x00007ffa335abd89:   4d 8b 02 41 0f b6 c0 24 03 3c 03 75 1e 44 38 3d
0x00007ffa335abd99:   59 08 88 00 74 0f 41 0f b6 c0 24 07 3c 05 75 05
0x00007ffa335abda9:   4d 8b c7 eb 17 49 83 e0 fc eb 11 4d 8b c8 48 8b
0x00007ffa335abdb9:   cf 4d 8b c2 e8 be ee ff ff 4c 8b c0 8b 0d 2d 45
0x00007ffa335abdc9:   81 00 49 8b d0 48 2b 15 1b 45 81 00 48 d3 ea 89
0x00007ffa335abdd9:   16 49 8b d0 8b 0d 9d 10 88 00 48 33 d6 48 d3 ea
0x00007ffa335abde9:   48 85 d2 0f 84 ae fe ff ff 48 8b 47 08 48 8b d6
0x00007ffa335abdf9:   8b 88 c0 01 00 00 48 8b 80 b0 01 00 00 48 d3 ea
0x00007ffa335abe09:   48 8b 0c d0 8b 81 94 00 00 00 d1 e8 a8 01 0f 85
0x00007ffa335abe19:   83 fe ff ff 48 8b 47 08 8b 88 b0 05 00 00 48 8b
0x00007ffa335abe29:   80 a0 05 00 00 49 d3 e8 46 38 3c 40 0f 84 65 fe
0x00007ffa335abe39:   ff ff 48 8b 47 60 48 c1 ee 09 48 8b 58 40 48 8b
0x00007ffa335abe49:   48 38 48 03 de 48 2b d9 48 39 9f b0 01 00 00 0f
0x00007ffa335abe59:   84 42 fe ff ff 48 8d 14 0b 48 8d 4f 18 e8 55 41
0x00007ffa335abe69:   00 00 48 89 9f b0 01 00 00 e9 29 fe ff ff f6 c3
0x00007ffa335abe79:   03 0f 85 09 01 00 00 48 8b 57 08 4c 8b 13 49 8b 


Stack slot to memory mapping:
stack at sp + 0 slots: 0x00000000c52a0000 is pointing into object: [I 
{0x00000000c529fee0} - klass: {type array int}
 - length: 384
stack at sp + 1 slots: 0x0000000000000001 is an unknown value
stack at sp + 2 slots: 0x0 is NULL
stack at sp + 3 slots: 0x0000000000000001 is an unknown value
stack at sp + 4 slots: 0x00000186f53c6350 points into unknown readable memory: 0x00000000c2ced8c0 | c0 d8 ce c2 00 00 00 00
stack at sp + 5 slots: 0x00000186f0ce28c8 points into unknown readable memory: 0x00007ffa33c01410 | 10 14 c0 33 fa 7f 00 00
stack at sp + 6 slots: 0x00000186f53c6350 points into unknown readable memory: 0x00000000c2ced8c0 | c0 d8 ce c2 00 00 00 00
stack at sp + 7 slots: 0x0000000000000001 is an unknown value


---------------  P R O C E S S  ---------------

Threads class SMR info:
_java_thread_list=0x00000186f631a600, length=14, elements={
0x00000186d2adf1b0, 0x00000186eff702f0, 0x00000186eff72180, 0x00000186eff80ed0,
0x00000186eff849b0, 0x00000186eff85370, 0x00000186eff87d40, 0x00000186eff8bf30,
0x00000186eff949f0, 0x00000186effa56c0, 0x00000186effa5bd0, 0x00000186effa3d70,
0x00000186effa3860, 0x00000186f5328070
}

Java Threads: ( => current thread )
  0x00000186d2adf1b0 JavaThread "main" [_thread_blocked, id=7160, stack(0x00000065be500000,0x00000065be600000)]
  0x00000186eff702f0 JavaThread "Reference Handler" daemon [_thread_blocked, id=5852, stack(0x00000065bec00000,0x00000065bed00000)]
  0x00000186eff72180 JavaThread "Finalizer" daemon [_thread_blocked, id=6024, stack(0x00000065bed00000,0x00000065bee00000)]
  0x00000186eff80ed0 JavaThread "Signal Dispatcher" daemon [_thread_blocked, id=7076, stack(0x00000065bee00000,0x00000065bef00000)]
  0x00000186eff849b0 JavaThread "Attach Listener" daemon [_thread_blocked, id=4932, stack(0x00000065bef00000,0x00000065bf000000)]
  0x00000186eff85370 JavaThread "Service Thread" daemon [_thread_blocked, id=6028, stack(0x00000065bf000000,0x00000065bf100000)]
  0x00000186eff87d40 JavaThread "Monitor Deflation Thread" daemon [_thread_blocked, id=2876, stack(0x00000065bf100000,0x00000065bf200000)]
  0x00000186eff8bf30 JavaThread "C2 CompilerThread0" daemon [_thread_blocked, id=8276, stack(0x00000065bf200000,0x00000065bf300000)]
  0x00000186eff949f0 JavaThread "C1 CompilerThread0" daemon [_thread_blocked, id=6496, stack(0x00000065bf300000,0x00000065bf400000)]
  0x00000186effa56c0 JavaThread "Sweeper thread" daemon [_thread_blocked, id=8548, stack(0x00000065bf400000,0x00000065bf500000)]
  0x00000186effa5bd0 JavaThread "Notification Thread" daemon [_thread_blocked, id=5924, stack(0x00000065bf500000,0x00000065bf600000)]
  0x00000186effa3d70 JavaThread "Common-Cleaner" daemon [_thread_blocked, id=4260, stack(0x00000065bf700000,0x00000065bf800000)]
  0x00000186effa3860 JavaThread "Thread-1" daemon [_thread_blocked, id=3844, stack(0x00000065bfd00000,0x00000065bfe00000)]
  0x00000186f5328070 JavaThread "C2 CompilerThread1" daemon [_thread_blocked, id=7384, stack(0x00000065bfc00000,0x00000065bfd00000)]

Other Threads:
  0x00000186d2b96be0 VMThread "VM Thread" [stack: 0x00000065beb00000,0x00000065bec00000] [id=8348]
  0x00000186f01cb520 WatcherThread [stack: 0x00000065bf600000,0x00000065bf700000] [id=4888]
  0x00000186d2b1a550 GCTaskThread "GC Thread#0" [stack: 0x00000065be600000,0x00000065be700000] [id=8092]
  0x00000186f04d45d0 GCTaskThread "GC Thread#1" [stack: 0x00000065bf800000,0x00000065bf900000] [id=3872]
  0x00000186f0981390 GCTaskThread "GC Thread#2" [stack: 0x00000065bf900000,0x00000065bfa00000] [id=2532]
=>0x00000186f0981650 GCTaskThread "GC Thread#3" [stack: 0x00000065bfa00000,0x00000065bfb00000] [id=8732]
  0x00000186d2b24130 ConcurrentGCThread "G1 Main Marker" [stack: 0x00000065be700000,0x00000065be800000] [id=3304]
  0x00000186d2b24b50 ConcurrentGCThread "G1 Conc#0" [stack: 0x00000065be800000,0x00000065be900000] [id=3160]
  0x00000186d2b75160 ConcurrentGCThread "G1 Refine#0" [stack: 0x00000065be900000,0x00000065bea00000] [id=7336]
  0x00000186f0325220 ConcurrentGCThread "G1 Refine#1" [stack: 0x00000065bfb00000,0x00000065bfc00000] [id=3564]
  0x00000186d2b75b90 ConcurrentGCThread "G1 Service" [stack: 0x00000065bea00000,0x00000065beb00000] [id=3232]

Threads with active compile tasks:
C2 CompilerThread0  22284 5371   !   4       java.nio.file.FileTreeWalker::next (144 bytes)
C2 CompilerThread1  22284 5380   !   4       java.nio.file.FileTreeWalker::getAttributes (94 bytes)

VM state: at safepoint (normal execution)

VM Mutex/Monitor currently owned by a thread:  ([mutex/lock_event])
[0x00000186d2ad99c0] Threads_lock - owner thread: 0x00000186d2b96be0
[0x00000186d2ada110] Heap_lock - owner thread: 0x00000186d2adf1b0

Heap address: 0x00000000c1c00000, size: 996 MB, Compressed Oops mode: 32-bit

CDS archive(s) mapped at: [0x0000018680000000-0x0000018680bb0000-0x0000018680bb0000), size 12255232, SharedBaseAddress: 0x0000018680000000, ArchiveRelocationMode: 1.
Compressed class space mapped at: 0x0000018681000000-0x00000186c1000000, reserved size: 1073741824
Narrow klass base: 0x0000018680000000, Narrow klass shift: 0, Narrow klass range: 0x100000000

GC Precious Log:
 CPUs: 4 total, 4 available
 Memory: 3976M
 Large Page Support: Disabled
 NUMA Support: Disabled
 Compressed Oops: Enabled (32-bit)
 Heap Region Size: 1M
 Heap Min Capacity: 8M
 Heap Initial Capacity: 64M
 Heap Max Capacity: 996M
 Pre-touch: Disabled
 Parallel Workers: 4
 Concurrent Workers: 1
 Concurrent Refinement Workers: 4
 Periodic GC: Disabled

Heap:
 garbage-first heap   total 66560K, used 51004K [0x00000000c1c00000, 0x0000000100000000)
  region size 1024K, 30 young (30720K), 4 survivors (4096K)
 Metaspace       used 25580K, committed 25920K, reserved 1114112K
  class space    used 2979K, committed 3136K, reserved 1048576K

Heap Regions: E=young(eden), S=young(survivor), O=old, HS=humongous(starts), HC=humongous(continues), CS=collection set, F=free, OA=open archive, CA=closed archive, TAMS=top-at-mark-start (previous, next)
|   0|0x00000000c1c00000, 0x00000000c1d00000, 0x00000000c1d00000|100%| O|  |TAMS 0x00000000c1d00000, 0x00000000c1c00000| Untracked 
|   1|0x00000000c1d00000, 0x00000000c1e00000, 0x00000000c1e00000|100%| O|  |TAMS 0x00000000c1e00000, 0x00000000c1d00000| Untracked 
|   2|0x00000000c1e00000, 0x00000000c1f00000, 0x00000000c1f00000|100%| O|  |TAMS 0x00000000c1f00000, 0x00000000c1e00000| Untracked 
|   3|0x00000000c1f00000, 0x00000000c2000000, 0x00000000c2000000|100%| O|  |TAMS 0x00000000c2000000, 0x00000000c1f00000| Untracked 
|   4|0x00000000c2000000, 0x00000000c2100000, 0x00000000c2100000|100%| O|  |TAMS 0x00000000c2100000, 0x00000000c2000000| Untracked 
|   5|0x00000000c2100000, 0x00000000c2200000, 0x00000000c2200000|100%| O|  |TAMS 0x00000000c2200000, 0x00000000c2100000| Untracked 
|   6|0x00000000c2200000, 0x00000000c2300000, 0x00000000c2300000|100%| O|  |TAMS 0x00000000c2300000, 0x00000000c2200000| Untracked 
|   7|0x00000000c2300000, 0x00000000c2400000, 0x00000000c2400000|100%| O|  |TAMS 0x00000000c2400000, 0x00000000c2300000| Untracked 
|   8|0x00000000c2400000, 0x00000000c2500000, 0x00000000c2500000|100%| O|  |TAMS 0x00000000c2500000, 0x00000000c2400000| Untracked 
|   9|0x00000000c2500000, 0x00000000c2600000, 0x00000000c2600000|100%| O|  |TAMS 0x00000000c2600000, 0x00000000c2500000| Untracked 
|  10|0x00000000c2600000, 0x00000000c2700000, 0x00000000c2700000|100%| O|  |TAMS 0x00000000c2700000, 0x00000000c2600000| Untracked 
|  11|0x00000000c2700000, 0x00000000c2800000, 0x00000000c2800000|100%| O|  |TAMS 0x00000000c275ce00, 0x00000000c2700000| Complete 
|  12|0x00000000c2800000, 0x00000000c2900000, 0x00000000c2900000|100%|HS|  |TAMS 0x00000000c2900000, 0x00000000c2800000| Complete 
|  13|0x00000000c2900000, 0x00000000c2a00000, 0x00000000c2a00000|100%|HC|  |TAMS 0x00000000c2a00000, 0x00000000c2900000| Complete 
|  14|0x00000000c2a00000, 0x00000000c2b00000, 0x00000000c2b00000|100%|HS|  |TAMS 0x00000000c2b00000, 0x00000000c2a00000| Complete 
|  15|0x00000000c2b00000, 0x00000000c2c00000, 0x00000000c2c00000|100%|HC|  |TAMS 0x00000000c2c00000, 0x00000000c2b00000| Complete 
|  16|0x00000000c2c00000, 0x00000000c2d00000, 0x00000000c2d00000|100%| O|  |TAMS 0x00000000c2c00000, 0x00000000c2c00000| Untracked 
|  17|0x00000000c2d00000, 0x00000000c2e00000, 0x00000000c2e00000|100%|HS|  |TAMS 0x00000000c2d00000, 0x00000000c2d00000| Complete 
|  18|0x00000000c2e00000, 0x00000000c2f00000, 0x00000000c2f00000|100%|HS|  |TAMS 0x00000000c2e00000, 0x00000000c2e00000| Complete 
|  19|0x00000000c2f00000, 0x00000000c3000000, 0x00000000c3000000|100%| O|  |TAMS 0x00000000c2f00000, 0x00000000c2f00000| Untracked 
|  20|0x00000000c3000000, 0x00000000c3100000, 0x00000000c3100000|100%| O|  |TAMS 0x00000000c3000000, 0x00000000c3000000| Untracked 
|  21|0x00000000c3100000, 0x00000000c3200000, 0x00000000c3200000|100%| O|  |TAMS 0x00000000c3100000, 0x00000000c3100000| Untracked 
|  22|0x00000000c3200000, 0x00000000c3300000, 0x00000000c3300000|100%| O|  |TAMS 0x00000000c3200000, 0x00000000c3200000| Untracked 
|  23|0x00000000c3300000, 0x00000000c3400000, 0x00000000c3400000|100%| O|  |TAMS 0x00000000c3300000, 0x00000000c3300000| Untracked 
|  24|0x00000000c3400000, 0x00000000c3500000, 0x00000000c3500000|100%| O|  |TAMS 0x00000000c3400000, 0x00000000c3400000| Untracked 
|  25|0x00000000c3500000, 0x00000000c3600000, 0x00000000c3600000|100%| O|  |TAMS 0x00000000c3500000, 0x00000000c3500000| Untracked 
|  26|0x00000000c3600000, 0x00000000c3700000, 0x00000000c3700000|100%| O|  |TAMS 0x00000000c3600000, 0x00000000c3600000| Untracked 
|  27|0x00000000c3700000, 0x00000000c3800000, 0x00000000c3800000|100%| O|  |TAMS 0x00000000c3700000, 0x00000000c3700000| Untracked 
|  28|0x00000000c3800000, 0x00000000c3900000, 0x00000000c3900000|100%| O|  |TAMS 0x00000000c3800000, 0x00000000c3800000| Untracked 
|  29|0x00000000c3900000, 0x00000000c3a00000, 0x00000000c3a00000|100%| S|  |TAMS 0x00000000c3900000, 0x00000000c3900000| Complete 
|  30|0x00000000c3a00000, 0x00000000c3b00000, 0x00000000c3b00000|100%| S|  |TAMS 0x00000000c3a00000, 0x00000000c3a00000| Complete 
|  31|0x00000000c3b00000, 0x00000000c3c00000, 0x00000000c3c00000|100%| S|  |TAMS 0x00000000c3b00000, 0x00000000c3b00000| Complete 
|  32|0x00000000c3c00000, 0x00000000c3d00000, 0x00000000c3d00000|100%| S|  |TAMS 0x00000000c3c00000, 0x00000000c3c00000| Complete 
|  33|0x00000000c3d00000, 0x00000000c3e00000, 0x00000000c3e00000|100%| E|CS|TAMS 0x00000000c3d00000, 0x00000000c3d00000| Complete 
|  34|0x00000000c3e00000, 0x00000000c3f00000, 0x00000000c3f00000|100%| E|CS|TAMS 0x00000000c3e00000, 0x00000000c3e00000| Complete 
|  35|0x00000000c3f00000, 0x00000000c4000000, 0x00000000c4000000|100%| E|CS|TAMS 0x00000000c3f00000, 0x00000000c3f00000| Complete 
|  36|0x00000000c4000000, 0x00000000c4100000, 0x00000000c4100000|100%| E|CS|TAMS 0x00000000c4000000, 0x00000000c4000000| Complete 
|  37|0x00000000c4100000, 0x00000000c4200000, 0x00000000c4200000|100%| E|CS|TAMS 0x00000000c4100000, 0x00000000c4100000| Complete 
|  38|0x00000000c4200000, 0x00000000c4300000, 0x00000000c4300000|100%| E|CS|TAMS 0x00000000c4200000, 0x00000000c4200000| Complete 
|  39|0x00000000c4300000, 0x00000000c4400000, 0x00000000c4400000|100%| E|CS|TAMS 0x00000000c4300000, 0x00000000c4300000| Complete 
|  40|0x00000000c4400000, 0x00000000c4500000, 0x00000000c4500000|100%| E|CS|TAMS 0x00000000c4400000, 0x00000000c4400000| Complete 
|  41|0x00000000c4500000, 0x00000000c4600000, 0x00000000c4600000|100%| E|CS|TAMS 0x00000000c4500000, 0x00000000c4500000| Complete 
|  42|0x00000000c4600000, 0x00000000c4700000, 0x00000000c4700000|100%| E|CS|TAMS 0x00000000c4600000, 0x00000000c4600000| Complete 
|  43|0x00000000c4700000, 0x00000000c4800000, 0x00000000c4800000|100%| E|CS|TAMS 0x00000000c4700000, 0x00000000c4700000| Complete 
|  44|0x00000000c4800000, 0x00000000c4900000, 0x00000000c4900000|100%| E|CS|TAMS 0x00000000c4800000, 0x00000000c4800000| Complete 
|  45|0x00000000c4900000, 0x00000000c4a00000, 0x00000000c4a00000|100%| E|CS|TAMS 0x00000000c4900000, 0x00000000c4900000| Complete 
|  46|0x00000000c4a00000, 0x00000000c4b00000, 0x00000000c4b00000|100%| E|CS|TAMS 0x00000000c4a00000, 0x00000000c4a00000| Complete 
|  47|0x00000000c4b00000, 0x00000000c4c00000, 0x00000000c4c00000|100%| E|CS|TAMS 0x00000000c4b00000, 0x00000000c4b00000| Complete 
|  48|0x00000000c4c00000, 0x00000000c4d00000, 0x00000000c4d00000|100%| E|CS|TAMS 0x00000000c4c00000, 0x00000000c4c00000| Complete 
|  49|0x00000000c4d00000, 0x00000000c4e00000, 0x00000000c4e00000|100%| E|CS|TAMS 0x00000000c4d00000, 0x00000000c4d00000| Complete 
|  50|0x00000000c4e00000, 0x00000000c4f00000, 0x00000000c4f00000|100%| E|CS|TAMS 0x00000000c4e00000, 0x00000000c4e00000| Complete 
|  51|0x00000000c4f00000, 0x00000000c5000000, 0x00000000c5000000|100%| E|CS|TAMS 0x00000000c4f00000, 0x00000000c4f00000| Complete 
|  52|0x00000000c5000000, 0x00000000c5100000, 0x00000000c5100000|100%| E|CS|TAMS 0x00000000c5000000, 0x00000000c5000000| Complete 
|  53|0x00000000c5100000, 0x00000000c5200000, 0x00000000c5200000|100%| E|CS|TAMS 0x00000000c5100000, 0x00000000c5100000| Complete 
|  54|0x00000000c5200000, 0x00000000c5300000, 0x00000000c5300000|100%| E|CS|TAMS 0x00000000c5200000, 0x00000000c5200000| Complete 
|  55|0x00000000c5300000, 0x00000000c5400000, 0x00000000c5400000|100%| E|CS|TAMS 0x00000000c5300000, 0x00000000c5300000| Complete 
|  56|0x00000000c5400000, 0x00000000c5500000, 0x00000000c5500000|100%| E|CS|TAMS 0x00000000c5400000, 0x00000000c5400000| Complete 
|  57|0x00000000c5500000, 0x00000000c5600000, 0x00000000c5600000|100%| E|CS|TAMS 0x00000000c5500000, 0x00000000c5500000| Complete 
|  58|0x00000000c5600000, 0x00000000c5700000, 0x00000000c5700000|100%| E|CS|TAMS 0x00000000c5600000, 0x00000000c5600000| Complete 
|  59|0x00000000c5700000, 0x00000000c5800000, 0x00000000c5800000|100%| E|CS|TAMS 0x00000000c5700000, 0x00000000c5700000| Complete 
|  60|0x00000000c5800000, 0x00000000c5900000, 0x00000000c5900000|100%| E|CS|TAMS 0x00000000c5800000, 0x00000000c5800000| Complete 
|  61|0x00000000c5900000, 0x00000000c5a00000, 0x00000000c5a00000|100%| E|CS|TAMS 0x00000000c5900000, 0x00000000c5900000| Complete 
|  62|0x00000000c5a00000, 0x00000000c5b00000, 0x00000000c5b00000|100%| E|CS|TAMS 0x00000000c5a00000, 0x00000000c5a00000| Complete 
|  63|0x00000000c5b00000, 0x00000000c5c00000, 0x00000000c5c00000|100%| E|CS|TAMS 0x00000000c5b00000, 0x00000000c5b00000| Complete 
| 995|0x00000000fff00000, 0x00000000fff1dc20, 0x0000000100000000| 11%| O|  |TAMS 0x00000000fff00000, 0x00000000fff00000| Untracked 

Card table byte_map: [0x00000186eb670000,0x00000186eb870000] _byte_map_base: 0x00000186eb062000

Marking Bits (Prev, Next): (CMBitMap*) 0x00000186d2b1abb0, (CMBitMap*) 0x00000186d2b1ab70
 Prev Bits: [0x00000186eca00000, 0x00000186ed990000)
 Next Bits: [0x00000186eba70000, 0x00000186eca00000)

Polling page: 0x00000186d2ba0000

Metaspace:

Usage:
  Non-class:     22.07 MB used.
      Class:      2.91 MB used.
       Both:     24.98 MB used.

Virtual space:
  Non-class space:       64.00 MB reserved,      22.25 MB ( 35%) committed,  1 nodes.
      Class space:        1.00 GB reserved,       3.06 MB ( <1%) committed,  1 nodes.
             Both:        1.06 GB reserved,      25.31 MB (  2%) committed. 

Chunk freelists:
   Non-Class:  9.70 MB
       Class:  12.92 MB
        Both:  22.62 MB

MaxMetaspaceSize: unlimited
CompressedClassSpaceSize: 1.00 GB
Initial GC threshold: 21.00 MB
Current GC threshold: 35.25 MB
CDS: on
MetaspaceReclaimPolicy: balanced
 - commit_granule_bytes: 65536.
 - commit_granule_words: 8192.
 - virtual_space_node_default_size: 8388608.
 - enlarge_chunks_in_place: 1.
 - new_chunks_are_fully_committed: 0.
 - uncommit_free_chunks: 1.
 - use_allocation_guard: 0.
 - handle_deallocations: 1.


Internal statistics:

num_allocs_failed_limit: 3.
num_arena_births: 174.
num_arena_deaths: 0.
num_vsnodes_births: 2.
num_vsnodes_deaths: 0.
num_space_committed: 405.
num_space_uncommitted: 0.
num_chunks_returned_to_freelist: 3.
num_chunks_taken_from_freelist: 1086.
num_chunk_merges: 3.
num_chunk_splits: 757.
num_chunks_enlarged: 599.
num_inconsistent_stats: 0.

CodeHeap 'non-profiled nmethods': size=120000Kb used=2851Kb max_used=2851Kb free=117148Kb
 bounds [0x00000186e3900000, 0x00000186e3bd0000, 0x00000186eae30000]
CodeHeap 'profiled nmethods': size=120000Kb used=11675Kb max_used=11675Kb free=108324Kb
 bounds [0x00000186dbe30000, 0x00000186dc9a0000, 0x00000186e3360000]
CodeHeap 'non-nmethods': size=5760Kb used=1204Kb max_used=1246Kb free=4555Kb
 bounds [0x00000186e3360000, 0x00000186e35d0000, 0x00000186e3900000]
 total_blobs=5886 nmethods=5381 adapters=417
 compilation: enabled
              stopped_count=0, restarted_count=0
 full_count=0

Compilation events (20 events):
Event: 21.963 Thread 0x00000186eff949f0 5377       3       java.util.Collections$SingletonMap::get (20 bytes)
Event: 21.963 Thread 0x00000186eff949f0 nmethod 5377 0x00000186dc994110 code [0x00000186dc9942e0, 0x00000186dc994648]
Event: 21.965 Thread 0x00000186f5328070 nmethod 5372 0x00000186e3bc5e90 code [0x00000186e3bc6020, 0x00000186e3bc6288]
Event: 21.965 Thread 0x00000186f5328070 5374       4       jdk.nio.zipfs.ZipConstants::pkSigAt (60 bytes)
Event: 21.966 Thread 0x00000186f5328070 nmethod 5374 0x00000186e3bc6410 code [0x00000186e3bc65a0, 0x00000186e3bc66b8]
Event: 21.966 Thread 0x00000186f5328070 5373       4       jdk.nio.zipfs.ZipPath::resolve (108 bytes)
Event: 21.968 Thread 0x00000186eff949f0 5378   !   3       jdk.nio.zipfs.ZipFileSystem::readFullyAt (67 bytes)
Event: 21.969 Thread 0x00000186eff949f0 nmethod 5378 0x00000186dc994790 code [0x00000186dc9949a0, 0x00000186dc994fa8]
Event: 21.969 Thread 0x00000186eff949f0 5379   !   3       sun.nio.ch.FileChannelImpl::read (106 bytes)
Event: 21.970 Thread 0x00000186eff949f0 nmethod 5379 0x00000186dc995290 code [0x00000186dc9954e0, 0x00000186dc995d78]
Event: 21.973 Thread 0x00000186f5328070 nmethod 5373 0x00000186e3bc6790 code [0x00000186e3bc6940, 0x00000186e3bc7278]
Event: 21.973 Thread 0x00000186f5328070 5375       4       jdk.nio.zipfs.ZipPath::resolve (42 bytes)
Event: 21.983 Thread 0x00000186f5328070 nmethod 5375 0x00000186e3bc7510 code [0x00000186e3bc76c0, 0x00000186e3bc80b8]
Event: 21.983 Thread 0x00000186f5328070 5376       4       jdk.nio.zipfs.ZipDirectoryStream$1::next (5 bytes)
Event: 21.987 Thread 0x00000186f5328070 nmethod 5376 0x00000186e3bc8410 code [0x00000186e3bc85c0, 0x00000186e3bc88f8]
Event: 21.987 Thread 0x00000186f5328070 5380   !   4       java.nio.file.FileTreeWalker::getAttributes (94 bytes)
Event: 22.022 Thread 0x00000186eff949f0 5387       3       jdk.nio.zipfs.ZipFileSystem::readFullyAt (33 bytes)
Event: 22.023 Thread 0x00000186eff949f0 nmethod 5387 0x00000186dc996090 code [0x00000186dc996280, 0x00000186dc996638]
Event: 22.069 Thread 0x00000186eff949f0 5397       2       jdk.nio.zipfs.ZipFileSystem::endWrite (15 bytes)
Event: 22.070 Thread 0x00000186eff949f0 nmethod 5397 0x00000186dc996810 code [0x00000186dc9969e0, 0x00000186dc996bb8]

GC Heap History (17 events):
Event: 2.133 GC heap before
{Heap before GC invocations=0 (full 0):
 garbage-first heap   total 65536K, used 13312K [0x00000000c1c00000, 0x0000000100000000)
  region size 1024K, 13 young (13312K), 0 survivors (0K)
 Metaspace       used 3518K, committed 3712K, reserved 1114112K
  class space    used 372K, committed 448K, reserved 1048576K
}
Event: 2.140 GC heap after
{Heap after GC invocations=1 (full 0):
 garbage-first heap   total 65536K, used 3252K [0x00000000c1c00000, 0x0000000100000000)
  region size 1024K, 2 young (2048K), 2 survivors (2048K)
 Metaspace       used 3518K, committed 3712K, reserved 1114112K
  class space    used 372K, committed 448K, reserved 1048576K
}
Event: 2.886 GC heap before
{Heap before GC invocations=1 (full 0):
 garbage-first heap   total 65536K, used 14516K [0x00000000c1c00000, 0x0000000100000000)
  region size 1024K, 14 young (14336K), 2 survivors (2048K)
 Metaspace       used 5541K, committed 5760K, reserved 1114112K
  class space    used 672K, committed 768K, reserved 1048576K
}
Event: 2.892 GC heap after
{Heap after GC invocations=2 (full 0):
 garbage-first heap   total 65536K, used 3865K [0x00000000c1c00000, 0x0000000100000000)
  region size 1024K, 1 young (1024K), 1 survivors (1024K)
 Metaspace       used 5541K, committed 5760K, reserved 1114112K
  class space    used 672K, committed 768K, reserved 1048576K
}
Event: 3.726 GC heap before
{Heap before GC invocations=2 (full 0):
 garbage-first heap   total 65536K, used 28441K [0x00000000c1c00000, 0x0000000100000000)
  region size 1024K, 26 young (26624K), 1 survivors (1024K)
 Metaspace       used 8945K, committed 9088K, reserved 1114112K
  class space    used 1082K, committed 1152K, reserved 1048576K
}
Event: 3.730 GC heap after
{Heap after GC invocations=3 (full 0):
 garbage-first heap   total 65536K, used 4847K [0x00000000c1c00000, 0x0000000100000000)
  region size 1024K, 2 young (2048K), 2 survivors (2048K)
 Metaspace       used 8945K, committed 9088K, reserved 1114112K
  class space    used 1082K, committed 1152K, reserved 1048576K
}
Event: 7.328 GC heap before
{Heap before GC invocations=3 (full 0):
 garbage-first heap   total 65536K, used 41711K [0x00000000c1c00000, 0x0000000100000000)
  region size 1024K, 38 young (38912K), 2 survivors (2048K)
 Metaspace       used 14637K, committed 14848K, reserved 1114112K
  class space    used 1785K, committed 1856K, reserved 1048576K
}
Event: 7.340 GC heap after
{Heap after GC invocations=4 (full 0):
 garbage-first heap   total 65536K, used 8693K [0x00000000c1c00000, 0x0000000100000000)
  region size 1024K, 5 young (5120K), 5 survivors (5120K)
 Metaspace       used 14637K, committed 14848K, reserved 1114112K
  class space    used 1785K, committed 1856K, reserved 1048576K
}
Event: 13.259 GC heap before
{Heap before GC invocations=4 (full 0):
 garbage-first heap   total 65536K, used 42485K [0x00000000c1c00000, 0x0000000100000000)
  region size 1024K, 38 young (38912K), 5 survivors (5120K)
 Metaspace       used 15489K, committed 15680K, reserved 1114112K
  class space    used 1855K, committed 1920K, reserved 1048576K
}
Event: 13.279 GC heap after
{Heap after GC invocations=5 (full 0):
 garbage-first heap   total 65536K, used 12658K [0x00000000c1c00000, 0x0000000100000000)
  region size 1024K, 4 young (4096K), 4 survivors (4096K)
 Metaspace       used 15489K, committed 15680K, reserved 1114112K
  class space    used 1855K, committed 1920K, reserved 1048576K
}
Event: 16.547 GC heap before
{Heap before GC invocations=5 (full 0):
 garbage-first heap   total 65536K, used 45426K [0x00000000c1c00000, 0x0000000100000000)
  region size 1024K, 36 young (36864K), 4 survivors (4096K)
 Metaspace       used 16009K, committed 16192K, reserved 1114112K
  class space    used 1878K, committed 1984K, reserved 1048576K
}
Event: 16.555 GC heap after
{Heap after GC invocations=6 (full 0):
 garbage-first heap   total 65536K, used 13410K [0x00000000c1c00000, 0x0000000100000000)
  region size 1024K, 2 young (2048K), 2 survivors (2048K)
 Metaspace       used 16009K, committed 16192K, reserved 1114112K
  class space    used 1878K, committed 1984K, reserved 1048576K
}
Event: 20.058 GC heap before
{Heap before GC invocations=6 (full 0):
 garbage-first heap   total 65536K, used 48226K [0x00000000c1c00000, 0x0000000100000000)
  region size 1024K, 35 young (35840K), 2 survivors (2048K)
 Metaspace       used 19673K, committed 20032K, reserved 1114112K
  class space    used 2288K, committed 2432K, reserved 1048576K
}
Event: 20.066 GC heap after
{Heap after GC invocations=7 (full 0):
 garbage-first heap   total 65536K, used 15089K [0x00000000c1c00000, 0x0000000100000000)
  region size 1024K, 4 young (4096K), 4 survivors (4096K)
 Metaspace       used 19673K, committed 20032K, reserved 1114112K
  class space    used 2288K, committed 2432K, reserved 1048576K
}
Event: 20.566 GC heap before
{Heap before GC invocations=7 (full 0):
 garbage-first heap   total 65536K, used 27377K [0x00000000c1c00000, 0x0000000100000000)
  region size 1024K, 13 young (13312K), 4 survivors (4096K)
 Metaspace       used 21202K, committed 21504K, reserved 1114112K
  class space    used 2507K, committed 2688K, reserved 1048576K
}
Event: 20.575 GC heap after
{Heap after GC invocations=8 (full 0):
 garbage-first heap   total 65536K, used 22332K [0x00000000c1c00000, 0x0000000100000000)
  region size 1024K, 5 young (5120K), 5 survivors (5120K)
 Metaspace       used 21202K, committed 21504K, reserved 1114112K
  class space    used 2507K, committed 2688K, reserved 1048576K
}
Event: 22.093 GC heap before
{Heap before GC invocations=9 (full 0):
 garbage-first heap   total 65536K, used 49980K [0x00000000c1c00000, 0x0000000100000000)
  region size 1024K, 31 young (31744K), 5 survivors (5120K)
 Metaspace       used 25580K, committed 25920K, reserved 1114112K
  class space    used 2979K, committed 3136K, reserved 1048576K
}

Dll operation events (8 events):
Event: 0.009 Loaded shared library C:\Program Files\Eclipse Adoptium\jdk-17.0.17.10-hotspot\bin\java.dll
Event: 0.026 Loaded shared library C:\Program Files\Eclipse Adoptium\jdk-17.0.17.10-hotspot\bin\jsvml.dll
Event: 0.121 Loaded shared library C:\Program Files\Eclipse Adoptium\jdk-17.0.17.10-hotspot\bin\net.dll
Event: 0.132 Loaded shared library C:\Program Files\Eclipse Adoptium\jdk-17.0.17.10-hotspot\bin\nio.dll
Event: 0.172 Loaded shared library C:\Program Files\Eclipse Adoptium\jdk-17.0.17.10-hotspot\bin\zip.dll
Event: 0.734 Loaded shared library C:\Program Files\Eclipse Adoptium\jdk-17.0.17.10-hotspot\bin\jimage.dll
Event: 0.781 Loaded shared library C:\ProgramData\chocolatey\lib\maven\apache-maven-3.9.11\lib\jansi-native\Windows\x86_64\jansi.dll
Event: 0.969 Loaded shared library C:\Program Files\Eclipse Adoptium\jdk-17.0.17.10-hotspot\bin\verify.dll

Deoptimization events (20 events):
Event: 21.824 Thread 0x00000186d2adf1b0 Uncommon trap: trap_request=0xffffff45 fr.pc=0x00000186e3bb96c4 relative=0x0000000000000684
Event: 21.825 Thread 0x00000186d2adf1b0 Uncommon trap: reason=unstable_if action=reinterpret pc=0x00000186e3bb96c4 method=jdk.nio.zipfs.ZipPath.getFileName()Ljdk/nio/zipfs/ZipPath; @ 12 c2
Event: 21.825 Thread 0x00000186d2adf1b0 DEOPT PACKING pc=0x00000186e3bb96c4 sp=0x00000065be5fca50
Event: 21.825 Thread 0x00000186d2adf1b0 DEOPT UNPACKING pc=0x00000186e33b69a3 sp=0x00000065be5fca18 mode 2
Event: 21.842 Thread 0x00000186d2adf1b0 Uncommon trap: trap_request=0xffffffd6 fr.pc=0x00000186e3bbbd08 relative=0x0000000000000368
Event: 21.842 Thread 0x00000186d2adf1b0 Uncommon trap: reason=array_check action=maybe_recompile pc=0x00000186e3bbbd08 method=java.util.LinkedHashMap.valuesToArray([Ljava/lang/Object;)[Ljava/lang/Object; @ 25 c2
Event: 21.842 Thread 0x00000186d2adf1b0 DEOPT PACKING pc=0x00000186e3bbbd08 sp=0x00000065be5fc900
Event: 21.842 Thread 0x00000186d2adf1b0 DEOPT UNPACKING pc=0x00000186e33b69a3 sp=0x00000065be5fc8a8 mode 2
Event: 21.846 Thread 0x00000186d2adf1b0 Uncommon trap: trap_request=0xffffffd6 fr.pc=0x00000186e3bbbd08 relative=0x0000000000000368
Event: 21.846 Thread 0x00000186d2adf1b0 Uncommon trap: reason=array_check action=maybe_recompile pc=0x00000186e3bbbd08 method=java.util.LinkedHashMap.valuesToArray([Ljava/lang/Object;)[Ljava/lang/Object; @ 25 c2
Event: 21.846 Thread 0x00000186d2adf1b0 DEOPT PACKING pc=0x00000186e3bbbd08 sp=0x00000065be5fc900
Event: 21.846 Thread 0x00000186d2adf1b0 DEOPT UNPACKING pc=0x00000186e33b69a3 sp=0x00000065be5fc8a8 mode 2
Event: 21.853 Thread 0x00000186d2adf1b0 Uncommon trap: trap_request=0xffffffd6 fr.pc=0x00000186e3bbbd08 relative=0x0000000000000368
Event: 21.853 Thread 0x00000186d2adf1b0 Uncommon trap: reason=array_check action=maybe_recompile pc=0x00000186e3bbbd08 method=java.util.LinkedHashMap.valuesToArray([Ljava/lang/Object;)[Ljava/lang/Object; @ 25 c2
Event: 21.853 Thread 0x00000186d2adf1b0 DEOPT PACKING pc=0x00000186e3bbbd08 sp=0x00000065be5fc900
Event: 21.853 Thread 0x00000186d2adf1b0 DEOPT UNPACKING pc=0x00000186e33b69a3 sp=0x00000065be5fc8a8 mode 2
Event: 21.862 Thread 0x00000186d2adf1b0 Uncommon trap: trap_request=0xffffffd6 fr.pc=0x00000186e3bbbd08 relative=0x0000000000000368
Event: 21.862 Thread 0x00000186d2adf1b0 Uncommon trap: reason=array_check action=maybe_recompile pc=0x00000186e3bbbd08 method=java.util.LinkedHashMap.valuesToArray([Ljava/lang/Object;)[Ljava/lang/Object; @ 25 c2
Event: 21.862 Thread 0x00000186d2adf1b0 DEOPT PACKING pc=0x00000186e3bbbd08 sp=0x00000065be5fc900
Event: 21.862 Thread 0x00000186d2adf1b0 DEOPT UNPACKING pc=0x00000186e33b69a3 sp=0x00000065be5fc8a8 mode 2

Classes loaded (20 events):
Event: 20.960 Loading class java/util/ImmutableCollections$Access$1
Event: 20.960 Loading class jdk/internal/access/JavaUtilCollectionAccess
Event: 20.968 Loading class jdk/internal/access/JavaUtilCollectionAccess done
Event: 20.968 Loading class java/util/ImmutableCollections$Access$1 done
Event: 21.016 Loading class java/util/BitSet
Event: 21.033 Loading class java/util/BitSet done
Event: 21.175 Loading class java/util/regex/Pattern$Caret
Event: 21.185 Loading class java/util/regex/Pattern$Caret done
Event: 21.686 Loading class java/util/regex/Pattern$Bound
Event: 21.686 Loading class java/util/regex/Pattern$Bound done
Event: 21.761 Loading class java/util/RegularEnumSet$EnumSetIterator
Event: 21.761 Loading class java/util/RegularEnumSet$EnumSetIterator done
Event: 21.763 Loading class java/nio/file/FileVisitor
Event: 21.763 Loading class java/nio/file/FileVisitor done
Event: 21.768 Loading class java/nio/file/SimpleFileVisitor
Event: 21.768 Loading class java/nio/file/SimpleFileVisitor done
Event: 21.769 Loading class java/nio/file/Files$3
Event: 21.769 Loading class java/nio/file/Files$3 done
Event: 21.769 Loading class java/nio/file/FileVisitResult
Event: 21.769 Loading class java/nio/file/FileVisitResult done

Classes unloaded (0 events):
No events

Classes redefined (0 events):
No events

Internal exceptions (20 events):
Event: 17.518 Thread 0x00000186d2adf1b0 Exception <a 'sun/nio/fs/WindowsException'{0x00000000c58225d8}> (0x00000000c58225d8) 
thrown [s\src\hotspot\share\prims\jni.cpp, line 516]
Event: 17.518 Thread 0x00000186d2adf1b0 Exception <a 'sun/nio/fs/WindowsException'{0x00000000c5822c30}> (0x00000000c5822c30) 
thrown [s\src\hotspot\share\prims\jni.cpp, line 516]
Event: 17.518 Thread 0x00000186d2adf1b0 Exception <a 'sun/nio/fs/WindowsException'{0x00000000c5823270}> (0x00000000c5823270) 
thrown [s\src\hotspot\share\prims\jni.cpp, line 516]
Event: 18.227 Thread 0x00000186d2adf1b0 Exception <a 'java/lang/NoSuchMethodError'{0x00000000c4ff8460}: 'int java.lang.invoke.DirectMethodHandle$Holder.invokeStatic(java.lang.Object, java.lang.Object, int)'> (0x00000000c4ff8460) 
thrown [s\src\hotspot\share\interpreter\linkResolver.cpp, line 759]
Event: 19.385 Thread 0x00000186d2adf1b0 Exception <a 'sun/nio/fs/WindowsException'{0x00000000c42c1400}> (0x00000000c42c1400) 
thrown [s\src\hotspot\share\prims\jni.cpp, line 516]
Event: 19.445 Thread 0x00000186d2adf1b0 Exception <a 'java/lang/IncompatibleClassChangeError'{0x00000000c4113458}: Found class java.lang.Object, but interface was expected> (0x00000000c4113458) 
thrown [s\src\hotspot\share\interpreter\linkResolver.cpp, line 826]
Event: 19.456 Thread 0x00000186d2adf1b0 Exception <a 'java/lang/NoSuchMethodError'{0x00000000c4119198}: 'void java.lang.invoke.DirectMethodHandle$Holder.invokeInterface(java.lang.Object, java.lang.Object, java.lang.Object)'> (0x00000000c4119198) 
thrown [s\src\hotspot\share\interpreter\linkResolver.cpp, line 759]
Event: 19.678 Thread 0x00000186d2adf1b0 Exception <a 'java/lang/NoSuchMethodError'{0x00000000c4086d18}: 'int java.lang.invoke.DirectMethodHandle$Holder.invokeInterface(java.lang.Object, java.lang.Object)'> (0x00000000c4086d18) 
thrown [s\src\hotspot\share\interpreter\linkResolver.cpp, line 759]
Event: 20.069 Thread 0x00000186d2adf1b0 Exception <a 'java/lang/NoSuchMethodError'{0x00000000c5b115e8}: 'int java.lang.invoke.DirectMethodHandle$Holder.invokeVirtual(java.lang.Object, java.lang.Object, java.lang.Object)'> (0x00000000c5b115e8) 
thrown [s\src\hotspot\share\interpreter\linkResolver.cpp, line 759]
Event: 20.093 Thread 0x00000186d2adf1b0 Exception <a 'java/lang/NoSuchMethodError'{0x00000000c5b1fc58}: 'int java.lang.invoke.DirectMethodHandle$Holder.invokeStaticInit(java.lang.Object, java.lang.Object, java.lang.Object)'> (0x00000000c5b1fc58) 
thrown [s\src\hotspot\share\interpreter\linkResolver.cpp, line 759]
Event: 20.257 Thread 0x00000186d2adf1b0 Implicit null exception at 0x00000186e3b77a15 to 0x00000186e3b77bde
Event: 20.466 Thread 0x00000186d2adf1b0 Exception <a 'sun/nio/fs/WindowsException'{0x00000000c54881b8}> (0x00000000c54881b8) 
thrown [s\src\hotspot\share\prims\jni.cpp, line 516]
Event: 20.827 Thread 0x00000186d2adf1b0 Exception <a 'java/lang/NoSuchMethodError'{0x00000000c5a14f68}: 'java.lang.Object java.lang.invoke.DirectMethodHandle$Holder.newInvokeSpecial(java.lang.Object, java.lang.Object, java.lang.Object, java.lang.Object, java.lang.Object, java.lang.Object)'> (0x00000000c5a14f68) 
thrown [s\src\hotspot\share\interpreter\linkResolver.cpp, line 759]
Event: 20.848 Thread 0x00000186d2adf1b0 Exception <a 'sun/nio/fs/WindowsException'{0x00000000c5a60af8}> (0x00000000c5a60af8) 
thrown [s\src\hotspot\share\prims\jni.cpp, line 516]
Event: 21.685 Thread 0x00000186d2adf1b0 Exception <a 'sun/nio/fs/WindowsException'{0x00000000c5460b00}> (0x00000000c5460b00) 
thrown [s\src\hotspot\share\prims\jni.cpp, line 516]
Event: 21.686 Thread 0x00000186d2adf1b0 Exception <a 'sun/nio/fs/WindowsException'{0x00000000c5461658}> (0x00000000c5461658) 
thrown [s\src\hotspot\share\prims\jni.cpp, line 516]
Event: 21.726 Thread 0x00000186d2adf1b0 Exception <a 'java/lang/NoSuchMethodError'{0x00000000c54f3ff0}: 'java.lang.Object java.lang.invoke.DirectMethodHandle$Holder.invokeVirtual(java.lang.Object, java.lang.Object, java.lang.Object, int, int)'> (0x00000000c54f3ff0) 
thrown [s\src\hotspot\share\interpreter\linkResolver.cpp, line 759]
Event: 21.727 Thread 0x00000186d2adf1b0 Exception <a 'java/lang/NoSuchMethodError'{0x00000000c54fae00}: 'java.lang.Object java.lang.invoke.DirectMethodHandle$Holder.invokeVirtual(java.lang.Object, java.lang.Object, int)'> (0x00000000c54fae00) 
thrown [s\src\hotspot\share\interpreter\linkResolver.cpp, line 759]
Event: 21.730 Thread 0x00000186d2adf1b0 Exception <a 'java/lang/NoSuchMethodError'{0x00000000c5304218}: 'java.lang.Object java.lang.invoke.DirectMethodHandle$Holder.invokeSpecial(java.lang.Object, java.lang.Object, java.lang.Object, int, int)'> (0x00000000c5304218) 
thrown [s\src\hotspot\share\interpreter\linkResolver.cpp, line 759]
Event: 21.763 Thread 0x00000186d2adf1b0 Implicit null exception at 0x00000186e3b7442c to 0x00000186e3b7454e

VM Operations (20 events):
Event: 20.066 Executing VM operation: G1CollectForAllocation done
Event: 20.104 Executing VM operation: HandshakeAllThreads
Event: 20.104 Executing VM operation: HandshakeAllThreads done
Event: 20.118 Executing VM operation: HandshakeAllThreads
Event: 20.118 Executing VM operation: HandshakeAllThreads done
Event: 20.135 Executing VM operation: HandshakeAllThreads
Event: 20.135 Executing VM operation: HandshakeAllThreads done
Event: 20.339 Executing VM operation: HandshakeAllThreads
Event: 20.339 Executing VM operation: HandshakeAllThreads done
Event: 20.340 Executing VM operation: HandshakeAllThreads
Event: 20.340 Executing VM operation: HandshakeAllThreads done
Event: 20.566 Executing VM operation: CollectForMetadataAllocation
Event: 20.575 Executing VM operation: CollectForMetadataAllocation done
Event: 20.604 Executing VM operation: G1PauseRemark
Event: 20.627 Executing VM operation: G1PauseRemark done
Event: 20.639 Executing VM operation: G1PauseCleanup
Event: 20.653 Executing VM operation: G1PauseCleanup done
Event: 21.175 Executing VM operation: HandshakeAllThreads
Event: 21.175 Executing VM operation: HandshakeAllThreads done
Event: 22.093 Executing VM operation: G1CollectForAllocation

Memory protections (0 events):
No events

Nmethod flushes (0 events):
No events

Events (20 events):
Event: 0.064 Thread 0x00000186d2adf1b0 Thread added: 0x00000186effa5bd0
Event: 0.066 Thread 0x00000186d2adf1b0 Thread added: 0x00000186effa3d70
Event: 0.732 Thread 0x00000186d2adf1b0 Thread added: 0x00000186effa4ca0
Event: 0.865 Thread 0x00000186effa4ca0 Thread exited: 0x00000186effa4ca0
Event: 2.769 Thread 0x00000186eff949f0 Thread added: 0x00000186f0a90930
Event: 4.747 Thread 0x00000186d2adf1b0 Thread added: 0x00000186effa3860
Event: 4.799 Thread 0x00000186f0a90930 Thread exited: 0x00000186f0a90930
Event: 5.186 Thread 0x00000186eff949f0 Thread added: 0x00000186f54c4220
Event: 5.641 Thread 0x00000186f54c4220 Thread exited: 0x00000186f54c4220
Event: 11.155 Thread 0x00000186eff949f0 Thread added: 0x00000186f54c2ce0
Event: 11.725 Thread 0x00000186f54c2ce0 Thread exited: 0x00000186f54c2ce0
Event: 16.162 Thread 0x00000186eff949f0 Thread added: 0x00000186f5c5e660
Event: 16.779 Thread 0x00000186f5c5e660 Thread exited: 0x00000186f5c5e660
Event: 17.916 Thread 0x00000186eff949f0 Thread added: 0x00000186f5c600f0
Event: 18.741 Thread 0x00000186f5c600f0 Thread exited: 0x00000186f5c600f0
Event: 20.191 Thread 0x00000186eff8bf30 Thread added: 0x00000186f5c5dbc0
Event: 20.465 Thread 0x00000186f5c5dbc0 Thread exited: 0x00000186f5c5dbc0
Event: 21.223 Thread 0x00000186eff949f0 Thread added: 0x00000186f5329060
Event: 21.412 Thread 0x00000186f5329060 Thread exited: 0x00000186f5329060
Event: 21.745 Thread 0x00000186eff949f0 Thread added: 0x00000186f5328070


Dynamic libraries:
0x00007ff744630000 - 0x00007ff74463e000 	C:\Program Files\Eclipse Adoptium\jdk-17.0.17.10-hotspot\bin\java.exe
0x00007ffa81b30000 - 0x00007ffa81d28000 	C:\WINDOWS\SYSTEM32\ntdll.dll
0x00007ffa7fd80000 - 0x00007ffa7fe42000 	C:\WINDOWS\System32\KERNEL32.DLL
0x00007ffa7f500000 - 0x00007ffa7f7f6000 	C:\WINDOWS\System32\KERNELBASE.dll
0x00007ffa7f1c0000 - 0x00007ffa7f2c0000 	C:\WINDOWS\System32\ucrtbase.dll
0x00007ffa71960000 - 0x00007ffa7197e000 	C:\Program Files\Eclipse Adoptium\jdk-17.0.17.10-hotspot\bin\VCRUNTIME140.dll
0x00007ffa71150000 - 0x00007ffa71168000 	C:\Program Files\Eclipse Adoptium\jdk-17.0.17.10-hotspot\bin\jli.dll
0x00007ffa80620000 - 0x00007ffa807c1000 	C:\WINDOWS\System32\USER32.dll
0x00007ffa7fb20000 - 0x00007ffa7fb42000 	C:\WINDOWS\System32\win32u.dll
0x00007ffa7e1e0000 - 0x00007ffa7e47b000 	C:\WINDOWS\WinSxS\amd64_microsoft.windows.common-controls_6595b64144ccf1df_6.0.19041.6456_none_60b8a6cb71f64256\COMCTL32.dll
0x00007ffa81880000 - 0x00007ffa818ab000 	C:\WINDOWS\System32\GDI32.dll
0x00007ffa814e0000 - 0x00007ffa8157e000 	C:\WINDOWS\System32\msvcrt.dll
0x00007ffa7f3e0000 - 0x00007ffa7f4f9000 	C:\WINDOWS\System32\gdi32full.dll
0x00007ffa7f310000 - 0x00007ffa7f3ad000 	C:\WINDOWS\System32\msvcp_win.dll
0x00007ffa800f0000 - 0x00007ffa8011f000 	C:\WINDOWS\System32\IMM32.DLL
0x00007ffa7c430000 - 0x00007ffa7c43c000 	C:\Program Files\Eclipse Adoptium\jdk-17.0.17.10-hotspot\bin\vcruntime140_1.dll
0x00007ffa6c900000 - 0x00007ffa6c98d000 	C:\Program Files\Eclipse Adoptium\jdk-17.0.17.10-hotspot\bin\msvcp140.dll
0x00007ffa332a0000 - 0x00007ffa33f0b000 	C:\Program Files\Eclipse Adoptium\jdk-17.0.17.10-hotspot\bin\server\jvm.dll
0x00007ffa80f50000 - 0x00007ffa81001000 	C:\WINDOWS\System32\ADVAPI32.dll
0x00007ffa818b0000 - 0x00007ffa8194f000 	C:\WINDOWS\System32\sechost.dll
0x00007ffa7fe50000 - 0x00007ffa7ff70000 	C:\WINDOWS\System32\RPCRT4.dll
0x00007ffa7f3b0000 - 0x00007ffa7f3d7000 	C:\WINDOWS\System32\bcrypt.dll
0x00007ffa81a70000 - 0x00007ffa81adb000 	C:\WINDOWS\System32\WS2_32.dll
0x00007ffa7ef70000 - 0x00007ffa7efbb000 	C:\WINDOWS\SYSTEM32\POWRPROF.dll
0x00007ffa6d010000 - 0x00007ffa6d037000 	C:\WINDOWS\SYSTEM32\WINMM.dll
0x00007ffa6e290000 - 0x00007ffa6e29a000 	C:\WINDOWS\SYSTEM32\VERSION.dll
0x00007ffa7ef50000 - 0x00007ffa7ef62000 	C:\WINDOWS\SYSTEM32\UMPDC.dll
0x00007ffa7c2a0000 - 0x00007ffa7c2b2000 	C:\WINDOWS\SYSTEM32\kernel.appcore.dll
0x00007ffa79670000 - 0x00007ffa7967a000 	C:\Program Files\Eclipse Adoptium\jdk-17.0.17.10-hotspot\bin\jimage.dll
0x00007ffa7eba0000 - 0x00007ffa7eda1000 	C:\WINDOWS\SYSTEM32\DBGHELP.DLL
0x00007ffa7e5e0000 - 0x00007ffa7e614000 	C:\WINDOWS\SYSTEM32\dbgcore.DLL
0x00007ffa7f9e0000 - 0x00007ffa7fa62000 	C:\WINDOWS\System32\bcryptPrimitives.dll
0x00007ffa6ed20000 - 0x00007ffa6ed45000 	C:\Program Files\Eclipse Adoptium\jdk-17.0.17.10-hotspot\bin\java.dll
0x00007ffa64cf0000 - 0x00007ffa64dc7000 	C:\Program Files\Eclipse Adoptium\jdk-17.0.17.10-hotspot\bin\jsvml.dll
0x00007ffa807e0000 - 0x00007ffa80f50000 	C:\WINDOWS\System32\SHELL32.dll
0x00007ffa7cb70000 - 0x00007ffa7d315000 	C:\WINDOWS\SYSTEM32\windows.storage.dll
0x00007ffa80180000 - 0x00007ffa804d4000 	C:\WINDOWS\System32\combase.dll
0x00007ffa7e6f0000 - 0x00007ffa7e71b000 	C:\WINDOWS\SYSTEM32\Wldp.dll
0x00007ffa7ff70000 - 0x00007ffa8003d000 	C:\WINDOWS\System32\OLEAUT32.dll
0x00007ffa80040000 - 0x00007ffa800ed000 	C:\WINDOWS\System32\SHCORE.dll
0x00007ffa804e0000 - 0x00007ffa8053b000 	C:\WINDOWS\System32\shlwapi.dll
0x00007ffa7f0f0000 - 0x00007ffa7f114000 	C:\WINDOWS\SYSTEM32\profapi.dll
0x00007ffa71130000 - 0x00007ffa7114a000 	C:\Program Files\Eclipse Adoptium\jdk-17.0.17.10-hotspot\bin\net.dll
0x00007ffa75750000 - 0x00007ffa7585a000 	C:\WINDOWS\SYSTEM32\WINHTTP.dll
0x00007ffa7e170000 - 0x00007ffa7e1da000 	C:\WINDOWS\system32\mswsock.dll
0x00007ffa6ed00000 - 0x00007ffa6ed16000 	C:\Program Files\Eclipse Adoptium\jdk-17.0.17.10-hotspot\bin\nio.dll
0x00007ffa6c8e0000 - 0x00007ffa6c8f8000 	C:\Program Files\Eclipse Adoptium\jdk-17.0.17.10-hotspot\bin\zip.dll
0x00007ffa69270000 - 0x00007ffa69294000 	C:\ProgramData\chocolatey\lib\maven\apache-maven-3.9.11\lib\jansi-native\Windows\x86_64\jansi.dll
0x00007ffa70f10000 - 0x00007ffa70f20000 	C:\Program Files\Eclipse Adoptium\jdk-17.0.17.10-hotspot\bin\verify.dll

dbghelp: loaded successfully - version: 4.0.5 - missing functions: none
symbol engine: initialized successfully - sym options: 0x614 - pdb path: .;C:\Program Files\Eclipse Adoptium\jdk-17.0.17.10-hotspot\bin;C:\WINDOWS\SYSTEM32;C:\WINDOWS\WinSxS\amd64_microsoft.windows.common-controls_6595b64144ccf1df_6.0.19041.6456_none_60b8a6cb71f64256;C:\Program Files\Eclipse Adoptium\jdk-17.0.17.10-hotspot\bin\server;C:\ProgramData\chocolatey\lib\maven\apache-maven-3.9.11\lib\jansi-native\Windows\x86_64

VM Arguments:
jvm_args: --enable-native-access=ALL-UNNAMED -Dclassworlds.conf=C:\ProgramData\chocolatey\lib\maven\apache-maven-3.9.11\bin\m2.conf -Dmaven.home=C:\ProgramData\chocolatey\lib\maven\apache-maven-3.9.11 -Dlibrary.jansi.path=C:\ProgramData\chocolatey\lib\maven\apache-maven-3.9.11\lib\jansi-native -Dmaven.multiModuleProjectDirectory=C:\Users\cypri\Desktop\apps\sadec 
java_command: org.codehaus.plexus.classworlds.launcher.Launcher clean compile spring-boot:run
java_class_path (initial): C:\ProgramData\chocolatey\lib\maven\apache-maven-3.9.11\boot\plexus-classworlds-2.9.0.jar
Launcher Type: SUN_STANDARD

[Global flags]
     intx CICompilerCount                          = 3                                         {product} {ergonomic}
     uint ConcGCThreads                            = 1                                         {product} {ergonomic}
     uint G1ConcRefinementThreads                  = 4                                         {product} {ergonomic}
   size_t G1HeapRegionSize                         = 1048576                                   {product} {ergonomic}
    uintx GCDrainStackTargetSize                   = 64                                        {product} {ergonomic}
   size_t InitialHeapSize                          = 67108864                                  {product} {ergonomic}
   size_t MarkStackSize                            = 4194304                                   {product} {ergonomic}
   size_t MaxHeapSize                              = 1044381696                                {product} {ergonomic}
   size_t MaxNewSize                               = 625999872                                 {product} {ergonomic}
   size_t MinHeapDeltaBytes                        = 1048576                                   {product} {ergonomic}
   size_t MinHeapSize                              = 8388608                                   {product} {ergonomic}
    uintx NonNMethodCodeHeapSize                   = 5832780                                {pd product} {ergonomic}
    uintx NonProfiledCodeHeapSize                  = 122912730                              {pd product} {ergonomic}
    uintx ProfiledCodeHeapSize                     = 122912730                              {pd product} {ergonomic}
    uintx ReservedCodeCacheSize                    = 251658240                              {pd product} {ergonomic}
     bool SegmentedCodeCache                       = true                                      {product} {ergonomic}
   size_t SoftMaxHeapSize                          = 1044381696                             {manageable} {ergonomic}
     bool UseCompressedClassPointers               = true                           {product lp64_product} {ergonomic}
     bool UseCompressedOops                        = true                           {product lp64_product} {ergonomic}
     bool UseG1GC                                  = true                                      {product} {ergonomic}
     bool UseLargePagesIndividualAllocation        = false                                  {pd product} {ergonomic}

Logging:
Log output configuration:
 #0: stdout all=warning uptime,level,tags
 #1: stderr all=off uptime,level,tags

Environment Variables:
PATH=C:\Program Files\Eclipse Adoptium\jdk-17.0.17.10-hotspot\bin;C:\Program Files\Eclipse Adoptium\jdk-21.0.9.10-hotspot\bin;C:\Python314\Scripts\;C:\Python314\;C:\Program Files (x86)\Common Files\Intel\Shared Libraries\redist\intel64\compiler;C:\WINDOWS\system32;C:\WINDOWS;C:\WINDOWS\System32\Wbem;C:\WINDOWS\System32\WindowsPowerShell\v1.0\;C:\WINDOWS\System32\OpenSSH\;C:\Program Files\Microsoft VS Code\bin;C:\Program Files\Git\cmd;C:\Program Files\nodejs\;C:\ProgramData\chocolatey\bin;C:\ProgramData\chocolatey\lib\maven\apache-maven-3.9.11\bin;C:\Program Files\Docker\Docker\resources\bin;C:\Program Files (x86)\cloudflared\;C:\Program Files\MySQL\MySQL Shell 8.0\bin\;C:\Users\cypri\AppData\Local\Microsoft\WindowsApps;C:\Users\cypri\AppData\Roaming\npm;C:\flutter\bin
USERNAME=cypri
OS=Windows_NT
PROCESSOR_IDENTIFIER=Intel64 Family 6 Model 42 Stepping 7, GenuineIntel
TMP=C:\Users\cypri\AppData\Local\Temp
TEMP=C:\Users\cypri\AppData\Local\Temp



Periodic native trim disabled


---------------  S Y S T E M  ---------------

OS:
 Windows 10 , 64 bit Build 19041 (10.0.19041.5915)
OS uptime: 0 days 2:00 hours
Hyper-V role detected

CPU: total 4 (initial active 4) (2 cores per cpu, 2 threads per core) family 6 model 42 stepping 7 microcode 0x2f, cx8, cmov, fxsr, ht, mmx, sse, sse2, sse3, ssse3, sse4.1, sse4.2, popcnt, tsc, tscinvbit, avx, clmul, vzeroupper, clflush, hv
Processor Information for all 4 processors :
  Max Mhz: 3300, Current Mhz: 3300, Mhz Limit: 3300

Memory: 4k page, system-wide physical 3976M (729M free)
TotalPageFile size 11144M (AvailPageFile size 5547M)
current process WorkingSet (physical memory assigned to process): 179M, peak: 182M
current process commit charge ("private bytes"): 208M, peak: 211M

vm_info: OpenJDK 64-Bit Server VM (17.0.17+10) for windows-amd64 JRE (17.0.17+10), built on Oct 21 2025 23:25:32 by "admin" with unknown MS VC++:1942

END.
