#
# A fatal error has been detected by the Java Runtime Environment:
#
#  EXCEPTION_ACCESS_VIOLATION (0xc0000005) at pc=0x00007ff9462601ea, pid=7556, tid=7884
#
# JRE version: OpenJDK Runtime Environment Temurin-17.0.17+10 (17.0.17+10) (build 17.0.17+10)
# Java VM: OpenJDK 64-Bit Server VM Temurin-17.0.17+10 (17.0.17+10, mixed mode, sharing, tiered, compressed oops, compressed class ptrs, g1 gc, windows-amd64)
# Problematic frame:
# V  [jvm.dll+0x6d01ea]
#
# No core dump will be written. Minidumps are not enabled by default on client versions of Windows
#
# If you would like to submit a bug report, please visit:
#   https://github.com/adoptium/adoptium-support/issues
#

---------------  S U M M A R Y ------------

Command Line: --enable-native-access=ALL-UNNAMED -Dclassworlds.conf=C:\ProgramData\chocolatey\lib\maven\apache-maven-3.9.11\bin\m2.conf -Dmaven.home=C:\ProgramData\chocolatey\lib\maven\apache-maven-3.9.11 -Dlibrary.jansi.path=C:\ProgramData\chocolatey\lib\maven\apache-maven-3.9.11\lib\jansi-native -Dmaven.multiModuleProjectDirectory=C:\Users\cypri\Desktop\apps\sadec org.codehaus.plexus.classworlds.launcher.Launcher spring-boot:run

Host: Intel(R) Core(TM) i3-2120 CPU @ 3.30GHz, 4 cores, 3G,  Windows 10 , 64 bit Build 19041 (10.0.19041.5915)
Time: Sat Feb 21 20:55:20 2026 South Africa Standard Time elapsed time: 14.725014 seconds (0d 0h 0m 14s)

---------------  T H R E A D  ---------------

Current thread (0x0000022427b2fb20):  JavaThread "C2 CompilerThread0" daemon [_thread_in_native, id=7884, stack(0x0000007d1dc00000,0x0000007d1dd00000)]


Current CompileTask:
C2:14725 5814   !   4       jdk.internal.loader.BuiltinClassLoader::loadClassOrNull (143 bytes)

Stack: [0x0000007d1dc00000,0x0000007d1dd00000],  sp=0x0000007d1dcfbb60,  free space=1006k
Native frames: (J=compiled Java code, j=interpreted, Vv=VM code, C=native code)
V  [jvm.dll+0x6d01ea]
V  [jvm.dll+0x1bc301]
V  [jvm.dll+0x219f10]
V  [jvm.dll+0x219200]
V  [jvm.dll+0x1a4920]
V  [jvm.dll+0x22989a]
V  [jvm.dll+0x227a4b]
V  [jvm.dll+0x7effb8]
V  [jvm.dll+0x7ea44c]
V  [jvm.dll+0x682e87]
C  [ucrtbase.dll+0x21bb2]
C  [KERNEL32.DLL+0x17374]
C  [ntdll.dll+0x4cc91]


siginfo: EXCEPTION_ACCESS_VIOLATION (0xc0000005), reading address 0x000002250c5e9730


Registers:
RAX=0x000002246d8188d0, RBX=0x0000000000000000, RCX=0x0000022427b73248, RDX=0x0000000027b74398
RSP=0x0000007d1dcfbb60, RBP=0x0000007d1dcfbc60, RSI=0x000002246eae2010, RDI=0x0000022470e90050
R8 =0x0000000000000000, R9 =0x0000000000800001, R10=0x000002246e6e7140, R11=0x0000000000000010
R12=0x000002246e6b2888, R13=0x0000000000000000, R14=0x0000007d1dcfc2d0, R15=0x0000000000000008
RIP=0x00007ff9462601ea, EFLAGS=0x0000000000010283

XMM[0]=0x0000000000000000 0x0000000000000000
XMM[1]=0x000002246de3d830 0x000002246de3aed8
XMM[2]=0x0000000000000000 0x0000000000000000
XMM[3]=0x0000000000000000 0x0000000000000000
XMM[4]=0x0000000000000000 0x0000000000000000
XMM[5]=0x000002246de3ae88 0x000002246ebcce78
XMM[6]=0x0000000000000000 0x0000007d1dcfc000
XMM[7]=0x000002246f2ec920 0x00002b4a00000000
XMM[8]=0x0000000000000000 0x4087700000000000
XMM[9]=0x0000000000000000 0x0000000000000000
XMM[10]=0x0000000000000000 0x0000000000000000
XMM[11]=0x0000000000000000 0x0000000000000000
XMM[12]=0x0000000000000000 0x0000000000000000
XMM[13]=0x0000000000000000 0x0000000000000000
XMM[14]=0x0000000000000000 0x0000000000000000
XMM[15]=0x0000000000000000 0x0000000000000000
  MXCSR=0x00001fa0


Register to memory mapping:

RIP=0x00007ff9462601ea jvm.dll
RAX=0x000002246d8188d0 points into unknown readable memory: 0x0000000000000000 | 00 00 00 00 00 00 00 00
RBX=0x0 is NULL
RCX=0x0000022427b73248 points into unknown readable memory: 0x00007ff9464372d8 | d8 72 43 46 f9 7f 00 00
RDX=0x0000000027b74398 is an unknown value
RSP=0x0000007d1dcfbb60 is pointing into the stack for thread: 0x0000022427b2fb20
RBP=0x0000007d1dcfbc60 is pointing into the stack for thread: 0x0000022427b2fb20
RSI=0x000002246eae2010 points into unknown readable memory: 0x00007ff946447828 | 28 78 44 46 f9 7f 00 00
RDI=0x0000022470e90050 points into unknown readable memory: 0x0000000000000000 | 00 00 00 00 00 00 00 00
R8 =0x0 is NULL
R9 =0x0000000000800001 is an unknown value
R10=0x000002246e6e7140 points into unknown readable memory: 0x000002246e6ead70 | 70 ad 6e 6e 24 02 00 00
R11=0x0000000000000010 is an unknown value
R12=0x000002246e6b2888 points into unknown readable memory: 0x00007ff9464b2570 | 70 25 4b 46 f9 7f 00 00
R13=0x0 is NULL
R14=0x0000007d1dcfc2d0 is pointing into the stack for thread: 0x0000022427b2fb20
R15=0x0000000000000008 is an unknown value


Top of Stack: (sp=0x0000007d1dcfbb60)
0x0000007d1dcfbb60:   000002246e28b588 0000007d1dcfbc60
0x0000007d1dcfbb70:   00007ff9466ad040 000002246f4e8860
0x0000007d1dcfbb80:   0000022400003290 0000007d00000002
0x0000007d1dcfbb90:   0000022400003206 000002246d1ac001
0x0000007d1dcfbba0:   000002246f71f101 0000007d1dcfbcc0
0x0000007d1dcfbbb0:   0000007d00000015 00007ff945c3d5be
0x0000007d1dcfbbc0:   0080000100800001 000002246e6b2888
0x0000007d1dcfbbd0:   000000081dcfbf00 000000000000001c
0x0000007d1dcfbbe0:   0000022400000000 000002246eae2010
0x0000007d1dcfbbf0:   0000022470e90050 000002246dfe4ff0
0x0000007d1dcfbc00:   0000000000000000 000002246dfe50d0
0x0000007d1dcfbc10:   0000000000000521 00007ff945efd9d5
0x0000007d1dcfbc20:   00002b4a00000000 000002246f2ec920
0x0000007d1dcfbc30:   0000007d1dcfc000 00007ff945d8e04f
0x0000007d1dcfbc40:   000002246e6eaad0 000002246e6e37b0
0x0000007d1dcfbc50:   000002246e6e7140 0000000000000000
0x0000007d1dcfbc60:   000002246ea5f820 0000022400800000
0x0000007d1dcfbc70:   000002246d1ac020 000002246f002960
0x0000007d1dcfbc80:   000002246f002920 0000000000000000
0x0000007d1dcfbc90:   000002246e6eabb0 000000000000001c
0x0000007d1dcfbca0:   00002b4a0000001c 000002246ea5f820
0x0000007d1dcfbcb0:   0000007d1dcfc000 0000000000000000
0x0000007d1dcfbcc0:   00002b4a00000000 000002246f2ec920
0x0000007d1dcfbcd0:   0000007d1dcfc000 0000000000000000
0x0000007d1dcfbce0:   000002246f2ec920 0000022427b82950
0x0000007d1dcfbcf0:   00000000000003d8 0000022427b82960
0x0000007d1dcfbd00:   0000022427b82d38 0000000000000000
0x0000007d1dcfbd10:   0000000000000000 0000000000000000
0x0000007d1dcfbd20:   0000000000000000 0000000000000000
0x0000007d1dcfbd30:   0000000000000000 0000000000000000
0x0000007d1dcfbd40:   0000000000000000 0000000000000000
0x0000007d1dcfbd50:   0000000000000000 0000000000002b49 

Instructions: (pc=0x00007ff9462601ea)
0x00007ff9462600ea:   41 8b 40 20 ff c8 41 89 40 20 8b c8 49 8b 40 10
0x00007ff9462600fa:   48 8b 0c c8 48 89 0a 44 8b 05 f0 c3 4f 00 33 f6
0x00007ff94626010a:   65 48 8b 14 25 58 00 00 00 b9 50 00 00 00 4b 89
0x00007ff94626011a:   34 e9 4a 8b 04 c2 40 38 34 01 75 05 e8 2d 58 1c
0x00007ff94626012a:   00 8b 95 08 02 00 00 49 8d 4c 24 10 e8 65 2b f9
0x00007ff94626013a:   ff ff 8d 08 02 00 00 41 bd 01 00 00 00 41 ff 4c
0x00007ff94626014a:   24 28 8b 9d 08 02 00 00 41 ff 4c 24 70 41 ff 4c
0x00007ff94626015a:   24 78 ff c3 89 9d 08 02 00 00 e9 d7 fa ff ff 8b
0x00007ff94626016a:   46 2c 83 e0 7f 3c 4a 0f 84 84 06 00 00 48 8b 06
0x00007ff94626017a:   48 8b ce ff 90 88 00 00 00 48 89 45 a0 4c 8b e8
0x00007ff94626018a:   48 85 c0 74 0c 48 8b c8 e8 79 b5 ad ff 8b d0 eb
0x00007ff94626019a:   03 41 8b d7 44 8b 4c 24 64 41 8d 47 ff 41 bf 01
0x00007ff9462601aa:   00 00 00 89 54 24 60 89 45 08 44 89 7c 24 74 45
0x00007ff9462601ba:   3b cf 0f 86 31 06 00 00 44 3b f8 76 0d 41 8b c7
0x00007ff9462601ca:   2b c2 a8 01 0f 84 07 06 00 00 48 8b 46 08 41 8b
0x00007ff9462601da:   cf 48 8b 0c c8 49 8b 86 08 01 00 00 48 63 51 28
0x00007ff9462601ea:   8b 1c 90 89 5c 24 7c 41 3b 9e e0 00 00 00 0f 83
0x00007ff9462601fa:   bc 0c 00 00 49 8b 46 70 48 69 d3 b0 00 00 00 48
0x00007ff94626020a:   8b 48 20 81 7c 0a 30 2f 75 00 00 0f 8c 9f 0c 00
0x00007ff94626021a:   00 48 8b 45 10 48 8b 4d 98 44 8b 34 98 44 89 74
0x00007ff94626022a:   24 70 4e 8b 24 f1 4d 85 ed 0f 84 b2 01 00 00 41
0x00007ff94626023a:   8b 4d 14 41 3b cf 77 0f 45 3b 7d 18 73 09 41 8b
0x00007ff94626024a:   c7 2b c1 a8 01 74 1d 49 8b 4d 00 48 85 c9 0f 84
0x00007ff94626025a:   8d 01 00 00 41 8b d7 e8 ba d7 b2 ff 84 c0 0f 84
0x00007ff94626026a:   7d 01 00 00 48 8b 85 f0 01 00 00 49 8b cc 48 8b
0x00007ff94626027a:   58 10 e8 2f 28 f9 ff 84 c0 0f 85 31 13 00 00 49
0x00007ff94626028a:   8b cc e8 cf 04 f9 ff 48 8b f0 48 85 c0 0f 84 a5
0x00007ff94626029a:   13 00 00 4c 8b 85 f0 01 00 00 49 8b 58 10 8b 8b
0x00007ff9462602aa:   40 02 00 00 2b 8b 68 02 00 00 03 0d c6 11 45 00
0x00007ff9462602ba:   3b 4b 68 0f 87 5a 13 00 00 48 63 78 28 49 8d 98
0x00007ff9462602ca:   00 01 00 00 4c 8b f0 3b 3b 7c 46 3b 7b 04 7c 11
0x00007ff9462602da:   8b d7 48 8b cb e8 0c aa 9e ff 4c 8b 85 f0 01 00 


Stack slot to memory mapping:
stack at sp + 0 slots: 0x000002246e28b588 points into unknown readable memory: 0x00007ff9464c6af0 | f0 6a 4c 46 f9 7f 00 00
stack at sp + 1 slots: 0x0000007d1dcfbc60 is pointing into the stack for thread: 0x0000022427b2fb20
stack at sp + 2 slots: 0x00007ff9466ad040 jvm.dll
stack at sp + 3 slots: 0x000002246f4e8860 points into unknown readable memory: 0x000300030ffffcff | ff fc ff 0f 03 00 03 00
stack at sp + 4 slots: 0x0000022400003290 is an unknown value
stack at sp + 5 slots: 0x0000007d00000002 is an unknown value
stack at sp + 6 slots: 0x0000022400003206 is an unknown value
stack at sp + 7 slots: 0x000002246d1ac001 points into unknown readable memory: 00 00 00 00 00 00 00


---------------  P R O C E S S  ---------------

Threads class SMR info:
_java_thread_list=0x000002246f1c90a0, length=13, elements={
0x000002240a6f2440, 0x000002240a7ae7e0, 0x0000022427b0f5f0, 0x0000022427b249c0,
0x0000022427b26590, 0x0000022427b28f60, 0x0000022427b29920, 0x0000022427b2fb20,
0x0000022427b30520, 0x0000022427b47330, 0x000002246d07aa80, 0x000002246d07d620,
0x000002246e8b99b0
}

Java Threads: ( => current thread )
  0x000002240a6f2440 JavaThread "main" [_thread_in_native, id=1288, stack(0x0000007d1cf00000,0x0000007d1d000000)]
  0x000002240a7ae7e0 JavaThread "Reference Handler" daemon [_thread_blocked, id=4492, stack(0x0000007d1d600000,0x0000007d1d700000)]
  0x0000022427b0f5f0 JavaThread "Finalizer" daemon [_thread_blocked, id=5932, stack(0x0000007d1d700000,0x0000007d1d800000)]
  0x0000022427b249c0 JavaThread "Signal Dispatcher" daemon [_thread_blocked, id=1936, stack(0x0000007d1d800000,0x0000007d1d900000)]
  0x0000022427b26590 JavaThread "Attach Listener" daemon [_thread_blocked, id=8560, stack(0x0000007d1d900000,0x0000007d1da00000)]
  0x0000022427b28f60 JavaThread "Service Thread" daemon [_thread_blocked, id=4500, stack(0x0000007d1da00000,0x0000007d1db00000)]
  0x0000022427b29920 JavaThread "Monitor Deflation Thread" daemon [_thread_blocked, id=7080, stack(0x0000007d1db00000,0x0000007d1dc00000)]
=>0x0000022427b2fb20 JavaThread "C2 CompilerThread0" daemon [_thread_in_native, id=7884, stack(0x0000007d1dc00000,0x0000007d1dd00000)]
  0x0000022427b30520 JavaThread "C1 CompilerThread0" daemon [_thread_blocked, id=8852, stack(0x0000007d1dd00000,0x0000007d1de00000)]
  0x0000022427b47330 JavaThread "Sweeper thread" daemon [_thread_blocked, id=8228, stack(0x0000007d1de00000,0x0000007d1df00000)]
  0x000002246d07aa80 JavaThread "Notification Thread" daemon [_thread_blocked, id=4356, stack(0x0000007d1df00000,0x0000007d1e000000)]
  0x000002246d07d620 JavaThread "Common-Cleaner" daemon [_thread_blocked, id=7032, stack(0x0000007d1e100000,0x0000007d1e200000)]
  0x000002246e8b99b0 JavaThread "Thread-1" daemon [_thread_blocked, id=2748, stack(0x0000007d1e600000,0x0000007d1e700000)]

Other Threads:
  0x000002240a7a4d20 VMThread "VM Thread" [stack: 0x0000007d1d500000,0x0000007d1d600000] [id=3336]
  0x000002246d07d380 WatcherThread [stack: 0x0000007d1e000000,0x0000007d1e100000] [id=1536]
  0x000002240a72e740 GCTaskThread "GC Thread#0" [stack: 0x0000007d1d000000,0x0000007d1d100000] [id=7444]
  0x000002246dbf5560 GCTaskThread "GC Thread#1" [stack: 0x0000007d1e200000,0x0000007d1e300000] [id=6216]
  0x000002246db614d0 GCTaskThread "GC Thread#2" [stack: 0x0000007d1e300000,0x0000007d1e400000] [id=3340]
  0x000002246dd017d0 GCTaskThread "GC Thread#3" [stack: 0x0000007d1e400000,0x0000007d1e500000] [id=3144]
  0x000002240a737ab0 ConcurrentGCThread "G1 Main Marker" [stack: 0x0000007d1d100000,0x0000007d1d200000] [id=4688]
  0x000002240a7384d0 ConcurrentGCThread "G1 Conc#0" [stack: 0x0000007d1d200000,0x0000007d1d300000] [id=8624]
  0x000002240a788340 ConcurrentGCThread "G1 Refine#0" [stack: 0x0000007d1d300000,0x0000007d1d400000] [id=8040]
  0x000002240a788d70 ConcurrentGCThread "G1 Service" [stack: 0x0000007d1d400000,0x0000007d1d500000] [id=6508]

Threads with active compile tasks:
C2 CompilerThread0  14755 5814   !   4       jdk.internal.loader.BuiltinClassLoader::loadClassOrNull (143 bytes)

VM state: not at safepoint (normal execution)

VM Mutex/Monitor currently owned by a thread: None

Heap address: 0x00000000c1c00000, size: 996 MB, Compressed Oops mode: 32-bit

CDS archive(s) mapped at: [0x0000022428000000-0x0000022428bb0000-0x0000022428bb0000), size 12255232, SharedBaseAddress: 0x0000022428000000, ArchiveRelocationMode: 1.
Compressed class space mapped at: 0x0000022429000000-0x0000022469000000, reserved size: 1073741824
Narrow klass base: 0x0000022428000000, Narrow klass shift: 0, Narrow klass range: 0x100000000

GC Precious Log:
 CPUs: 4 total, 4 available
 Memory: 3976M
 Large Page Support: Disabled
 NUMA Support: Disabled
 Compressed Oops: Enabled (32-bit)
 Heap Region Size: 1M
 Heap Min Capacity: 8M
 Heap Initial Capacity: 64M
 Heap Max Capacity: 996M
 Pre-touch: Disabled
 Parallel Workers: 4
 Concurrent Workers: 1
 Concurrent Refinement Workers: 4
 Periodic GC: Disabled

Heap:
 garbage-first heap   total 254976K, used 47850K [0x00000000c1c00000, 0x0000000100000000)
  region size 1024K, 5 young (5120K), 1 survivors (1024K)
 Metaspace       used 28097K, committed 28352K, reserved 1114112K
  class space    used 3289K, committed 3392K, reserved 1048576K

Heap Regions: E=young(eden), S=young(survivor), O=old, HS=humongous(starts), HC=humongous(continues), CS=collection set, F=free, OA=open archive, CA=closed archive, TAMS=top-at-mark-start (previous, next)
|   0|0x00000000c1c00000, 0x00000000c1d00000, 0x00000000c1d00000|100%| O|  |TAMS 0x00000000c1d00000, 0x00000000c1c00000| Untracked 
|   1|0x00000000c1d00000, 0x00000000c1e00000, 0x00000000c1e00000|100%| O|  |TAMS 0x00000000c1e00000, 0x00000000c1d00000| Untracked 
|   2|0x00000000c1e00000, 0x00000000c1f00000, 0x00000000c1f00000|100%| O|  |TAMS 0x00000000c1f00000, 0x00000000c1e00000| Untracked 
|   3|0x00000000c1f00000, 0x00000000c2000000, 0x00000000c2000000|100%| O|  |TAMS 0x00000000c2000000, 0x00000000c1f00000| Untracked 
|   4|0x00000000c2000000, 0x00000000c2100000, 0x00000000c2100000|100%| O|  |TAMS 0x00000000c2100000, 0x00000000c2000000| Untracked 
|   5|0x00000000c2100000, 0x00000000c2200000, 0x00000000c2200000|100%| O|  |TAMS 0x00000000c2200000, 0x00000000c2100000| Untracked 
|   6|0x00000000c2200000, 0x00000000c2300000, 0x00000000c2300000|100%| O|  |TAMS 0x00000000c2300000, 0x00000000c2200000| Untracked 
|   7|0x00000000c2300000, 0x00000000c2400000, 0x00000000c2400000|100%| O|  |TAMS 0x00000000c2400000, 0x00000000c2300000| Untracked 
|   8|0x00000000c2400000, 0x00000000c2500000, 0x00000000c2500000|100%| O|  |TAMS 0x00000000c2500000, 0x00000000c2400000| Untracked 
|   9|0x00000000c2500000, 0x00000000c2600000, 0x00000000c2600000|100%| O|  |TAMS 0x00000000c2600000, 0x00000000c2500000| Untracked 
|  10|0x00000000c2600000, 0x00000000c2700000, 0x00000000c2700000|100%| O|  |TAMS 0x00000000c2700000, 0x00000000c2600000| Untracked 
|  11|0x00000000c2700000, 0x00000000c2800000, 0x00000000c2800000|100%| O|  |TAMS 0x00000000c2700000, 0x00000000c2700000| Untracked 
|  12|0x00000000c2800000, 0x00000000c2900000, 0x00000000c2900000|100%|HS|  |TAMS 0x00000000c2900000, 0x00000000c2800000| Complete 
|  13|0x00000000c2900000, 0x00000000c2a00000, 0x00000000c2a00000|100%|HS|  |TAMS 0x00000000c2a00000, 0x00000000c2900000| Complete 
|  14|0x00000000c2a00000, 0x00000000c2b00000, 0x00000000c2b00000|100%| O|  |TAMS 0x00000000c2b00000, 0x00000000c2a00000| Untracked 
|  15|0x00000000c2b00000, 0x00000000c2c00000, 0x00000000c2c00000|100%| O|  |TAMS 0x00000000c2c00000, 0x00000000c2b00000| Untracked 
|  16|0x00000000c2c00000, 0x00000000c2d00000, 0x00000000c2d00000|100%|HS|  |TAMS 0x00000000c2d00000, 0x00000000c2c00000| Complete 
|  17|0x00000000c2d00000, 0x00000000c2e00000, 0x00000000c2e00000|100%|HC|  |TAMS 0x00000000c2e00000, 0x00000000c2d00000| Complete 
|  18|0x00000000c2e00000, 0x00000000c2f00000, 0x00000000c2f00000|100%|HS|  |TAMS 0x00000000c2f00000, 0x00000000c2e00000| Complete 
|  19|0x00000000c2f00000, 0x00000000c3000000, 0x00000000c3000000|100%|HS|  |TAMS 0x00000000c3000000, 0x00000000c2f00000| Complete 
|  20|0x00000000c3000000, 0x00000000c3100000, 0x00000000c3100000|100%| O|  |TAMS 0x00000000c3100000, 0x00000000c3000000| Untracked 
|  21|0x00000000c3100000, 0x00000000c3200000, 0x00000000c3200000|100%| O|  |TAMS 0x00000000c3200000, 0x00000000c3100000| Untracked 
|  22|0x00000000c3200000, 0x00000000c3300000, 0x00000000c3300000|100%| O|  |TAMS 0x00000000c3300000, 0x00000000c3200000| Untracked 
|  23|0x00000000c3300000, 0x00000000c3400000, 0x00000000c3400000|100%| O|  |TAMS 0x00000000c3400000, 0x00000000c3300000| Untracked 
|  24|0x00000000c3400000, 0x00000000c3500000, 0x00000000c3500000|100%| O|  |TAMS 0x00000000c3500000, 0x00000000c3400000| Untracked 
|  25|0x00000000c3500000, 0x00000000c3600000, 0x00000000c3600000|100%| O|  |TAMS 0x00000000c3600000, 0x00000000c3500000| Untracked 
|  26|0x00000000c3600000, 0x00000000c3700000, 0x00000000c3700000|100%| O|  |TAMS 0x00000000c3600000, 0x00000000c3600000| Untracked 
|  27|0x00000000c3700000, 0x00000000c3800000, 0x00000000c3800000|100%| O|  |TAMS 0x00000000c3700000, 0x00000000c3700000| Untracked 
|  28|0x00000000c3800000, 0x00000000c3900000, 0x00000000c3900000|100%| O|  |TAMS 0x00000000c3800000, 0x00000000c3800000| Untracked 
|  29|0x00000000c3900000, 0x00000000c3a00000, 0x00000000c3a00000|100%| O|  |TAMS 0x00000000c3900000, 0x00000000c3900000| Untracked 
|  30|0x00000000c3a00000, 0x00000000c3b00000, 0x00000000c3b00000|100%| O|  |TAMS 0x00000000c3a00000, 0x00000000c3a00000| Untracked 
|  31|0x00000000c3b00000, 0x00000000c3b36a00, 0x00000000c3c00000| 21%| O|  |TAMS 0x00000000c3b00000, 0x00000000c3b00000| Untracked 
|  32|0x00000000c3c00000, 0x00000000c3d00000, 0x00000000c3d00000|100%| O|  |TAMS 0x00000000c3d00000, 0x00000000c3c00000| Untracked 
|  33|0x00000000c3d00000, 0x00000000c3e00000, 0x00000000c3e00000|100%| O|  |TAMS 0x00000000c3e00000, 0x00000000c3d00000| Untracked 
|  34|0x00000000c3e00000, 0x00000000c3f00000, 0x00000000c3f00000|100%| O|  |TAMS 0x00000000c3f00000, 0x00000000c3e00000| Untracked 
|  35|0x00000000c3f00000, 0x00000000c4000000, 0x00000000c4000000|100%| O|  |TAMS 0x00000000c4000000, 0x00000000c3f00000| Untracked 
|  36|0x00000000c4000000, 0x00000000c4100000, 0x00000000c4100000|100%| O|  |TAMS 0x00000000c4100000, 0x00000000c4000000| Untracked 
|  37|0x00000000c4100000, 0x00000000c4200000, 0x00000000c4200000|100%| O|  |TAMS 0x00000000c4200000, 0x00000000c4100000| Untracked 
|  38|0x00000000c4200000, 0x00000000c4200000, 0x00000000c4300000|  0%| F|  |TAMS 0x00000000c4200000, 0x00000000c4200000| Untracked 
|  39|0x00000000c4300000, 0x00000000c4300000, 0x00000000c4400000|  0%| F|  |TAMS 0x00000000c4300000, 0x00000000c4300000| Untracked 
|  40|0x00000000c4400000, 0x00000000c4400000, 0x00000000c4500000|  0%| F|  |TAMS 0x00000000c4400000, 0x00000000c4400000| Untracked 
|  41|0x00000000c4500000, 0x00000000c4500000, 0x00000000c4600000|  0%| F|  |TAMS 0x00000000c4500000, 0x00000000c4500000| Untracked 
|  42|0x00000000c4600000, 0x00000000c4600000, 0x00000000c4700000|  0%| F|  |TAMS 0x00000000c4600000, 0x00000000c4600000| Untracked 
|  43|0x00000000c4700000, 0x00000000c4700000, 0x00000000c4800000|  0%| F|  |TAMS 0x00000000c4700000, 0x00000000c4700000| Untracked 
|  44|0x00000000c4800000, 0x00000000c4800000, 0x00000000c4900000|  0%| F|  |TAMS 0x00000000c4800000, 0x00000000c4800000| Untracked 
|  45|0x00000000c4900000, 0x00000000c4900000, 0x00000000c4a00000|  0%| F|  |TAMS 0x00000000c4900000, 0x00000000c4900000| Untracked 
|  46|0x00000000c4a00000, 0x00000000c4a00000, 0x00000000c4b00000|  0%| F|  |TAMS 0x00000000c4a00000, 0x00000000c4a00000| Untracked 
|  47|0x00000000c4b00000, 0x00000000c4b00000, 0x00000000c4c00000|  0%| F|  |TAMS 0x00000000c4b00000, 0x00000000c4b00000| Untracked 
|  48|0x00000000c4c00000, 0x00000000c4c00000, 0x00000000c4d00000|  0%| F|  |TAMS 0x00000000c4c00000, 0x00000000c4c00000| Untracked 
|  49|0x00000000c4d00000, 0x00000000c4d00000, 0x00000000c4e00000|  0%| F|  |TAMS 0x00000000c4d00000, 0x00000000c4d00000| Untracked 
|  50|0x00000000c4e00000, 0x00000000c4e00000, 0x00000000c4f00000|  0%| F|  |TAMS 0x00000000c4e00000, 0x00000000c4e00000| Untracked 
|  51|0x00000000c4f00000, 0x00000000c4f00000, 0x00000000c5000000|  0%| F|  |TAMS 0x00000000c4f00000, 0x00000000c4f00000| Untracked 
|  52|0x00000000c5000000, 0x00000000c5000000, 0x00000000c5100000|  0%| F|  |TAMS 0x00000000c5000000, 0x00000000c5000000| Untracked 
|  53|0x00000000c5100000, 0x00000000c5100000, 0x00000000c5200000|  0%| F|  |TAMS 0x00000000c5100000, 0x00000000c5100000| Untracked 
|  54|0x00000000c5200000, 0x00000000c5200000, 0x00000000c5300000|  0%| F|  |TAMS 0x00000000c5200000, 0x00000000c5200000| Untracked 
|  55|0x00000000c5300000, 0x00000000c5300000, 0x00000000c5400000|  0%| F|  |TAMS 0x00000000c5300000, 0x00000000c5300000| Untracked 
|  56|0x00000000c5400000, 0x00000000c5400000, 0x00000000c5500000|  0%| F|  |TAMS 0x00000000c5400000, 0x00000000c5400000| Untracked 
|  57|0x00000000c5500000, 0x00000000c5500000, 0x00000000c5600000|  0%| F|  |TAMS 0x00000000c5500000, 0x00000000c5500000| Untracked 
|  58|0x00000000c5600000, 0x00000000c5600000, 0x00000000c5700000|  0%| F|  |TAMS 0x00000000c5600000, 0x00000000c5600000| Untracked 
|  59|0x00000000c5700000, 0x00000000c5700000, 0x00000000c5800000|  0%| F|  |TAMS 0x00000000c5700000, 0x00000000c5700000| Untracked 
|  60|0x00000000c5800000, 0x00000000c5800000, 0x00000000c5900000|  0%| F|  |TAMS 0x00000000c5800000, 0x00000000c5800000| Untracked 
|  61|0x00000000c5900000, 0x00000000c5900000, 0x00000000c5a00000|  0%| F|  |TAMS 0x00000000c5900000, 0x00000000c5900000| Untracked 
|  62|0x00000000c5a00000, 0x00000000c5a00000, 0x00000000c5b00000|  0%| F|  |TAMS 0x00000000c5a00000, 0x00000000c5a00000| Untracked 
|  63|0x00000000c5b00000, 0x00000000c5b00000, 0x00000000c5c00000|  0%| F|  |TAMS 0x00000000c5b00000, 0x00000000c5b00000| Untracked 
|  64|0x00000000c5c00000, 0x00000000c5c00000, 0x00000000c5d00000|  0%| F|  |TAMS 0x00000000c5c00000, 0x00000000c5c00000| Untracked 
|  65|0x00000000c5d00000, 0x00000000c5d00000, 0x00000000c5e00000|  0%| F|  |TAMS 0x00000000c5d00000, 0x00000000c5d00000| Untracked 
|  66|0x00000000c5e00000, 0x00000000c5e00000, 0x00000000c5f00000|  0%| F|  |TAMS 0x00000000c5e00000, 0x00000000c5e00000| Untracked 
|  67|0x00000000c5f00000, 0x00000000c5f00000, 0x00000000c6000000|  0%| F|  |TAMS 0x00000000c5f00000, 0x00000000c5f00000| Untracked 
|  68|0x00000000c6000000, 0x00000000c6000000, 0x00000000c6100000|  0%| F|  |TAMS 0x00000000c6000000, 0x00000000c6000000| Untracked 
|  69|0x00000000c6100000, 0x00000000c6100000, 0x00000000c6200000|  0%| F|  |TAMS 0x00000000c6100000, 0x00000000c6100000| Untracked 
|  70|0x00000000c6200000, 0x00000000c6200000, 0x00000000c6300000|  0%| F|  |TAMS 0x00000000c6200000, 0x00000000c6200000| Untracked 
|  71|0x00000000c6300000, 0x00000000c6300000, 0x00000000c6400000|  0%| F|  |TAMS 0x00000000c6300000, 0x00000000c6300000| Untracked 
|  72|0x00000000c6400000, 0x00000000c6400000, 0x00000000c6500000|  0%| F|  |TAMS 0x00000000c6400000, 0x00000000c6400000| Untracked 
|  73|0x00000000c6500000, 0x00000000c65840e8, 0x00000000c6600000| 51%| S|CS|TAMS 0x00000000c6500000, 0x00000000c6500000| Complete 
|  74|0x00000000c6600000, 0x00000000c6600000, 0x00000000c6700000|  0%| F|  |TAMS 0x00000000c6600000, 0x00000000c6600000| Untracked 
|  75|0x00000000c6700000, 0x00000000c6700000, 0x00000000c6800000|  0%| F|  |TAMS 0x00000000c6700000, 0x00000000c6700000| Untracked 
|  76|0x00000000c6800000, 0x00000000c6800000, 0x00000000c6900000|  0%| F|  |TAMS 0x00000000c6800000, 0x00000000c6800000| Untracked 
|  77|0x00000000c6900000, 0x00000000c6900000, 0x00000000c6a00000|  0%| F|  |TAMS 0x00000000c6900000, 0x00000000c6900000| Untracked 
|  78|0x00000000c6a00000, 0x00000000c6a00000, 0x00000000c6b00000|  0%| F|  |TAMS 0x00000000c6a00000, 0x00000000c6a00000| Untracked 
|  79|0x00000000c6b00000, 0x00000000c6b00000, 0x00000000c6c00000|  0%| F|  |TAMS 0x00000000c6b00000, 0x00000000c6b00000| Untracked 
|  80|0x00000000c6c00000, 0x00000000c6c00000, 0x00000000c6d00000|  0%| F|  |TAMS 0x00000000c6c00000, 0x00000000c6c00000| Untracked 
|  81|0x00000000c6d00000, 0x00000000c6d00000, 0x00000000c6e00000|  0%| F|  |TAMS 0x00000000c6d00000, 0x00000000c6d00000| Untracked 
|  82|0x00000000c6e00000, 0x00000000c6e00000, 0x00000000c6f00000|  0%| F|  |TAMS 0x00000000c6e00000, 0x00000000c6e00000| Untracked 
|  83|0x00000000c6f00000, 0x00000000c6f00000, 0x00000000c7000000|  0%| F|  |TAMS 0x00000000c6f00000, 0x00000000c6f00000| Untracked 
|  84|0x00000000c7000000, 0x00000000c7000000, 0x00000000c7100000|  0%| F|  |TAMS 0x00000000c7000000, 0x00000000c7000000| Untracked 
|  85|0x00000000c7100000, 0x00000000c7100000, 0x00000000c7200000|  0%| F|  |TAMS 0x00000000c7100000, 0x00000000c7100000| Untracked 
|  86|0x00000000c7200000, 0x00000000c7200000, 0x00000000c7300000|  0%| F|  |TAMS 0x00000000c7200000, 0x00000000c7200000| Untracked 
|  87|0x00000000c7300000, 0x00000000c7300000, 0x00000000c7400000|  0%| F|  |TAMS 0x00000000c7300000, 0x00000000c7300000| Untracked 
|  88|0x00000000c7400000, 0x00000000c7400000, 0x00000000c7500000|  0%| F|  |TAMS 0x00000000c7400000, 0x00000000c7400000| Untracked 
|  89|0x00000000c7500000, 0x00000000c7500000, 0x00000000c7600000|  0%| F|  |TAMS 0x00000000c7500000, 0x00000000c7500000| Untracked 
|  90|0x00000000c7600000, 0x00000000c7600000, 0x00000000c7700000|  0%| F|  |TAMS 0x00000000c7600000, 0x00000000c7600000| Untracked 
|  91|0x00000000c7700000, 0x00000000c7700000, 0x00000000c7800000|  0%| F|  |TAMS 0x00000000c7700000, 0x00000000c7700000| Untracked 
|  92|0x00000000c7800000, 0x00000000c7800000, 0x00000000c7900000|  0%| F|  |TAMS 0x00000000c7800000, 0x00000000c7800000| Untracked 
|  93|0x00000000c7900000, 0x00000000c7900000, 0x00000000c7a00000|  0%| F|  |TAMS 0x00000000c7900000, 0x00000000c7900000| Untracked 
|  94|0x00000000c7a00000, 0x00000000c7a00000, 0x00000000c7b00000|  0%| F|  |TAMS 0x00000000c7a00000, 0x00000000c7a00000| Untracked 
|  95|0x00000000c7b00000, 0x00000000c7b00000, 0x00000000c7c00000|  0%| F|  |TAMS 0x00000000c7b00000, 0x00000000c7b00000| Untracked 
|  96|0x00000000c7c00000, 0x00000000c7c00000, 0x00000000c7d00000|  0%| F|  |TAMS 0x00000000c7c00000, 0x00000000c7c00000| Untracked 
|  97|0x00000000c7d00000, 0x00000000c7d00000, 0x00000000c7e00000|  0%| F|  |TAMS 0x00000000c7d00000, 0x00000000c7d00000| Untracked 
|  98|0x00000000c7e00000, 0x00000000c7e00000, 0x00000000c7f00000|  0%| F|  |TAMS 0x00000000c7e00000, 0x00000000c7e00000| Untracked 
|  99|0x00000000c7f00000, 0x00000000c7f00000, 0x00000000c8000000|  0%| F|  |TAMS 0x00000000c7f00000, 0x00000000c7f00000| Untracked 
| 100|0x00000000c8000000, 0x00000000c8000000, 0x00000000c8100000|  0%| F|  |TAMS 0x00000000c8000000, 0x00000000c8000000| Untracked 
| 101|0x00000000c8100000, 0x00000000c8100000, 0x00000000c8200000|  0%| F|  |TAMS 0x00000000c8100000, 0x00000000c8100000| Untracked 
| 102|0x00000000c8200000, 0x00000000c8200000, 0x00000000c8300000|  0%| F|  |TAMS 0x00000000c8200000, 0x00000000c8200000| Untracked 
| 103|0x00000000c8300000, 0x00000000c8300000, 0x00000000c8400000|  0%| F|  |TAMS 0x00000000c8300000, 0x00000000c8300000| Untracked 
| 104|0x00000000c8400000, 0x00000000c8400000, 0x00000000c8500000|  0%| F|  |TAMS 0x00000000c8400000, 0x00000000c8400000| Untracked 
| 105|0x00000000c8500000, 0x00000000c8500000, 0x00000000c8600000|  0%| F|  |TAMS 0x00000000c8500000, 0x00000000c8500000| Untracked 
| 106|0x00000000c8600000, 0x00000000c8600000, 0x00000000c8700000|  0%| F|  |TAMS 0x00000000c8600000, 0x00000000c8600000| Untracked 
| 107|0x00000000c8700000, 0x00000000c8700000, 0x00000000c8800000|  0%| F|  |TAMS 0x00000000c8700000, 0x00000000c8700000| Untracked 
| 108|0x00000000c8800000, 0x00000000c8800000, 0x00000000c8900000|  0%| F|  |TAMS 0x00000000c8800000, 0x00000000c8800000| Untracked 
| 109|0x00000000c8900000, 0x00000000c8900000, 0x00000000c8a00000|  0%| F|  |TAMS 0x00000000c8900000, 0x00000000c8900000| Untracked 
| 110|0x00000000c8a00000, 0x00000000c8a00000, 0x00000000c8b00000|  0%| F|  |TAMS 0x00000000c8a00000, 0x00000000c8a00000| Untracked 
| 111|0x00000000c8b00000, 0x00000000c8b00000, 0x00000000c8c00000|  0%| F|  |TAMS 0x00000000c8b00000, 0x00000000c8b00000| Untracked 
| 112|0x00000000c8c00000, 0x00000000c8c00000, 0x00000000c8d00000|  0%| F|  |TAMS 0x00000000c8c00000, 0x00000000c8c00000| Untracked 
| 113|0x00000000c8d00000, 0x00000000c8d00000, 0x00000000c8e00000|  0%| F|  |TAMS 0x00000000c8d00000, 0x00000000c8d00000| Untracked 
| 114|0x00000000c8e00000, 0x00000000c8e00000, 0x00000000c8f00000|  0%| F|  |TAMS 0x00000000c8e00000, 0x00000000c8e00000| Untracked 
| 115|0x00000000c8f00000, 0x00000000c8f00000, 0x00000000c9000000|  0%| F|  |TAMS 0x00000000c8f00000, 0x00000000c8f00000| Untracked 
| 116|0x00000000c9000000, 0x00000000c9000000, 0x00000000c9100000|  0%| F|  |TAMS 0x00000000c9000000, 0x00000000c9000000| Untracked 
| 117|0x00000000c9100000, 0x00000000c9100000, 0x00000000c9200000|  0%| F|  |TAMS 0x00000000c9100000, 0x00000000c9100000| Untracked 
| 118|0x00000000c9200000, 0x00000000c9200000, 0x00000000c9300000|  0%| F|  |TAMS 0x00000000c9200000, 0x00000000c9200000| Untracked 
| 119|0x00000000c9300000, 0x00000000c9300000, 0x00000000c9400000|  0%| F|  |TAMS 0x00000000c9300000, 0x00000000c9300000| Untracked 
| 120|0x00000000c9400000, 0x00000000c9400000, 0x00000000c9500000|  0%| F|  |TAMS 0x00000000c9400000, 0x00000000c9400000| Untracked 
| 121|0x00000000c9500000, 0x00000000c9500000, 0x00000000c9600000|  0%| F|  |TAMS 0x00000000c9500000, 0x00000000c9500000| Untracked 
| 122|0x00000000c9600000, 0x00000000c9600000, 0x00000000c9700000|  0%| F|  |TAMS 0x00000000c9600000, 0x00000000c9600000| Untracked 
| 123|0x00000000c9700000, 0x00000000c9700000, 0x00000000c9800000|  0%| F|  |TAMS 0x00000000c9700000, 0x00000000c9700000| Untracked 
| 124|0x00000000c9800000, 0x00000000c9800000, 0x00000000c9900000|  0%| F|  |TAMS 0x00000000c9800000, 0x00000000c9800000| Untracked 
| 125|0x00000000c9900000, 0x00000000c9900000, 0x00000000c9a00000|  0%| F|  |TAMS 0x00000000c9900000, 0x00000000c9900000| Untracked 
| 126|0x00000000c9a00000, 0x00000000c9a00000, 0x00000000c9b00000|  0%| F|  |TAMS 0x00000000c9a00000, 0x00000000c9a00000| Untracked 
| 127|0x00000000c9b00000, 0x00000000c9b00000, 0x00000000c9c00000|  0%| F|  |TAMS 0x00000000c9b00000, 0x00000000c9b00000| Untracked 
| 128|0x00000000c9c00000, 0x00000000c9c00000, 0x00000000c9d00000|  0%| F|  |TAMS 0x00000000c9c00000, 0x00000000c9c00000| Untracked 
| 129|0x00000000c9d00000, 0x00000000c9d00000, 0x00000000c9e00000|  0%| F|  |TAMS 0x00000000c9d00000, 0x00000000c9d00000| Untracked 
| 130|0x00000000c9e00000, 0x00000000c9e00000, 0x00000000c9f00000|  0%| F|  |TAMS 0x00000000c9e00000, 0x00000000c9e00000| Untracked 
| 131|0x00000000c9f00000, 0x00000000c9f00000, 0x00000000ca000000|  0%| F|  |TAMS 0x00000000c9f00000, 0x00000000c9f00000| Untracked 
| 132|0x00000000ca000000, 0x00000000ca000000, 0x00000000ca100000|  0%| F|  |TAMS 0x00000000ca000000, 0x00000000ca000000| Untracked 
| 133|0x00000000ca100000, 0x00000000ca100000, 0x00000000ca200000|  0%| F|  |TAMS 0x00000000ca100000, 0x00000000ca100000| Untracked 
| 134|0x00000000ca200000, 0x00000000ca200000, 0x00000000ca300000|  0%| F|  |TAMS 0x00000000ca200000, 0x00000000ca200000| Untracked 
| 135|0x00000000ca300000, 0x00000000ca300000, 0x00000000ca400000|  0%| F|  |TAMS 0x00000000ca300000, 0x00000000ca300000| Untracked 
| 136|0x00000000ca400000, 0x00000000ca400000, 0x00000000ca500000|  0%| F|  |TAMS 0x00000000ca400000, 0x00000000ca400000| Untracked 
| 137|0x00000000ca500000, 0x00000000ca500000, 0x00000000ca600000|  0%| F|  |TAMS 0x00000000ca500000, 0x00000000ca500000| Untracked 
| 138|0x00000000ca600000, 0x00000000ca600000, 0x00000000ca700000|  0%| F|  |TAMS 0x00000000ca600000, 0x00000000ca600000| Untracked 
| 139|0x00000000ca700000, 0x00000000ca700000, 0x00000000ca800000|  0%| F|  |TAMS 0x00000000ca700000, 0x00000000ca700000| Untracked 
| 140|0x00000000ca800000, 0x00000000ca800000, 0x00000000ca900000|  0%| F|  |TAMS 0x00000000ca800000, 0x00000000ca800000| Untracked 
| 141|0x00000000ca900000, 0x00000000ca900000, 0x00000000caa00000|  0%| F|  |TAMS 0x00000000ca900000, 0x00000000ca900000| Untracked 
| 142|0x00000000caa00000, 0x00000000caa00000, 0x00000000cab00000|  0%| F|  |TAMS 0x00000000caa00000, 0x00000000caa00000| Untracked 
| 143|0x00000000cab00000, 0x00000000cab00000, 0x00000000cac00000|  0%| F|  |TAMS 0x00000000cab00000, 0x00000000cab00000| Untracked 
| 144|0x00000000cac00000, 0x00000000cac00000, 0x00000000cad00000|  0%| F|  |TAMS 0x00000000cac00000, 0x00000000cac00000| Untracked 
| 145|0x00000000cad00000, 0x00000000cad00000, 0x00000000cae00000|  0%| F|  |TAMS 0x00000000cad00000, 0x00000000cad00000| Untracked 
| 146|0x00000000cae00000, 0x00000000cae00000, 0x00000000caf00000|  0%| F|  |TAMS 0x00000000cae00000, 0x00000000cae00000| Untracked 
| 147|0x00000000caf00000, 0x00000000caf00000, 0x00000000cb000000|  0%| F|  |TAMS 0x00000000caf00000, 0x00000000caf00000| Untracked 
| 148|0x00000000cb000000, 0x00000000cb000000, 0x00000000cb100000|  0%| F|  |TAMS 0x00000000cb000000, 0x00000000cb000000| Untracked 
| 149|0x00000000cb100000, 0x00000000cb100000, 0x00000000cb200000|  0%| F|  |TAMS 0x00000000cb100000, 0x00000000cb100000| Untracked 
| 150|0x00000000cb200000, 0x00000000cb200000, 0x00000000cb300000|  0%| F|  |TAMS 0x00000000cb200000, 0x00000000cb200000| Untracked 
| 151|0x00000000cb300000, 0x00000000cb300000, 0x00000000cb400000|  0%| F|  |TAMS 0x00000000cb300000, 0x00000000cb300000| Untracked 
| 152|0x00000000cb400000, 0x00000000cb400000, 0x00000000cb500000|  0%| F|  |TAMS 0x00000000cb400000, 0x00000000cb400000| Untracked 
| 153|0x00000000cb500000, 0x00000000cb500000, 0x00000000cb600000|  0%| F|  |TAMS 0x00000000cb500000, 0x00000000cb500000| Untracked 
| 154|0x00000000cb600000, 0x00000000cb600000, 0x00000000cb700000|  0%| F|  |TAMS 0x00000000cb600000, 0x00000000cb600000| Untracked 
| 155|0x00000000cb700000, 0x00000000cb700000, 0x00000000cb800000|  0%| F|  |TAMS 0x00000000cb700000, 0x00000000cb700000| Untracked 
| 156|0x00000000cb800000, 0x00000000cb800000, 0x00000000cb900000|  0%| F|  |TAMS 0x00000000cb800000, 0x00000000cb800000| Untracked 
| 157|0x00000000cb900000, 0x00000000cb900000, 0x00000000cba00000|  0%| F|  |TAMS 0x00000000cb900000, 0x00000000cb900000| Untracked 
| 158|0x00000000cba00000, 0x00000000cba00000, 0x00000000cbb00000|  0%| F|  |TAMS 0x00000000cba00000, 0x00000000cba00000| Untracked 
| 159|0x00000000cbb00000, 0x00000000cbb00000, 0x00000000cbc00000|  0%| F|  |TAMS 0x00000000cbb00000, 0x00000000cbb00000| Untracked 
| 160|0x00000000cbc00000, 0x00000000cbc00000, 0x00000000cbd00000|  0%| F|  |TAMS 0x00000000cbc00000, 0x00000000cbc00000| Untracked 
| 161|0x00000000cbd00000, 0x00000000cbd00000, 0x00000000cbe00000|  0%| F|  |TAMS 0x00000000cbd00000, 0x00000000cbd00000| Untracked 
| 162|0x00000000cbe00000, 0x00000000cbe00000, 0x00000000cbf00000|  0%| F|  |TAMS 0x00000000cbe00000, 0x00000000cbe00000| Untracked 
| 163|0x00000000cbf00000, 0x00000000cbf00000, 0x00000000cc000000|  0%| F|  |TAMS 0x00000000cbf00000, 0x00000000cbf00000| Untracked 
| 164|0x00000000cc000000, 0x00000000cc000000, 0x00000000cc100000|  0%| F|  |TAMS 0x00000000cc000000, 0x00000000cc000000| Untracked 
| 165|0x00000000cc100000, 0x00000000cc100000, 0x00000000cc200000|  0%| F|  |TAMS 0x00000000cc100000, 0x00000000cc100000| Untracked 
| 166|0x00000000cc200000, 0x00000000cc200000, 0x00000000cc300000|  0%| F|  |TAMS 0x00000000cc200000, 0x00000000cc200000| Untracked 
| 167|0x00000000cc300000, 0x00000000cc300000, 0x00000000cc400000|  0%| F|  |TAMS 0x00000000cc300000, 0x00000000cc300000| Untracked 
| 168|0x00000000cc400000, 0x00000000cc400000, 0x00000000cc500000|  0%| F|  |TAMS 0x00000000cc400000, 0x00000000cc400000| Untracked 
| 169|0x00000000cc500000, 0x00000000cc500000, 0x00000000cc600000|  0%| F|  |TAMS 0x00000000cc500000, 0x00000000cc500000| Untracked 
| 170|0x00000000cc600000, 0x00000000cc600000, 0x00000000cc700000|  0%| F|  |TAMS 0x00000000cc600000, 0x00000000cc600000| Untracked 
| 171|0x00000000cc700000, 0x00000000cc700000, 0x00000000cc800000|  0%| F|  |TAMS 0x00000000cc700000, 0x00000000cc700000| Untracked 
| 172|0x00000000cc800000, 0x00000000cc800000, 0x00000000cc900000|  0%| F|  |TAMS 0x00000000cc800000, 0x00000000cc800000| Untracked 
| 173|0x00000000cc900000, 0x00000000cc900000, 0x00000000cca00000|  0%| F|  |TAMS 0x00000000cc900000, 0x00000000cc900000| Untracked 
| 174|0x00000000cca00000, 0x00000000cca00000, 0x00000000ccb00000|  0%| F|  |TAMS 0x00000000cca00000, 0x00000000cca00000| Untracked 
| 175|0x00000000ccb00000, 0x00000000ccb00000, 0x00000000ccc00000|  0%| F|  |TAMS 0x00000000ccb00000, 0x00000000ccb00000| Untracked 
| 176|0x00000000ccc00000, 0x00000000ccc00000, 0x00000000ccd00000|  0%| F|  |TAMS 0x00000000ccc00000, 0x00000000ccc00000| Untracked 
| 177|0x00000000ccd00000, 0x00000000ccd00000, 0x00000000cce00000|  0%| F|  |TAMS 0x00000000ccd00000, 0x00000000ccd00000| Untracked 
| 178|0x00000000cce00000, 0x00000000cce00000, 0x00000000ccf00000|  0%| F|  |TAMS 0x00000000cce00000, 0x00000000cce00000| Untracked 
| 179|0x00000000ccf00000, 0x00000000ccf00000, 0x00000000cd000000|  0%| F|  |TAMS 0x00000000ccf00000, 0x00000000ccf00000| Untracked 
| 180|0x00000000cd000000, 0x00000000cd000000, 0x00000000cd100000|  0%| F|  |TAMS 0x00000000cd000000, 0x00000000cd000000| Untracked 
| 181|0x00000000cd100000, 0x00000000cd100000, 0x00000000cd200000|  0%| F|  |TAMS 0x00000000cd100000, 0x00000000cd100000| Untracked 
| 182|0x00000000cd200000, 0x00000000cd200000, 0x00000000cd300000|  0%| F|  |TAMS 0x00000000cd200000, 0x00000000cd200000| Untracked 
| 183|0x00000000cd300000, 0x00000000cd300000, 0x00000000cd400000|  0%| F|  |TAMS 0x00000000cd300000, 0x00000000cd300000| Untracked 
| 184|0x00000000cd400000, 0x00000000cd400000, 0x00000000cd500000|  0%| F|  |TAMS 0x00000000cd400000, 0x00000000cd400000| Untracked 
| 185|0x00000000cd500000, 0x00000000cd500000, 0x00000000cd600000|  0%| F|  |TAMS 0x00000000cd500000, 0x00000000cd500000| Untracked 
| 186|0x00000000cd600000, 0x00000000cd600000, 0x00000000cd700000|  0%| F|  |TAMS 0x00000000cd600000, 0x00000000cd600000| Untracked 
| 187|0x00000000cd700000, 0x00000000cd700000, 0x00000000cd800000|  0%| F|  |TAMS 0x00000000cd700000, 0x00000000cd700000| Untracked 
| 188|0x00000000cd800000, 0x00000000cd800000, 0x00000000cd900000|  0%| F|  |TAMS 0x00000000cd800000, 0x00000000cd800000| Untracked 
| 189|0x00000000cd900000, 0x00000000cd900000, 0x00000000cda00000|  0%| F|  |TAMS 0x00000000cd900000, 0x00000000cd900000| Untracked 
| 190|0x00000000cda00000, 0x00000000cda00000, 0x00000000cdb00000|  0%| F|  |TAMS 0x00000000cda00000, 0x00000000cda00000| Untracked 
| 191|0x00000000cdb00000, 0x00000000cdb00000, 0x00000000cdc00000|  0%| F|  |TAMS 0x00000000cdb00000, 0x00000000cdb00000| Untracked 
| 192|0x00000000cdc00000, 0x00000000cdc00000, 0x00000000cdd00000|  0%| F|  |TAMS 0x00000000cdc00000, 0x00000000cdc00000| Untracked 
| 193|0x00000000cdd00000, 0x00000000cdd00000, 0x00000000cde00000|  0%| F|  |TAMS 0x00000000cdd00000, 0x00000000cdd00000| Untracked 
| 194|0x00000000cde00000, 0x00000000cde00000, 0x00000000cdf00000|  0%| F|  |TAMS 0x00000000cde00000, 0x00000000cde00000| Untracked 
| 195|0x00000000cdf00000, 0x00000000cdf00000, 0x00000000ce000000|  0%| F|  |TAMS 0x00000000cdf00000, 0x00000000cdf00000| Untracked 
| 196|0x00000000ce000000, 0x00000000ce000000, 0x00000000ce100000|  0%| F|  |TAMS 0x00000000ce000000, 0x00000000ce000000| Untracked 
| 197|0x00000000ce100000, 0x00000000ce100000, 0x00000000ce200000|  0%| F|  |TAMS 0x00000000ce100000, 0x00000000ce100000| Untracked 
| 198|0x00000000ce200000, 0x00000000ce200000, 0x00000000ce300000|  0%| F|  |TAMS 0x00000000ce200000, 0x00000000ce200000| Untracked 
| 199|0x00000000ce300000, 0x00000000ce300000, 0x00000000ce400000|  0%| F|  |TAMS 0x00000000ce300000, 0x00000000ce300000| Untracked 
| 200|0x00000000ce400000, 0x00000000ce400000, 0x00000000ce500000|  0%| F|  |TAMS 0x00000000ce400000, 0x00000000ce400000| Untracked 
| 201|0x00000000ce500000, 0x00000000ce500000, 0x00000000ce600000|  0%| F|  |TAMS 0x00000000ce500000, 0x00000000ce500000| Untracked 
| 202|0x00000000ce600000, 0x00000000ce600000, 0x00000000ce700000|  0%| F|  |TAMS 0x00000000ce600000, 0x00000000ce600000| Untracked 
| 203|0x00000000ce700000, 0x00000000ce700000, 0x00000000ce800000|  0%| F|  |TAMS 0x00000000ce700000, 0x00000000ce700000| Untracked 
| 204|0x00000000ce800000, 0x00000000ce800000, 0x00000000ce900000|  0%| F|  |TAMS 0x00000000ce800000, 0x00000000ce800000| Untracked 
| 205|0x00000000ce900000, 0x00000000ce900000, 0x00000000cea00000|  0%| F|  |TAMS 0x00000000ce900000, 0x00000000ce900000| Untracked 
| 206|0x00000000cea00000, 0x00000000cea00000, 0x00000000ceb00000|  0%| F|  |TAMS 0x00000000cea00000, 0x00000000cea00000| Untracked 
| 207|0x00000000ceb00000, 0x00000000ceb00000, 0x00000000cec00000|  0%| F|  |TAMS 0x00000000ceb00000, 0x00000000ceb00000| Untracked 
| 208|0x00000000cec00000, 0x00000000cec00000, 0x00000000ced00000|  0%| F|  |TAMS 0x00000000cec00000, 0x00000000cec00000| Untracked 
| 209|0x00000000ced00000, 0x00000000ced00000, 0x00000000cee00000|  0%| F|  |TAMS 0x00000000ced00000, 0x00000000ced00000| Untracked 
| 210|0x00000000cee00000, 0x00000000cee00000, 0x00000000cef00000|  0%| F|  |TAMS 0x00000000cee00000, 0x00000000cee00000| Untracked 
| 211|0x00000000cef00000, 0x00000000cef00000, 0x00000000cf000000|  0%| F|  |TAMS 0x00000000cef00000, 0x00000000cef00000| Untracked 
| 212|0x00000000cf000000, 0x00000000cf000000, 0x00000000cf100000|  0%| F|  |TAMS 0x00000000cf000000, 0x00000000cf000000| Untracked 
| 213|0x00000000cf100000, 0x00000000cf100000, 0x00000000cf200000|  0%| F|  |TAMS 0x00000000cf100000, 0x00000000cf100000| Untracked 
| 214|0x00000000cf200000, 0x00000000cf200000, 0x00000000cf300000|  0%| F|  |TAMS 0x00000000cf200000, 0x00000000cf200000| Untracked 
| 215|0x00000000cf300000, 0x00000000cf300000, 0x00000000cf400000|  0%| F|  |TAMS 0x00000000cf300000, 0x00000000cf300000| Untracked 
| 216|0x00000000cf400000, 0x00000000cf400000, 0x00000000cf500000|  0%| F|  |TAMS 0x00000000cf400000, 0x00000000cf400000| Untracked 
| 217|0x00000000cf500000, 0x00000000cf500000, 0x00000000cf600000|  0%| F|  |TAMS 0x00000000cf500000, 0x00000000cf500000| Untracked 
| 218|0x00000000cf600000, 0x00000000cf600000, 0x00000000cf700000|  0%| F|  |TAMS 0x00000000cf600000, 0x00000000cf600000| Untracked 
| 219|0x00000000cf700000, 0x00000000cf700000, 0x00000000cf800000|  0%| F|  |TAMS 0x00000000cf700000, 0x00000000cf700000| Untracked 
| 220|0x00000000cf800000, 0x00000000cf800000, 0x00000000cf900000|  0%| F|  |TAMS 0x00000000cf800000, 0x00000000cf800000| Untracked 
| 221|0x00000000cf900000, 0x00000000cf900000, 0x00000000cfa00000|  0%| F|  |TAMS 0x00000000cf900000, 0x00000000cf900000| Untracked 
| 222|0x00000000cfa00000, 0x00000000cfa00000, 0x00000000cfb00000|  0%| F|  |TAMS 0x00000000cfa00000, 0x00000000cfa00000| Untracked 
| 223|0x00000000cfb00000, 0x00000000cfb00000, 0x00000000cfc00000|  0%| F|  |TAMS 0x00000000cfb00000, 0x00000000cfb00000| Untracked 
| 224|0x00000000cfc00000, 0x00000000cfc00000, 0x00000000cfd00000|  0%| F|  |TAMS 0x00000000cfc00000, 0x00000000cfc00000| Untracked 
| 225|0x00000000cfd00000, 0x00000000cfd00000, 0x00000000cfe00000|  0%| F|  |TAMS 0x00000000cfd00000, 0x00000000cfd00000| Untracked 
| 226|0x00000000cfe00000, 0x00000000cfe00000, 0x00000000cff00000|  0%| F|  |TAMS 0x00000000cfe00000, 0x00000000cfe00000| Untracked 
| 227|0x00000000cff00000, 0x00000000cff00000, 0x00000000d0000000|  0%| F|  |TAMS 0x00000000cff00000, 0x00000000cff00000| Untracked 
| 228|0x00000000d0000000, 0x00000000d0000000, 0x00000000d0100000|  0%| F|  |TAMS 0x00000000d0000000, 0x00000000d0000000| Untracked 
| 229|0x00000000d0100000, 0x00000000d0100000, 0x00000000d0200000|  0%| F|  |TAMS 0x00000000d0100000, 0x00000000d0100000| Untracked 
| 230|0x00000000d0200000, 0x00000000d0200000, 0x00000000d0300000|  0%| F|  |TAMS 0x00000000d0200000, 0x00000000d0200000| Untracked 
| 231|0x00000000d0300000, 0x00000000d0300000, 0x00000000d0400000|  0%| F|  |TAMS 0x00000000d0300000, 0x00000000d0300000| Untracked 
| 232|0x00000000d0400000, 0x00000000d0400000, 0x00000000d0500000|  0%| F|  |TAMS 0x00000000d0400000, 0x00000000d0400000| Untracked 
| 233|0x00000000d0500000, 0x00000000d0500000, 0x00000000d0600000|  0%| F|  |TAMS 0x00000000d0500000, 0x00000000d0500000| Untracked 
| 234|0x00000000d0600000, 0x00000000d0600000, 0x00000000d0700000|  0%| F|  |TAMS 0x00000000d0600000, 0x00000000d0600000| Untracked 
| 235|0x00000000d0700000, 0x00000000d0700000, 0x00000000d0800000|  0%| F|  |TAMS 0x00000000d0700000, 0x00000000d0700000| Untracked 
| 236|0x00000000d0800000, 0x00000000d0800000, 0x00000000d0900000|  0%| F|  |TAMS 0x00000000d0800000, 0x00000000d0800000| Untracked 
| 237|0x00000000d0900000, 0x00000000d0900000, 0x00000000d0a00000|  0%| F|  |TAMS 0x00000000d0900000, 0x00000000d0900000| Untracked 
| 238|0x00000000d0a00000, 0x00000000d0a00000, 0x00000000d0b00000|  0%| F|  |TAMS 0x00000000d0a00000, 0x00000000d0a00000| Untracked 
| 239|0x00000000d0b00000, 0x00000000d0c00000, 0x00000000d0c00000|100%| E|  |TAMS 0x00000000d0b00000, 0x00000000d0b00000| Complete 
| 240|0x00000000d0c00000, 0x00000000d0d00000, 0x00000000d0d00000|100%| E|CS|TAMS 0x00000000d0c00000, 0x00000000d0c00000| Complete 
| 241|0x00000000d0d00000, 0x00000000d0e00000, 0x00000000d0e00000|100%| E|CS|TAMS 0x00000000d0d00000, 0x00000000d0d00000| Complete 
| 242|0x00000000d0e00000, 0x00000000d0f00000, 0x00000000d0f00000|100%| E|CS|TAMS 0x00000000d0e00000, 0x00000000d0e00000| Complete 
| 990|0x00000000ffa00000, 0x00000000ffb00000, 0x00000000ffb00000|100%| O|  |TAMS 0x00000000ffb00000, 0x00000000ffa00000| Untracked 
| 991|0x00000000ffb00000, 0x00000000ffc00000, 0x00000000ffc00000|100%| O|  |TAMS 0x00000000ffc00000, 0x00000000ffb00000| Untracked 
| 992|0x00000000ffc00000, 0x00000000ffd00000, 0x00000000ffd00000|100%| O|  |TAMS 0x00000000ffd00000, 0x00000000ffc00000| Untracked 
| 993|0x00000000ffd00000, 0x00000000ffe00000, 0x00000000ffe00000|100%| O|  |TAMS 0x00000000ffe00000, 0x00000000ffd00000| Untracked 
| 994|0x00000000ffe00000, 0x00000000fff00000, 0x00000000fff00000|100%| O|  |TAMS 0x00000000fff00000, 0x00000000ffe00000| Untracked 
| 995|0x00000000fff00000, 0x0000000100000000, 0x0000000100000000|100%| O|  |TAMS 0x0000000100000000, 0x00000000fff00000| Untracked 

Card table byte_map: [0x0000022423290000,0x0000022423490000] _byte_map_base: 0x0000022422c82000

Marking Bits (Prev, Next): (CMBitMap*) 0x000002240a72f500, (CMBitMap*) 0x000002240a72f540
 Prev Bits: [0x0000022423690000, 0x0000022424620000)
 Next Bits: [0x0000022424620000, 0x00000224255b0000)

Polling page: 0x000002240a530000

Metaspace:

Usage:
  Non-class:     24.23 MB used.
      Class:      3.21 MB used.
       Both:     27.44 MB used.

Virtual space:
  Non-class space:       64.00 MB reserved,      24.38 MB ( 38%) committed,  1 nodes.
      Class space:        1.00 GB reserved,       3.31 MB ( <1%) committed,  1 nodes.
             Both:        1.06 GB reserved,      27.69 MB (  3%) committed. 

Chunk freelists:
   Non-Class:  7.44 MB
       Class:  12.64 MB
        Both:  20.08 MB

MaxMetaspaceSize: unlimited
CompressedClassSpaceSize: 1.00 GB
Initial GC threshold: 21.00 MB
Current GC threshold: 43.69 MB
CDS: on
MetaspaceReclaimPolicy: balanced
 - commit_granule_bytes: 65536.
 - commit_granule_words: 8192.
 - virtual_space_node_default_size: 8388608.
 - enlarge_chunks_in_place: 1.
 - new_chunks_are_fully_committed: 0.
 - uncommit_free_chunks: 1.
 - use_allocation_guard: 0.
 - handle_deallocations: 1.


Internal statistics:

num_allocs_failed_limit: 3.
num_arena_births: 180.
num_arena_deaths: 0.
num_vsnodes_births: 2.
num_vsnodes_deaths: 0.
num_space_committed: 443.
num_space_uncommitted: 0.
num_chunks_returned_to_freelist: 3.
num_chunks_taken_from_freelist: 1212.
num_chunk_merges: 3.
num_chunk_splits: 841.
num_chunks_enlarged: 651.
num_inconsistent_stats: 0.

CodeHeap 'non-profiled nmethods': size=120000Kb used=2788Kb max_used=3002Kb free=117211Kb
 bounds [0x000002241b540000, 0x000002241b830000, 0x0000022422a70000]
CodeHeap 'profiled nmethods': size=120000Kb used=10277Kb max_used=11549Kb free=109722Kb
 bounds [0x0000022413a70000, 0x00000224145c0000, 0x000002241afa0000]
CodeHeap 'non-nmethods': size=5760Kb used=1217Kb max_used=1256Kb free=4542Kb
 bounds [0x000002241afa0000, 0x000002241b210000, 0x000002241b540000]
 total_blobs=5608 nmethods=5087 adapters=433
 compilation: enabled
              stopped_count=0, restarted_count=0
 full_count=0

Compilation events (20 events):
Event: 14.445 Thread 0x0000022427b30520 nmethod 5931 0x0000022413a81710 code [0x0000022413a81ae0, 0x0000022413a82fc8]
Event: 14.445 Thread 0x0000022427b30520 5932       3       java.util.stream.ReduceOps$ReduceOp::evaluateSequential (18 bytes)
Event: 14.446 Thread 0x0000022427b30520 nmethod 5932 0x0000022413eaaf10 code [0x0000022413eab0e0, 0x0000022413eab568]
Event: 14.447 Thread 0x0000022427b30520 5933       3       org.eclipse.aether.resolution.ArtifactRequest::setTrace (7 bytes)
Event: 14.448 Thread 0x0000022427b30520 nmethod 5933 0x000002241421f010 code [0x000002241421f1a0, 0x000002241421f2f8]
Event: 14.456 Thread 0x000002246d738b30 nmethod 5927 0x000002241b609690 code [0x000002241b609840, 0x000002241b609ec8]
Event: 14.456 Thread 0x000002246d738b30 5929       4       java.util.Collections$UnmodifiableMap$UnmodifiableEntrySet$UnmodifiableEntry::getKey (10 bytes)
Event: 14.457 Thread 0x000002246d738b30 nmethod 5929 0x000002241b666890 code [0x000002241b666a20, 0x000002241b666b08]
Event: 14.457 Thread 0x000002246d738b30 5928       4       java.util.Collections$UnmodifiableMap$UnmodifiableEntrySet$1::next (20 bytes)
Event: 14.472 Thread 0x000002246d738b30 nmethod 5928 0x000002241b6cbf10 code [0x000002241b6cc0c0, 0x000002241b6cc748]
Event: 14.588 Thread 0x0000022427b30520 5934       3       java.io.StringReader::<init> (28 bytes)
Event: 14.588 Thread 0x0000022427b30520 nmethod 5934 0x0000022413eaa590 code [0x0000022413eaa760, 0x0000022413eaab18]
Event: 14.589 Thread 0x0000022427b30520 5935       3       org.eclipse.aether.resolution.ArtifactDescriptorResult::<init> (75 bytes)
Event: 14.590 Thread 0x0000022427b30520 nmethod 5935 0x000002241440e990 code [0x000002241440ebe0, 0x000002241440f508]
Event: 14.590 Thread 0x0000022427b30520 5936       3       org.eclipse.aether.util.graph.selector.ExclusionDependencySelector::selectDependency (57 bytes)
Event: 14.590 Thread 0x0000022427b30520 nmethod 5936 0x0000022413c77f10 code [0x0000022413c78100, 0x0000022413c78538]
Event: 14.590 Thread 0x0000022427b30520 5937       3       org.eclipse.aether.resolution.ArtifactDescriptorRequest::setArtifact (7 bytes)
Event: 14.590 Thread 0x0000022427b30520 nmethod 5937 0x00000224143f0690 code [0x00000224143f0820, 0x00000224143f0978]
Event: 14.590 Thread 0x0000022427b30520 5938       1       org.eclipse.aether.resolution.ArtifactDescriptorRequest::getTrace (5 bytes)
Event: 14.590 Thread 0x0000022427b30520 nmethod 5938 0x000002241b609390 code [0x000002241b609520, 0x000002241b6095f8]

GC Heap History (20 events):
Event: 6.038 GC heap before
{Heap before GC invocations=5 (full 0):
 garbage-first heap   total 65536K, used 45403K [0x00000000c1c00000, 0x0000000100000000)
  region size 1024K, 36 young (36864K), 4 survivors (4096K)
 Metaspace       used 16000K, committed 16192K, reserved 1114112K
  class space    used 1877K, committed 1984K, reserved 1048576K
}
Event: 6.047 GC heap after
{Heap after GC invocations=6 (full 0):
 garbage-first heap   total 65536K, used 13781K [0x00000000c1c00000, 0x0000000100000000)
  region size 1024K, 2 young (2048K), 2 survivors (2048K)
 Metaspace       used 16000K, committed 16192K, reserved 1114112K
  class space    used 1877K, committed 1984K, reserved 1048576K
}
Event: 6.335 GC heap before
{Heap before GC invocations=6 (full 0):
 garbage-first heap   total 65536K, used 31189K [0x00000000c1c00000, 0x0000000100000000)
  region size 1024K, 12 young (12288K), 2 survivors (2048K)
 Metaspace       used 16951K, committed 17216K, reserved 1114112K
  class space    used 1991K, committed 2112K, reserved 1048576K
}
Event: 6.342 GC heap after
{Heap after GC invocations=7 (full 0):
 garbage-first heap   total 65536K, used 22643K [0x00000000c1c00000, 0x0000000100000000)
  region size 1024K, 3 young (3072K), 3 survivors (3072K)
 Metaspace       used 16951K, committed 17216K, reserved 1114112K
  class space    used 1991K, committed 2112K, reserved 1048576K
}
Event: 6.344 GC heap before
{Heap before GC invocations=7 (full 0):
 garbage-first heap   total 65536K, used 34931K [0x00000000c1c00000, 0x0000000100000000)
  region size 1024K, 4 young (4096K), 3 survivors (3072K)
 Metaspace       used 16951K, committed 17216K, reserved 1114112K
  class space    used 1991K, committed 2112K, reserved 1048576K
}
Event: 6.350 GC heap after
{Heap after GC invocations=8 (full 0):
 garbage-first heap   total 78848K, used 35112K [0x00000000c1c00000, 0x0000000100000000)
  region size 1024K, 2 young (2048K), 2 survivors (2048K)
 Metaspace       used 16951K, committed 17216K, reserved 1114112K
  class space    used 1991K, committed 2112K, reserved 1048576K
}
Event: 7.123 GC heap before
{Heap before GC invocations=8 (full 0):
 garbage-first heap   total 78848K, used 63784K [0x00000000c1c00000, 0x0000000100000000)
  region size 1024K, 19 young (19456K), 2 survivors (2048K)
 Metaspace       used 19457K, committed 19712K, reserved 1114112K
  class space    used 2271K, committed 2368K, reserved 1048576K
}
Event: 7.128 GC heap after
{Heap after GC invocations=9 (full 0):
 garbage-first heap   total 78848K, used 15309K [0x00000000c1c00000, 0x0000000100000000)
  region size 1024K, 2 young (2048K), 2 survivors (2048K)
 Metaspace       used 19457K, committed 19712K, reserved 1114112K
  class space    used 2271K, committed 2368K, reserved 1048576K
}
Event: 10.646 GC heap before
{Heap before GC invocations=9 (full 0):
 garbage-first heap   total 78848K, used 35789K [0x00000000c1c00000, 0x0000000100000000)
  region size 1024K, 17 young (17408K), 2 survivors (2048K)
 Metaspace       used 21247K, committed 21504K, reserved 1114112K
  class space    used 2503K, committed 2624K, reserved 1048576K
}
Event: 10.658 GC heap after
{Heap after GC invocations=10 (full 0):
 garbage-first heap   total 78848K, used 22842K [0x00000000c1c00000, 0x0000000100000000)
  region size 1024K, 6 young (6144K), 6 survivors (6144K)
 Metaspace       used 21247K, committed 21504K, reserved 1114112K
  class space    used 2503K, committed 2624K, reserved 1048576K
}
Event: 12.441 GC heap before
{Heap before GC invocations=11 (full 0):
 garbage-first heap   total 78848K, used 64826K [0x00000000c1c00000, 0x0000000100000000)
  region size 1024K, 43 young (44032K), 6 survivors (6144K)
 Metaspace       used 25192K, committed 25472K, reserved 1114112K
  class space    used 2948K, committed 3072K, reserved 1048576K
}
Event: 12.470 GC heap after
{Heap after GC invocations=12 (full 0):
 garbage-first heap   total 84992K, used 38799K [0x00000000c1c00000, 0x0000000100000000)
  region size 1024K, 6 young (6144K), 6 survivors (6144K)
 Metaspace       used 25192K, committed 25472K, reserved 1114112K
  class space    used 2948K, committed 3072K, reserved 1048576K
}
Event: 12.474 GC heap before
{Heap before GC invocations=12 (full 0):
 garbage-first heap   total 84992K, used 39823K [0x00000000c1c00000, 0x0000000100000000)
  region size 1024K, 7 young (7168K), 6 survivors (6144K)
 Metaspace       used 25192K, committed 25472K, reserved 1114112K
  class space    used 2948K, committed 3072K, reserved 1048576K
}
Event: 12.482 GC heap after
{Heap after GC invocations=13 (full 0):
 garbage-first heap   total 84992K, used 39274K [0x00000000c1c00000, 0x0000000100000000)
  region size 1024K, 1 young (1024K), 1 survivors (1024K)
 Metaspace       used 25192K, committed 25472K, reserved 1114112K
  class space    used 2948K, committed 3072K, reserved 1048576K
}
Event: 13.513 GC heap before
{Heap before GC invocations=13 (full 0):
 garbage-first heap   total 84992K, used 61802K [0x00000000c1c00000, 0x0000000100000000)
  region size 1024K, 24 young (24576K), 1 survivors (1024K)
 Metaspace       used 26518K, committed 26816K, reserved 1114112K
  class space    used 3077K, committed 3200K, reserved 1048576K
}
Event: 13.524 GC heap after
{Heap after GC invocations=14 (full 0):
 garbage-first heap   total 84992K, used 44032K [0x00000000c1c00000, 0x0000000100000000)
  region size 1024K, 3 young (3072K), 3 survivors (3072K)
 Metaspace       used 26518K, committed 26816K, reserved 1114112K
  class space    used 3077K, committed 3200K, reserved 1048576K
}
Event: 14.045 GC heap before
{Heap before GC invocations=15 (full 0):
 garbage-first heap   total 84992K, used 62464K [0x00000000c1c00000, 0x0000000100000000)
  region size 1024K, 22 young (22528K), 3 survivors (3072K)
 Metaspace       used 27388K, committed 27712K, reserved 1114112K
  class space    used 3200K, committed 3328K, reserved 1048576K
}
Event: 14.051 GC heap after
{Heap after GC invocations=16 (full 0):
 garbage-first heap   total 84992K, used 44969K [0x00000000c1c00000, 0x0000000100000000)
  region size 1024K, 1 young (1024K), 1 survivors (1024K)
 Metaspace       used 27388K, committed 27712K, reserved 1114112K
  class space    used 3200K, committed 3328K, reserved 1048576K
}
Event: 14.176 GC heap before
{Heap before GC invocations=16 (full 0):
 garbage-first heap   total 84992K, used 48041K [0x00000000c1c00000, 0x0000000100000000)
  region size 1024K, 4 young (4096K), 1 survivors (1024K)
 Metaspace       used 27579K, committed 27968K, reserved 1114112K
  class space    used 3221K, committed 3392K, reserved 1048576K
}
Event: 14.182 GC heap after
{Heap after GC invocations=17 (full 0):
 garbage-first heap   total 254976K, used 44778K [0x00000000c1c00000, 0x0000000100000000)
  region size 1024K, 1 young (1024K), 1 survivors (1024K)
 Metaspace       used 27579K, committed 27968K, reserved 1114112K
  class space    used 3221K, committed 3392K, reserved 1048576K
}

Dll operation events (8 events):
Event: 0.011 Loaded shared library C:\Program Files\Eclipse Adoptium\jdk-17.0.17.10-hotspot\bin\java.dll
Event: 0.031 Loaded shared library C:\Program Files\Eclipse Adoptium\jdk-17.0.17.10-hotspot\bin\jsvml.dll
Event: 0.094 Loaded shared library C:\Program Files\Eclipse Adoptium\jdk-17.0.17.10-hotspot\bin\net.dll
Event: 0.097 Loaded shared library C:\Program Files\Eclipse Adoptium\jdk-17.0.17.10-hotspot\bin\nio.dll
Event: 0.103 Loaded shared library C:\Program Files\Eclipse Adoptium\jdk-17.0.17.10-hotspot\bin\zip.dll
Event: 0.325 Loaded shared library C:\Program Files\Eclipse Adoptium\jdk-17.0.17.10-hotspot\bin\jimage.dll
Event: 0.327 Loaded shared library C:\ProgramData\chocolatey\lib\maven\apache-maven-3.9.11\lib\jansi-native\Windows\x86_64\jansi.dll
Event: 0.360 Loaded shared library C:\Program Files\Eclipse Adoptium\jdk-17.0.17.10-hotspot\bin\verify.dll

Deoptimization events (20 events):
Event: 14.121 Thread 0x000002240a6f2440 DEOPT PACKING pc=0x0000022413a866b1 sp=0x0000007d1cffc910
Event: 14.121 Thread 0x000002240a6f2440 DEOPT UNPACKING pc=0x000002241aff7143 sp=0x0000007d1cffbe08 mode 0
Event: 14.190 Thread 0x000002240a6f2440 DEOPT PACKING pc=0x00000224144bc66a sp=0x0000007d1cffc960
Event: 14.190 Thread 0x000002240a6f2440 DEOPT UNPACKING pc=0x000002241aff7143 sp=0x0000007d1cffbe08 mode 0
Event: 14.218 Thread 0x000002240a6f2440 Uncommon trap: trap_request=0xffffffc6 fr.pc=0x000002241b718aa0 relative=0x0000000000000d40
Event: 14.218 Thread 0x000002240a6f2440 Uncommon trap: reason=bimorphic_or_optimized_type_check action=maybe_recompile pc=0x000002241b718aa0 method=java.util.HashMap.putVal(ILjava/lang/Object;Ljava/lang/Object;ZZ)Ljava/lang/Object; @ 253 c2
Event: 14.218 Thread 0x000002240a6f2440 DEOPT PACKING pc=0x000002241b718aa0 sp=0x0000007d1cffd420
Event: 14.218 Thread 0x000002240a6f2440 DEOPT UNPACKING pc=0x000002241aff69a3 sp=0x0000007d1cffd3b0 mode 2
Event: 14.222 Thread 0x000002240a6f2440 Uncommon trap: trap_request=0xffffffc6 fr.pc=0x000002241b718aa0 relative=0x0000000000000d40
Event: 14.222 Thread 0x000002240a6f2440 Uncommon trap: reason=bimorphic_or_optimized_type_check action=maybe_recompile pc=0x000002241b718aa0 method=java.util.HashMap.putVal(ILjava/lang/Object;Ljava/lang/Object;ZZ)Ljava/lang/Object; @ 253 c2
Event: 14.222 Thread 0x000002240a6f2440 DEOPT PACKING pc=0x000002241b718aa0 sp=0x0000007d1cffd400
Event: 14.222 Thread 0x000002240a6f2440 DEOPT UNPACKING pc=0x000002241aff69a3 sp=0x0000007d1cffd390 mode 2
Event: 14.272 Thread 0x000002240a6f2440 Uncommon trap: trap_request=0xffffff45 fr.pc=0x000002241b76df98 relative=0x0000000000000f78
Event: 14.272 Thread 0x000002240a6f2440 Uncommon trap: reason=unstable_if action=reinterpret pc=0x000002241b76df98 method=lombok.launch.PackageShader.apply([B)Z @ 190 c2
Event: 14.272 Thread 0x000002240a6f2440 DEOPT PACKING pc=0x000002241b76df98 sp=0x0000007d1cffc470
Event: 14.272 Thread 0x000002240a6f2440 DEOPT UNPACKING pc=0x000002241aff69a3 sp=0x0000007d1cffc430 mode 2
Event: 14.272 Thread 0x000002240a6f2440 Uncommon trap: trap_request=0xffffff45 fr.pc=0x000002241b6e9cf8 relative=0x00000000000008b8
Event: 14.272 Thread 0x000002240a6f2440 Uncommon trap: reason=unstable_if action=reinterpret pc=0x000002241b6e9cf8 method=lombok.launch.PackageShader.apply([B)Z @ 190 c2
Event: 14.272 Thread 0x000002240a6f2440 DEOPT PACKING pc=0x000002241b6e9cf8 sp=0x0000007d1cffc4b0
Event: 14.272 Thread 0x000002240a6f2440 DEOPT UNPACKING pc=0x000002241aff69a3 sp=0x0000007d1cffc430 mode 2

Classes loaded (20 events):
Event: 14.005 Loading class java/util/Collections$UnmodifiableSortedSet
Event: 14.005 Loading class java/util/Collections$UnmodifiableSortedSet done
Event: 14.014 Loading class java/util/IdentityHashMap$EntrySet
Event: 14.014 Loading class java/util/IdentityHashMap$EntrySet done
Event: 14.014 Loading class java/util/IdentityHashMap$EntryIterator
Event: 14.014 Loading class java/util/IdentityHashMap$EntryIterator done
Event: 14.014 Loading class java/util/IdentityHashMap$EntryIterator$Entry
Event: 14.015 Loading class java/util/IdentityHashMap$EntryIterator$Entry done
Event: 14.042 Loading class java/util/regex/Pattern$Caret
Event: 14.042 Loading class java/util/regex/Pattern$Caret done
Event: 14.252 Loading class java/nio/file/Path$1
Event: 14.252 Loading class java/nio/file/Path$1 done
Event: 14.287 Loading class java/util/EnumMap$Values
Event: 14.287 Loading class java/util/EnumMap$Values done
Event: 14.287 Loading class java/util/EnumMap$ValueIterator
Event: 14.288 Loading class java/util/EnumMap$EnumMapIterator
Event: 14.288 Loading class java/util/EnumMap$EnumMapIterator done
Event: 14.288 Loading class java/util/EnumMap$ValueIterator done
Event: 14.295 Loading class java/util/WeakHashMap$KeyIterator
Event: 14.295 Loading class java/util/WeakHashMap$KeyIterator done

Classes unloaded (0 events):
No events

Classes redefined (0 events):
No events

Internal exceptions (20 events):
Event: 12.952 Thread 0x000002240a6f2440 Exception <a 'sun/nio/fs/WindowsException'{0x00000000c5a103b8}> (0x00000000c5a103b8) 
thrown [s\src\hotspot\share\prims\jni.cpp, line 516]
Event: 12.952 Thread 0x000002240a6f2440 Exception <a 'sun/nio/fs/WindowsException'{0x00000000c5a10fc0}> (0x00000000c5a10fc0) 
thrown [s\src\hotspot\share\prims\jni.cpp, line 516]
Event: 12.953 Thread 0x000002240a6f2440 Exception <a 'sun/nio/fs/WindowsException'{0x00000000c5a207a0}> (0x00000000c5a207a0) 
thrown [s\src\hotspot\share\prims\jni.cpp, line 516]
Event: 12.954 Thread 0x000002240a6f2440 Exception <a 'sun/nio/fs/WindowsException'{0x00000000c5a4c3a8}> (0x00000000c5a4c3a8) 
thrown [s\src\hotspot\share\prims\jni.cpp, line 516]
Event: 13.152 Thread 0x000002240a6f2440 Implicit null exception at 0x000002241b68dc50 to 0x000002241b68e050
Event: 14.133 Thread 0x000002240a6f2440 Exception <a 'sun/nio/fs/WindowsException'{0x00000000c67c94c0}> (0x00000000c67c94c0) 
thrown [s\src\hotspot\share\prims\jni.cpp, line 516]
Event: 14.133 Thread 0x000002240a6f2440 Exception <a 'sun/nio/fs/WindowsException'{0x00000000c67ca198}> (0x00000000c67ca198) 
thrown [s\src\hotspot\share\prims\jni.cpp, line 516]
Event: 14.140 Thread 0x000002240a6f2440 Exception <a 'sun/nio/fs/WindowsException'{0x00000000c67f5658}> (0x00000000c67f5658) 
thrown [s\src\hotspot\share\prims\jni.cpp, line 516]
Event: 14.140 Thread 0x000002240a6f2440 Exception <a 'sun/nio/fs/WindowsException'{0x00000000c67f6330}> (0x00000000c67f6330) 
thrown [s\src\hotspot\share\prims\jni.cpp, line 516]
Event: 14.149 Thread 0x000002240a6f2440 Exception <a 'sun/nio/fs/WindowsException'{0x00000000c662b980}> (0x00000000c662b980) 
thrown [s\src\hotspot\share\prims\jni.cpp, line 516]
Event: 14.149 Thread 0x000002240a6f2440 Exception <a 'sun/nio/fs/WindowsException'{0x00000000c662c658}> (0x00000000c662c658) 
thrown [s\src\hotspot\share\prims\jni.cpp, line 516]
Event: 14.154 Thread 0x000002240a6f2440 Exception <a 'sun/nio/fs/WindowsException'{0x00000000c664f260}> (0x00000000c664f260) 
thrown [s\src\hotspot\share\prims\jni.cpp, line 516]
Event: 14.154 Thread 0x000002240a6f2440 Exception <a 'sun/nio/fs/WindowsException'{0x00000000c664fc90}> (0x00000000c664fc90) 
thrown [s\src\hotspot\share\prims\jni.cpp, line 516]
Event: 14.237 Thread 0x000002240a6f2440 Exception <a 'sun/nio/fs/WindowsException'{0x00000000d0ee3a10}> (0x00000000d0ee3a10) 
thrown [s\src\hotspot\share\prims\jni.cpp, line 516]
Event: 14.241 Thread 0x000002240a6f2440 Exception <a 'sun/nio/fs/WindowsException'{0x00000000d0efcf78}> (0x00000000d0efcf78) 
thrown [s\src\hotspot\share\prims\jni.cpp, line 516]
Event: 14.251 Thread 0x000002240a6f2440 Exception <a 'sun/nio/fs/WindowsException'{0x00000000d0d1bbb0}> (0x00000000d0d1bbb0) 
thrown [s\src\hotspot\share\prims\jni.cpp, line 516]
Event: 14.251 Thread 0x000002240a6f2440 Exception <a 'sun/nio/fs/WindowsException'{0x00000000d0d1c2e0}> (0x00000000d0d1c2e0) 
thrown [s\src\hotspot\share\prims\jni.cpp, line 516]
Event: 14.251 Thread 0x000002240a6f2440 Exception <a 'sun/nio/fs/WindowsException'{0x00000000d0d1c9b0}> (0x00000000d0d1c9b0) 
thrown [s\src\hotspot\share\prims\jni.cpp, line 516]
Event: 14.251 Thread 0x000002240a6f2440 Exception <a 'sun/nio/fs/WindowsException'{0x00000000d0d1d0a0}> (0x00000000d0d1d0a0) 
thrown [s\src\hotspot\share\prims\jni.cpp, line 516]
Event: 14.252 Thread 0x000002240a6f2440 Exception <a 'sun/nio/fs/WindowsException'{0x00000000d0d1d778}> (0x00000000d0d1d778) 
thrown [s\src\hotspot\share\prims\jni.cpp, line 516]

VM Operations (20 events):
Event: 12.818 Executing VM operation: HandshakeAllThreads
Event: 12.818 Executing VM operation: HandshakeAllThreads done
Event: 12.837 Executing VM operation: HandshakeAllThreads
Event: 12.837 Executing VM operation: HandshakeAllThreads done
Event: 12.884 Executing VM operation: HandshakeAllThreads
Event: 12.884 Executing VM operation: HandshakeAllThreads done
Event: 12.967 Executing VM operation: HandshakeAllThreads
Event: 12.967 Executing VM operation: HandshakeAllThreads done
Event: 13.513 Executing VM operation: G1CollectForAllocation
Event: 13.524 Executing VM operation: G1CollectForAllocation done
Event: 13.595 Executing VM operation: G1PauseRemark
Event: 13.600 Executing VM operation: G1PauseRemark done
Event: 13.626 Executing VM operation: G1PauseCleanup
Event: 13.626 Executing VM operation: G1PauseCleanup done
Event: 14.045 Executing VM operation: G1CollectForAllocation
Event: 14.051 Executing VM operation: G1CollectForAllocation done
Event: 14.176 Executing VM operation: G1CollectForAllocation
Event: 14.182 Executing VM operation: G1CollectForAllocation done
Event: 14.263 Executing VM operation: HandshakeAllThreads
Event: 14.263 Executing VM operation: HandshakeAllThreads done

Memory protections (0 events):
No events

Nmethod flushes (20 events):
Event: 12.847 Thread 0x0000022427b47330 flushing  nmethod 0x0000022414501390
Event: 12.847 Thread 0x0000022427b47330 flushing  nmethod 0x0000022414502a90
Event: 12.847 Thread 0x0000022427b47330 flushing  nmethod 0x0000022414503790
Event: 12.847 Thread 0x0000022427b47330 flushing  nmethod 0x0000022414505210
Event: 12.847 Thread 0x0000022427b47330 flushing  nmethod 0x0000022414505610
Event: 12.847 Thread 0x0000022427b47330 flushing  nmethod 0x0000022414507510
Event: 12.847 Thread 0x0000022427b47330 flushing  nmethod 0x0000022414508f10
Event: 12.847 Thread 0x0000022427b47330 flushing  nmethod 0x0000022414509710
Event: 12.847 Thread 0x0000022427b47330 flushing  nmethod 0x000002241450a190
Event: 12.847 Thread 0x0000022427b47330 flushing  nmethod 0x000002241450a690
Event: 12.847 Thread 0x0000022427b47330 flushing  nmethod 0x000002241450c690
Event: 12.847 Thread 0x0000022427b47330 flushing  nmethod 0x0000022414518510
Event: 12.847 Thread 0x0000022427b47330 flushing  nmethod 0x0000022414525f90
Event: 12.847 Thread 0x0000022427b47330 flushing  nmethod 0x0000022414527090
Event: 12.847 Thread 0x0000022427b47330 flushing  nmethod 0x000002241452c310
Event: 12.847 Thread 0x0000022427b47330 flushing  nmethod 0x0000022414548310
Event: 12.847 Thread 0x0000022427b47330 flushing  nmethod 0x0000022414548810
Event: 12.847 Thread 0x0000022427b47330 flushing  nmethod 0x0000022414549090
Event: 12.847 Thread 0x0000022427b47330 flushing  nmethod 0x0000022414573e90
Event: 12.847 Thread 0x0000022427b47330 flushing  nmethod 0x0000022414578e10

Events (20 events):
Event: 0.051 Thread 0x000002240a6f2440 Thread added: 0x0000022427b28f60
Event: 0.051 Thread 0x000002240a6f2440 Thread added: 0x0000022427b29920
Event: 0.052 Thread 0x000002240a6f2440 Thread added: 0x0000022427b2fb20
Event: 0.052 Thread 0x000002240a6f2440 Thread added: 0x0000022427b30520
Event: 0.052 Thread 0x000002240a6f2440 Thread added: 0x0000022427b47330
Event: 0.083 Thread 0x000002240a6f2440 Thread added: 0x000002246d07aa80
Event: 0.088 Thread 0x000002240a6f2440 Thread added: 0x000002246d07d620
Event: 0.323 Thread 0x000002240a6f2440 Thread added: 0x000002246d2f6bc0
Event: 0.334 Thread 0x000002246d2f6bc0 Thread exited: 0x000002246d2f6bc0
Event: 0.841 Thread 0x0000022427b30520 Thread added: 0x000002246d738b30
Event: 3.105 Thread 0x000002240a6f2440 Thread added: 0x000002246e8b99b0
Event: 7.447 Thread 0x000002246d738b30 Thread exited: 0x000002246d738b30
Event: 10.453 Thread 0x0000022427b30520 Thread added: 0x000002246d738b30
Event: 10.817 Thread 0x000002246d738b30 Thread exited: 0x000002246d738b30
Event: 10.938 Thread 0x0000022427b30520 Thread added: 0x000002246d7385e0
Event: 12.391 Thread 0x000002246d7385e0 Thread exited: 0x000002246d7385e0
Event: 12.997 Thread 0x0000022427b30520 Thread added: 0x000002246d7385e0
Event: 13.983 Thread 0x000002246d7385e0 Thread exited: 0x000002246d7385e0
Event: 14.151 Thread 0x0000022427b30520 Thread added: 0x000002246d738b30
Event: 14.588 Thread 0x000002246d738b30 Thread exited: 0x000002246d738b30


Dynamic libraries:
0x00007ff7db600000 - 0x00007ff7db60e000 	C:\Program Files\Eclipse Adoptium\jdk-17.0.17.10-hotspot\bin\java.exe
0x00007ff963050000 - 0x00007ff963248000 	C:\WINDOWS\SYSTEM32\ntdll.dll
0x00007ff962ea0000 - 0x00007ff962f62000 	C:\WINDOWS\System32\KERNEL32.DLL
0x00007ff960d70000 - 0x00007ff961066000 	C:\WINDOWS\System32\KERNELBASE.dll
0x00007ff960a50000 - 0x00007ff960b50000 	C:\WINDOWS\System32\ucrtbase.dll
0x00007ff948840000 - 0x00007ff94885e000 	C:\Program Files\Eclipse Adoptium\jdk-17.0.17.10-hotspot\bin\VCRUNTIME140.dll
0x00007ff946890000 - 0x00007ff9468a8000 	C:\Program Files\Eclipse Adoptium\jdk-17.0.17.10-hotspot\bin\jli.dll
0x00007ff961a00000 - 0x00007ff961ba1000 	C:\WINDOWS\System32\USER32.dll
0x00007ff95f600000 - 0x00007ff95f89b000 	C:\WINDOWS\WinSxS\amd64_microsoft.windows.common-controls_6595b64144ccf1df_6.0.19041.6456_none_60b8a6cb71f64256\COMCTL32.dll
0x00007ff960a20000 - 0x00007ff960a42000 	C:\WINDOWS\System32\win32u.dll
0x00007ff962470000 - 0x00007ff96250e000 	C:\WINDOWS\System32\msvcrt.dll
0x00007ff9626b0000 - 0x00007ff9626db000 	C:\WINDOWS\System32\GDI32.dll
0x00007ff960850000 - 0x00007ff960969000 	C:\WINDOWS\System32\gdi32full.dll
0x00007ff9606e0000 - 0x00007ff96077d000 	C:\WINDOWS\System32\msvcp_win.dll
0x00007ff962570000 - 0x00007ff96259f000 	C:\WINDOWS\System32\IMM32.DLL
0x00007ff9488e0000 - 0x00007ff9488ec000 	C:\Program Files\Eclipse Adoptium\jdk-17.0.17.10-hotspot\bin\vcruntime140_1.dll
0x00007ff946800000 - 0x00007ff94688d000 	C:\Program Files\Eclipse Adoptium\jdk-17.0.17.10-hotspot\bin\msvcp140.dll
0x00007ff945b90000 - 0x00007ff9467fb000 	C:\Program Files\Eclipse Adoptium\jdk-17.0.17.10-hotspot\bin\server\jvm.dll
0x00007ff962dc0000 - 0x00007ff962e71000 	C:\WINDOWS\System32\ADVAPI32.dll
0x00007ff962320000 - 0x00007ff9623bf000 	C:\WINDOWS\System32\sechost.dll
0x00007ff961720000 - 0x00007ff961840000 	C:\WINDOWS\System32\RPCRT4.dll
0x00007ff960b50000 - 0x00007ff960b77000 	C:\WINDOWS\System32\bcrypt.dll
0x00007ff962810000 - 0x00007ff96287b000 	C:\WINDOWS\System32\WS2_32.dll
0x00007ff950ac0000 - 0x00007ff950ae7000 	C:\WINDOWS\SYSTEM32\WINMM.dll
0x00007ff95cff0000 - 0x00007ff95cffa000 	C:\WINDOWS\SYSTEM32\VERSION.dll
0x00007ff960540000 - 0x00007ff96058b000 	C:\WINDOWS\SYSTEM32\POWRPROF.dll
0x00007ff960520000 - 0x00007ff960532000 	C:\WINDOWS\SYSTEM32\UMPDC.dll
0x00007ff95de90000 - 0x00007ff95dea2000 	C:\WINDOWS\SYSTEM32\kernel.appcore.dll
0x00007ff948830000 - 0x00007ff94883a000 	C:\Program Files\Eclipse Adoptium\jdk-17.0.17.10-hotspot\bin\jimage.dll
0x00007ff95fff0000 - 0x00007ff9601f1000 	C:\WINDOWS\SYSTEM32\DBGHELP.DLL
0x00007ff95f9a0000 - 0x00007ff95f9d4000 	C:\WINDOWS\SYSTEM32\dbgcore.DLL
0x00007ff960ce0000 - 0x00007ff960d62000 	C:\WINDOWS\System32\bcryptPrimitives.dll
0x00007ff945b60000 - 0x00007ff945b85000 	C:\Program Files\Eclipse Adoptium\jdk-17.0.17.10-hotspot\bin\java.dll
0x00007ff945a80000 - 0x00007ff945b57000 	C:\Program Files\Eclipse Adoptium\jdk-17.0.17.10-hotspot\bin\jsvml.dll
0x00007ff961bb0000 - 0x00007ff962320000 	C:\WINDOWS\System32\SHELL32.dll
0x00007ff95e090000 - 0x00007ff95e835000 	C:\WINDOWS\SYSTEM32\windows.storage.dll
0x00007ff961070000 - 0x00007ff9613c4000 	C:\WINDOWS\System32\combase.dll
0x00007ff95fc10000 - 0x00007ff95fc3b000 	C:\WINDOWS\SYSTEM32\Wldp.dll
0x00007ff962880000 - 0x00007ff96294d000 	C:\WINDOWS\System32\OLEAUT32.dll
0x00007ff962600000 - 0x00007ff9626ad000 	C:\WINDOWS\System32\SHCORE.dll
0x00007ff962510000 - 0x00007ff96256b000 	C:\WINDOWS\System32\shlwapi.dll
0x00007ff960610000 - 0x00007ff960634000 	C:\WINDOWS\SYSTEM32\profapi.dll
0x00007ff945a60000 - 0x00007ff945a7a000 	C:\Program Files\Eclipse Adoptium\jdk-17.0.17.10-hotspot\bin\net.dll
0x00007ff956f00000 - 0x00007ff95700a000 	C:\WINDOWS\SYSTEM32\WINHTTP.dll
0x00007ff95f930000 - 0x00007ff95f99a000 	C:\WINDOWS\system32\mswsock.dll
0x00007ff945a40000 - 0x00007ff945a56000 	C:\Program Files\Eclipse Adoptium\jdk-17.0.17.10-hotspot\bin\nio.dll
0x00007ff945a20000 - 0x00007ff945a38000 	C:\Program Files\Eclipse Adoptium\jdk-17.0.17.10-hotspot\bin\zip.dll
0x00007ff9529c0000 - 0x00007ff9529e4000 	C:\ProgramData\chocolatey\lib\maven\apache-maven-3.9.11\lib\jansi-native\Windows\x86_64\jansi.dll
0x00007ff957110000 - 0x00007ff957120000 	C:\Program Files\Eclipse Adoptium\jdk-17.0.17.10-hotspot\bin\verify.dll

dbghelp: loaded successfully - version: 4.0.5 - missing functions: none
symbol engine: initialized successfully - sym options: 0x614 - pdb path: .;C:\Program Files\Eclipse Adoptium\jdk-17.0.17.10-hotspot\bin;C:\WINDOWS\SYSTEM32;C:\WINDOWS\WinSxS\amd64_microsoft.windows.common-controls_6595b64144ccf1df_6.0.19041.6456_none_60b8a6cb71f64256;C:\Program Files\Eclipse Adoptium\jdk-17.0.17.10-hotspot\bin\server;C:\ProgramData\chocolatey\lib\maven\apache-maven-3.9.11\lib\jansi-native\Windows\x86_64

VM Arguments:
jvm_args: --enable-native-access=ALL-UNNAMED -Dclassworlds.conf=C:\ProgramData\chocolatey\lib\maven\apache-maven-3.9.11\bin\m2.conf -Dmaven.home=C:\ProgramData\chocolatey\lib\maven\apache-maven-3.9.11 -Dlibrary.jansi.path=C:\ProgramData\chocolatey\lib\maven\apache-maven-3.9.11\lib\jansi-native -Dmaven.multiModuleProjectDirectory=C:\Users\cypri\Desktop\apps\sadec 
java_command: org.codehaus.plexus.classworlds.launcher.Launcher spring-boot:run
java_class_path (initial): C:\ProgramData\chocolatey\lib\maven\apache-maven-3.9.11\boot\plexus-classworlds-2.9.0.jar
Launcher Type: SUN_STANDARD

[Global flags]
     intx CICompilerCount                          = 3                                         {product} {ergonomic}
     uint ConcGCThreads                            = 1                                         {product} {ergonomic}
     uint G1ConcRefinementThreads                  = 4                                         {product} {ergonomic}
   size_t G1HeapRegionSize                         = 1048576                                   {product} {ergonomic}
    uintx GCDrainStackTargetSize                   = 64                                        {product} {ergonomic}
   size_t InitialHeapSize                          = 67108864                                  {product} {ergonomic}
   size_t MarkStackSize                            = 4194304                                   {product} {ergonomic}
   size_t MaxHeapSize                              = 1044381696                                {product} {ergonomic}
   size_t MaxNewSize                               = 625999872                                 {product} {ergonomic}
   size_t MinHeapDeltaBytes                        = 1048576                                   {product} {ergonomic}
   size_t MinHeapSize                              = 8388608                                   {product} {ergonomic}
    uintx NonNMethodCodeHeapSize                   = 5832780                                {pd product} {ergonomic}
    uintx NonProfiledCodeHeapSize                  = 122912730                              {pd product} {ergonomic}
    uintx ProfiledCodeHeapSize                     = 122912730                              {pd product} {ergonomic}
    uintx ReservedCodeCacheSize                    = 251658240                              {pd product} {ergonomic}
     bool SegmentedCodeCache                       = true                                      {product} {ergonomic}
   size_t SoftMaxHeapSize                          = 1044381696                             {manageable} {ergonomic}
     bool UseCompressedClassPointers               = true                           {product lp64_product} {ergonomic}
     bool UseCompressedOops                        = true                           {product lp64_product} {ergonomic}
     bool UseG1GC                                  = true                                      {product} {ergonomic}
     bool UseLargePagesIndividualAllocation        = false                                  {pd product} {ergonomic}

Logging:
Log output configuration:
 #0: stdout all=warning uptime,level,tags
 #1: stderr all=off uptime,level,tags

Environment Variables:
PATH=C:\Program Files\Eclipse Adoptium\jdk-17.0.17.10-hotspot\bin;C:\Program Files\Eclipse Adoptium\jdk-21.0.9.10-hotspot\bin;C:\Python314\Scripts\;C:\Python314\;C:\Program Files (x86)\Common Files\Intel\Shared Libraries\redist\intel64\compiler;C:\WINDOWS\system32;C:\WINDOWS;C:\WINDOWS\System32\Wbem;C:\WINDOWS\System32\WindowsPowerShell\v1.0\;C:\WINDOWS\System32\OpenSSH\;C:\Program Files\Microsoft VS Code\bin;C:\Program Files\Git\cmd;C:\Program Files\nodejs\;C:\ProgramData\chocolatey\bin;C:\ProgramData\chocolatey\lib\maven\apache-maven-3.9.11\bin;C:\Program Files\Docker\Docker\resources\bin;C:\Program Files (x86)\cloudflared\;C:\Program Files\MySQL\MySQL Shell 8.0\bin\;C:\Users\cypri\AppData\Local\Microsoft\WindowsApps;C:\Users\cypri\AppData\Roaming\npm;C:\flutter\bin
USERNAME=cypri
OS=Windows_NT
PROCESSOR_IDENTIFIER=Intel64 Family 6 Model 42 Stepping 7, GenuineIntel
TMP=C:\Users\cypri\AppData\Local\Temp
TEMP=C:\Users\cypri\AppData\Local\Temp



Periodic native trim disabled


---------------  S Y S T E M  ---------------

OS:
 Windows 10 , 64 bit Build 19041 (10.0.19041.5915)
OS uptime: 0 days 1:27 hours
Hyper-V role detected

CPU: total 4 (initial active 4) (2 cores per cpu, 2 threads per core) family 6 model 42 stepping 7 microcode 0x2f, cx8, cmov, fxsr, ht, mmx, sse, sse2, sse3, ssse3, sse4.1, sse4.2, popcnt, tsc, tscinvbit, avx, clmul, vzeroupper, clflush, hv
Processor Information for all 4 processors :
  Max Mhz: 3300, Current Mhz: 3300, Mhz Limit: 3300

Memory: 4k page, system-wide physical 3976M (534M free)
TotalPageFile size 10888M (AvailPageFile size 3527M)
current process WorkingSet (physical memory assigned to process): 217M, peak: 220M
current process commit charge ("private bytes"): 408M, peak: 414M

vm_info: OpenJDK 64-Bit Server VM (17.0.17+10) for windows-amd64 JRE (17.0.17+10), built on Oct 21 2025 23:25:32 by "admin" with unknown MS VC++:1942

END.
